Log file open, 12/04/18 15:59:38
LogWindows: Failed to load 'aqProf.dll' (GetLastError=126)
LogWindows: File 'aqProf.dll' does not exist
LogWindows: Failed to load 'VSPerf140.dll' (GetLastError=126)
LogWindows: File 'VSPerf140.dll' does not exist
LogWindows: Failed to load 'VtuneApi.dll' (GetLastError=126)
LogWindows: File 'VtuneApi.dll' does not exist
LogWindows: Failed to load 'VtuneApi32e.dll' (GetLastError=126)
LogWindows: File 'VtuneApi32e.dll' does not exist
LogInit: Display: Running engine for game: VRCourse_Project1
LogPlatformFile: Not using cached read wrapper
LogTaskGraph: Started task graph with 5 named threads and 23 total threads with 3 sets of task threads.
LogStats: Stats thread started at 0.333915
LogD3D11RHI: Loaded GFSDK_Aftermath_Lib.x64.dll
LogICUInternationalization: Display: ICU TimeZone Detection - Raw Offset: +2:00, Platform Override: ''
LogPluginManager: Mounting plugin Paper2D
LogPluginManager: Mounting plugin AISupport
LogPluginManager: Mounting plugin LightPropagationVolume
LogPluginManager: Mounting plugin CLionSourceCodeAccess
LogPluginManager: Mounting plugin CodeLiteSourceCodeAccess
LogPluginManager: Mounting plugin GitSourceControl
LogPluginManager: Mounting plugin KDevelopSourceCodeAccess
LogPluginManager: Mounting plugin NullSourceCodeAccess
LogPluginManager: Mounting plugin PerforceSourceControl
LogPluginManager: Mounting plugin SubversionSourceControl
LogPluginManager: Mounting plugin UObjectPlugin
LogPluginManager: Mounting plugin VisualStudioCodeSourceCodeAccess
LogPluginManager: Mounting plugin VisualStudioSourceCodeAccess
LogPluginManager: Mounting plugin XCodeSourceCodeAccess
LogPluginManager: Mounting plugin AssetManagerEditor
LogPluginManager: Mounting plugin CryptoKeys
LogPluginManager: Mounting plugin DataValidation
LogPluginManager: Mounting plugin FacialAnimation
LogPluginManager: Mounting plugin GameplayTagsEditor
LogPluginManager: Mounting plugin MacGraphicsSwitching
LogPluginManager: Mounting plugin MeshEditor
LogPluginManager: Mounting plugin MobileLauncherProfileWizard
LogPluginManager: Mounting plugin PluginBrowser
LogPluginManager: Mounting plugin SpeedTreeImporter
LogPluginManager: Mounting plugin DatasmithContent
LogPluginManager: Mounting plugin AlembicImporter
LogPluginManager: Mounting plugin AppleImageUtils
LogPluginManager: Mounting plugin AppleVision
LogPluginManager: Mounting plugin BackChannel
LogPluginManager: Mounting plugin CharacterAI
LogPluginManager: Mounting plugin GeometryCache
LogPluginManager: Mounting plugin HTML5Networking
LogPluginManager: Mounting plugin ProxyLODPlugin
LogPluginManager: Mounting plugin MagicLeap
LogPluginManager: Mounting plugin MagicLeapEmulator
LogPluginManager: Mounting plugin MagicLeapMedia
LogPluginManager: Mounting plugin AndroidMedia
LogPluginManager: Mounting plugin AvfMedia
LogPluginManager: Mounting plugin ImgMedia
LogPluginManager: Mounting plugin LinearTimecode
LogPluginManager: Mounting plugin MediaCompositing
LogPluginManager: Mounting plugin MediaPlayerEditor
LogPluginManager: Mounting plugin WmfMedia
LogPluginManager: Mounting plugin TcpMessaging
LogPluginManager: Mounting plugin UdpMessaging
LogPluginManager: Mounting plugin ActorSequence
LogPluginManager: Mounting plugin LevelSequenceEditor
LogPluginManager: Mounting plugin MatineeToLevelSequence
LogPluginManager: Mounting plugin NetcodeUnitTest
LogPluginManager: Mounting plugin NUTUnrealEngine4
LogPluginManager: Mounting plugin OnlineSubsystemGooglePlay
LogPluginManager: Mounting plugin OnlineSubsystemIOS
LogPluginManager: Mounting plugin OnlineSubsystem
LogPluginManager: Mounting plugin OnlineSubsystemNull
LogPluginManager: Mounting plugin OnlineSubsystemUtils
LogPluginManager: Mounting plugin LauncherChunkInstaller
LogPluginManager: Mounting plugin AndroidDeviceProfileSelector
LogPluginManager: Mounting plugin AndroidMoviePlayer
LogPluginManager: Mounting plugin AndroidPermission
LogPluginManager: Mounting plugin AppleMoviePlayer
LogPluginManager: Mounting plugin ArchVisCharacter
LogPluginManager: Mounting plugin AudioCapture
LogPluginManager: Mounting plugin CableComponent
LogPluginManager: Mounting plugin CustomMeshComponent
LogPluginManager: Mounting plugin EditableMesh
LogPluginManager: Mounting plugin ExampleDeviceProfileSelector
LogPluginManager: Mounting plugin GoogleCloudMessaging
LogPluginManager: Mounting plugin ImmediatePhysics
LogPluginManager: Mounting plugin IOSDeviceProfileSelector
LogPluginManager: Mounting plugin LinuxDeviceProfileSelector
LogPluginManager: Mounting plugin LocationServicesBPLibrary
LogPluginManager: Mounting plugin MobilePatchingUtils
LogPluginManager: Mounting plugin OculusVR
LogPluginManager: Plugin shader directory ../../../Engine/Plugins/Runtime/Oculus/OculusVR/Shaders found
LogPluginManager: Mapping shader source directory ../../../Engine/Plugins/Runtime/Oculus/OculusVR/Shaders to virtual directory /Plugin/OculusVR
LogPluginManager: Mounting plugin PhysXVehicles
LogPluginManager: Mounting plugin ProceduralMeshComponent
LogPluginManager: Mounting plugin RuntimePhysXCooking
LogPluginManager: Mounting plugin SteamVR
LogPluginManager: Mounting plugin WindowsMoviePlayer
LogStreaming: Display: Took  0.122s to configure plugins.
LogInit: Using libcurl 7.55.1-DEV
LogInit:  - built for x86_64-pc-win32
LogInit:  - supports SSL with OpenSSL/1.0.2h
LogInit:  - supports HTTP deflate (compression) using libz 1.2.8
LogInit:  - other features:
LogInit:      CURL_VERSION_SSL
LogInit:      CURL_VERSION_LIBZ
LogInit:      CURL_VERSION_IPV6
LogInit:      CURL_VERSION_ASYNCHDNS
LogInit:      CURL_VERSION_LARGEFILE
LogInit:      CURL_VERSION_IDN
LogInit:  CurlRequestOptions (configurable via config and command line):
LogInit:  - bVerifyPeer = false  - Libcurl will NOT verify peer certificate
LogInit:  - bUseHttpProxy = false  - Libcurl will NOT use HTTP proxy
LogInit:  - bDontReuseConnections = false  - Libcurl will reuse connections
LogInit:  - CertBundlePath = nullptr  - Libcurl will use whatever was configured at build time.
LogInit:  - MaxHostConnections = 16  - Libcurl will limit the number of connections to a host
LogInit:  - LocalHostAddr = Default
LogInit:  - BufferSize = 65536
LogInit: WinSock: version 1.1 (2.2), MaxSocks=32767, MaxUdp=65467
LogInit: Build: ++UE4+Release-4.20-CL-4369336
LogInit: Engine Version: 4.20.3-4369336+++UE4+Release-4.20
LogInit: Compatible Engine Version: 4.20.0-4212847+++UE4+Release-4.20
LogInit: Net CL: 4212847
LogInit: OS: Windows 10 (), CPU: Intel(R) Core(TM) i7-6700HQ CPU @ 2.60GHz, GPU: Intel(R) HD Graphics 530
LogInit: Compiled (64-bit): Sep 17 2018 12:26:19
LogInit: Compiled with Visual C++: 19.13.26129.00
LogInit: Build Configuration: Development
LogInit: Branch Name: ++UE4+Release-4.20
LogInit: Command Line: 
LogInit: Base Directory: D:/Program Files/Epic Games/UE_4.20/Engine/Binaries/Win64/
LogInit: Installed Engine Build: 1
LogDevObjectVersion: Number of dev versions registered: 20
LogDevObjectVersion:   Dev-Blueprints (B0D832E4-1F89-4F0D-ACCF-7EB736FD4AA2): 10
LogDevObjectVersion:   Dev-Build (E1C64328-A22C-4D53-A36C-8E866417BD8C): 0
LogDevObjectVersion:   Dev-Core (375EC13C-06E4-48FB-B500-84F0262A717E): 2
LogDevObjectVersion:   Dev-Editor (E4B068ED-F494-42E9-A231-DA0B2E46BB41): 24
LogDevObjectVersion:   Dev-Framework (CFFC743F-43B0-4480-9391-14DF171D2073): 34
LogDevObjectVersion:   Dev-Mobile (B02B49B5-BB20-44E9-A304-32B752E40360): 2
LogDevObjectVersion:   Dev-Networking (A4E4105C-59A1-49B5-A7C5-40C4547EDFEE): 0
LogDevObjectVersion:   Dev-Online (39C831C9-5AE6-47DC-9A44-9C173E1C8E7C): 0
LogDevObjectVersion:   Dev-Physics (78F01B33-EBEA-4F98-B9B4-84EACCB95AA2): 0
LogDevObjectVersion:   Dev-Platform (6631380F-2D4D-43E0-8009-CF276956A95A): 0
LogDevObjectVersion:   Dev-Rendering (12F88B9F-8875-4AFC-A67C-D90C383ABD29): 26
LogDevObjectVersion:   Dev-Sequencer (7B5AE74C-D270-4C10-A958-57980B212A5A): 9
LogDevObjectVersion:   Dev-VR (D7296918-1DD6-4BDD-9DE2-64A83CC13884): 2
LogDevObjectVersion:   Dev-LoadTimes (C2A15278-BFE7-4AFE-6C17-90FF531DF755): 1
LogDevObjectVersion:   Private-Geometry (6EACA3D4-40EC-4CC1-B786-8BED09428FC5): 3
LogDevObjectVersion:   Dev-AnimPhys (29E575DD-E0A3-4627-9D10-D276232CDCEA): 17
LogDevObjectVersion:   Dev-ReflectionCapture (6B266CEC-1EC7-4B8F-A30B-E4D90942FC07): 1
LogDevObjectVersion:   Dev-Automation (0DF73D61-A23F-47EA-B727-89E90C41499A): 1
LogDevObjectVersion:   FortniteMain (601D1886-AC64-4F84-AA16-D3DE0DEAC7D6): 12
LogDevObjectVersion:   Dev-Enterprise (9DFFBCD6-494F-0158-E221-12823C92A888): 1
LogStreaming: Display: Took  0.001s to delete old logs.
LogInit: Presizing for max 8388607 objects, including 0 objects not considered by GC, pre-allocating 0 bytes for permanent pool.
LogInit: Object subsystem initialized
[2018.12.04-13.59.38:520][  0]LogInit: Selected Device Profile: [Windows]
[2018.12.04-13.59.38:520][  0]LogInit: Applying CVar settings loaded from the selected device profile: [Windows]
[2018.12.04-13.59.38:548][  0]LogHAL: Display: Platform has ~ 16 GB [17033637888 / 17179869184 / 16], which maps to Larger [LargestMinGB=32, LargerMinGB=12, DefaultMinGB=8, SmallerMinGB=6, SmallestMinGB=0)
[2018.12.04-13.59.38:548][  0]LogInit: Setting Device Profile CVar: [[r.Vulkan.UseRealUBs:1]]
[2018.12.04-13.59.38:548][  0]LogInit: Going up to parent DeviceProfile []
[2018.12.04-13.59.38:548][  0]LogInit: Computer: DESKTOP-M7SSLMQ
[2018.12.04-13.59.38:549][  0]LogInit: User: erana
[2018.12.04-13.59.38:549][  0]LogInit: CPU Page size=4096, Cores=4
[2018.12.04-13.59.38:549][  0]LogInit: High frequency timer resolution =10.000000 MHz
[2018.12.04-13.59.38:549][  0]LogMemory: Memory total: Physical=15.9GB (16GB approx)
[2018.12.04-13.59.38:549][  0]LogMemory: Platform Memory Stats for Windows
[2018.12.04-13.59.38:549][  0]LogMemory: Process Physical Memory: 100.22 MB used, 100.23 MB peak
[2018.12.04-13.59.38:549][  0]LogMemory: Process Virtual Memory: 91.02 MB used, 91.02 MB peak
[2018.12.04-13.59.38:549][  0]LogMemory: Physical Memory: 6707.38 MB used,  9537.16 MB free, 16244.54 MB total
[2018.12.04-13.59.38:549][  0]LogMemory: Virtual Memory: 4642.32 MB used,  9537.16 MB free, 134217728.00 MB total
[2018.12.04-13.59.38:575][  0]LogInit: Using OS detected language (en-US).
[2018.12.04-13.59.38:575][  0]LogInit: Using OS detected locale (en-US).
[2018.12.04-13.59.38:576][  0]LogTextLocalizationManager: No specific localization for 'en-US' exists, so the 'en' localization will be used.
[2018.12.04-13.59.39:088][  0]LogStreaming: Display: Took  0.513s to InitEngineTextLocalization.
[2018.12.04-13.59.39:089][  0]LogInit: Setting process to per monitor DPI aware
[2018.12.04-13.59.39:134][  0]LogSlate: New Slate User Created.  User Index 0, Is Virtual User: 0
[2018.12.04-13.59.39:134][  0]LogSlate: Slate User Registered.  User Index 0, Is Virtual User: 0
[2018.12.04-13.59.39:397][  0]LogHMD: Failed to initialize OpenVR with code 110
[2018.12.04-13.59.39:397][  0]LogD3D11RHI: D3D11 adapters:
[2018.12.04-13.59.39:480][  0]LogD3D11RHI:    0. 'NVIDIA GeForce GTX 960M' (Feature Level 11_0)
[2018.12.04-13.59.39:480][  0]LogD3D11RHI:       4055/0/8122 MB DedicatedVideo/DedicatedSystem/SharedSystem, Outputs:1, VendorId:0x10de
[2018.12.04-13.59.39:487][  0]LogD3D11RHI:    1. 'Intel(R) HD Graphics 530' (Feature Level 11_0)
[2018.12.04-13.59.39:487][  0]LogD3D11RHI:       128/0/8122 MB DedicatedVideo/DedicatedSystem/SharedSystem, Outputs:0, VendorId:0x8086
[2018.12.04-13.59.39:490][  0]LogD3D11RHI:    2. 'Microsoft Basic Render Driver' (Feature Level 11_0)
[2018.12.04-13.59.39:490][  0]LogD3D11RHI:       0/0/8122 MB DedicatedVideo/DedicatedSystem/SharedSystem, Outputs:0, VendorId:0x1414
[2018.12.04-13.59.39:490][  0]LogD3D11RHI: Chosen D3D11 Adapter: 0
[2018.12.04-13.59.39:537][  0]LogD3D11RHI: Creating new Direct3DDevice
[2018.12.04-13.59.39:537][  0]LogD3D11RHI:     GPU DeviceId: 0x139b (for the marketing name, search the web for "GPU Device Id")
[2018.12.04-13.59.39:537][  0]LogWindows: EnumDisplayDevices:
[2018.12.04-13.59.39:537][  0]LogWindows:    0. 'Intel(R) HD Graphics 530' (P:1 D:1)
[2018.12.04-13.59.39:537][  0]LogWindows:    1. 'Intel(R) HD Graphics 530' (P:0 D:0)
[2018.12.04-13.59.39:538][  0]LogWindows:    2. 'Intel(R) HD Graphics 530' (P:0 D:0)
[2018.12.04-13.59.39:538][  0]LogWindows: DebugString: PrimaryIsNotTheChoosenAdapter PrimaryIsNotTheChoosenAdapter PrimaryIsNotTheChoosenAdapter FoundDriverCount:0 
[2018.12.04-13.59.39:538][  0]LogD3D11RHI:     Adapter Name: NVIDIA GeForce GTX 960M
[2018.12.04-13.59.39:538][  0]LogD3D11RHI:   Driver Version: Unknown (internal:Unknown, unified:Unknown)
[2018.12.04-13.59.39:538][  0]LogD3D11RHI:      Driver Date: Unknown
[2018.12.04-13.59.39:538][  0]LogRHI: Texture pool is 2839 MB (70% of 4055 MB)
[2018.12.04-13.59.39:589][  0]LogD3D11RHI: Async texture creation enabled
[2018.12.04-13.59.39:613][  0]LogD3D11RHI: GPU Timing Frequency: 1000.000000 (Debug: 2 2)
[2018.12.04-13.59.39:615][  0]LogShaderCompilers: Guid format shader working directory is -5 characters bigger than the processId version (../../../../../../Unreal Projects/VRCourse_Project1/Intermediate/Shaders/WorkingDirectory/4996/).
[2018.12.04-13.59.39:615][  0]LogShaderCompilers: Cleaned the shader compiler working directory 'C:/Users/erana/AppData/Local/Temp/UnrealShaderWorkingDir/CA58734941857DB161C6A6990712582E/'.
[2018.12.04-13.59.40:009][  0]LogTemp: Display: Loaded TP AllDesktopTargetPlatform
[2018.12.04-13.59.40:025][  0]LogTemp: Display: Loaded TP MacClientTargetPlatform
[2018.12.04-13.59.40:048][  0]LogTemp: Display: Loaded TP MacNoEditorTargetPlatform
[2018.12.04-13.59.40:063][  0]LogTemp: Display: Loaded TP MacServerTargetPlatform
[2018.12.04-13.59.40:081][  0]LogTemp: Display: Loaded TP MacTargetPlatform
[2018.12.04-13.59.40:100][  0]LogTemp: Display: Loaded TP WindowsClientTargetPlatform
[2018.12.04-13.59.40:115][  0]LogTemp: Display: Loaded TP WindowsNoEditorTargetPlatform
[2018.12.04-13.59.40:130][  0]LogTemp: Display: Loaded TP WindowsServerTargetPlatform
[2018.12.04-13.59.40:137][  0]LogTemp: Display: Loaded TP WindowsTargetPlatform
[2018.12.04-13.59.40:236][  0]LogTemp: Display: Loaded TP AndroidTargetPlatform
[2018.12.04-13.59.40:236][  0]LogTemp: Display: Loaded TP AndroidTargetPlatform
[2018.12.04-13.59.40:236][  0]LogTemp: Display: Loaded TP AndroidTargetPlatform
[2018.12.04-13.59.40:236][  0]LogTemp: Display: Loaded TP AndroidTargetPlatform
[2018.12.04-13.59.40:236][  0]LogTemp: Display: Loaded TP AndroidTargetPlatform
[2018.12.04-13.59.40:236][  0]LogTemp: Display: Loaded TP AndroidTargetPlatform
[2018.12.04-13.59.40:236][  0]LogTemp: Display: Loaded TP AndroidTargetPlatform
[2018.12.04-13.59.40:236][  0]LogTemp: Display: Loaded TP AndroidTargetPlatform
[2018.12.04-13.59.40:236][  0]LogTemp: Display: Loaded TP AndroidTargetPlatform
[2018.12.04-13.59.40:236][  0]LogTemp: Display: Loaded TP AndroidTargetPlatform
[2018.12.04-13.59.40:236][  0]LogTemp: Display: Loaded TP AndroidTargetPlatform
[2018.12.04-13.59.40:236][  0]LogTemp: Display: Loaded TP AndroidTargetPlatform
[2018.12.04-13.59.40:237][  0]LogTemp: Display: Loaded TP AndroidTargetPlatform
[2018.12.04-13.59.40:237][  0]LogTemp: Display: Loaded TP AndroidTargetPlatform
[2018.12.04-13.59.40:237][  0]LogTemp: Display: Loaded TP AndroidTargetPlatform
[2018.12.04-13.59.40:237][  0]LogTemp: Display: Loaded TP AndroidTargetPlatform
[2018.12.04-13.59.40:237][  0]LogTemp: Display: Loaded TP AndroidTargetPlatform
[2018.12.04-13.59.40:237][  0]LogTemp: Display: Loaded TP AndroidTargetPlatform
[2018.12.04-13.59.40:238][  0]LogTemp: Display: Loaded TP HTML5TargetPlatform
[2018.12.04-13.59.40:303][  0]LogTemp: Display: Loaded TP IOSTargetPlatform
[2018.12.04-13.59.40:303][  0]LogTemp: Display: Loaded TP IOSTargetPlatform
[2018.12.04-13.59.40:346][  0]LogTemp: Display: Loaded TP TVOSTargetPlatform
[2018.12.04-13.59.40:346][  0]LogTemp: Display: Loaded TP TVOSTargetPlatform
[2018.12.04-13.59.40:361][  0]LogTemp: Display: Loaded TP LinuxClientTargetPlatform
[2018.12.04-13.59.40:374][  0]LogTemp: Display: Loaded TP LinuxNoEditorTargetPlatform
[2018.12.04-13.59.40:392][  0]LogTemp: Display: Loaded TP LinuxServerTargetPlatform
[2018.12.04-13.59.40:416][  0]LogTemp: Display: Loaded TP LinuxTargetPlatform
[2018.12.04-13.59.40:434][  0]LogTemp: Display: Loaded TP LuminTargetPlatform
[2018.12.04-13.59.40:434][  0]LogTargetPlatformManager: Display: Building Assets For Windows
[2018.12.04-13.59.40:486][  0]LogXGEController: Cannot use XGE Controller as Incredibuild is not installed on this machine.
[2018.12.04-13.59.40:486][  0]LogShaderCompilers: Cannot use XGE Shader Compiler as Incredibuild is not installed on this machine.
[2018.12.04-13.59.40:486][  0]LogShaderCompilers: Display: Using Local Shader Compiler.
[2018.12.04-13.59.41:506][  0]LogDerivedDataCache: Display: Max Cache Size: 512 MB
[2018.12.04-13.59.41:591][  0]LogDerivedDataCache: Loaded boot cache 0.09s 71MB C:/Users/erana/AppData/Local/UnrealEngine/4.20/DerivedDataCache/Boot.ddc.
[2018.12.04-13.59.41:592][  0]LogDerivedDataCache: Display: Loaded Boot cache: C:/Users/erana/AppData/Local/UnrealEngine/4.20/DerivedDataCache/Boot.ddc
[2018.12.04-13.59.41:592][  0]LogDerivedDataCache: FDerivedDataBackendGraph:  Pak pak cache file ../../../../../../Unreal Projects/VRCourse_Project1/DerivedDataCache/DDC.ddp not found, will not use a pak cache.
[2018.12.04-13.59.41:592][  0]LogDerivedDataCache: Unable to find inner node Pak for hierarchical cache Hierarchy.
[2018.12.04-13.59.41:592][  0]LogDerivedDataCache: FDerivedDataBackendGraph:  CompressedPak pak cache file ../../../../../../Unreal Projects/VRCourse_Project1/DerivedDataCache/Compressed.ddp not found, will not use a pak cache.
[2018.12.04-13.59.41:592][  0]LogDerivedDataCache: Unable to find inner node CompressedPak for hierarchical cache Hierarchy.
[2018.12.04-13.59.41:607][  0]LogDerivedDataCache: Display: Pak cache opened for reading ../../../Engine/DerivedDataCache/Compressed.ddp.
[2018.12.04-13.59.41:620][  0]LogDerivedDataCache: Using Local data cache path C:/Users/erana/AppData/Local/UnrealEngine/Common/DerivedDataCache: Writable
[2018.12.04-13.59.41:620][  0]LogDerivedDataCache: Shared data cache path not found in *engine.ini, will not use an Shared cache.
[2018.12.04-13.59.41:620][  0]LogDerivedDataCache: Unable to find inner node Shared for hierarchical cache Hierarchy.
[2018.12.04-13.59.41:650][  0]LogMaterial: Verifying Global Shaders for PCD3D_SM5
[2018.12.04-13.59.41:651][  0]LogSlate: Using FreeType 2.6.0
[2018.12.04-13.59.41:652][  0]LogSlate: SlateFontServices - WITH_FREETYPE: 1, WITH_HARFBUZZ: 1
[2018.12.04-13.59.41:738][  0]LogAssetRegistry: FAssetRegistry took 0.0261 seconds to start up
[2018.12.04-13.59.42:193][  0]LogInit: Selected Device Profile: [Windows]
[2018.12.04-13.59.42:257][  0]LogSimplygon: Simplygon DLL not present - disabling.
[2018.12.04-13.59.42:261][  0]LogMeshReduction: Using SimplygonSwarm for distributed automatic mesh merging
[2018.12.04-13.59.42:261][  0]LogMeshReduction: Using ProxyLODMeshReduction for automatic mesh merging
[2018.12.04-13.59.42:261][  0]LogMeshReduction: Using QuadricMeshReduction for automatic static mesh reduction
[2018.12.04-13.59.42:261][  0]LogMeshReduction: No automatic skeletal mesh reduction module available
[2018.12.04-13.59.42:395][  0]LogNetVersion: VRCourse_Project1 1.0.0, NetCL: 4212847, EngineNetVer: 5, GameNetVer: 0 (Checksum: 4066339342)
[2018.12.04-13.59.43:059][  0]LogPackageLocalizationCache: Processed 11 localized package path(s) for 2 prioritized culture(s) in 0.112465 seconds
[2018.12.04-13.59.43:069][  0]LogUObjectArray: 38425 objects as part of root set at end of initial load.
[2018.12.04-13.59.43:069][  0]LogUObjectAllocator: 6690872 out of 0 bytes used by permanent object pool.
[2018.12.04-13.59.43:069][  0]LogUObjectArray: CloseDisregardForGC: 0/0 objects in disregard for GC pool
[2018.12.04-13.59.44:109][  0]LogTcpMessaging: Initializing TcpMessaging bridge
[2018.12.04-13.59.44:123][  0]LogUdpMessaging: Initializing bridge on interface 0.0.0.0:0 to multicast group 230.0.0.1:6666.
[2018.12.04-13.59.44:288][  0]SourceControl: Source control is disabled
[2018.12.04-13.59.44:988][  0]LogAndroidPermission: UAndroidPermissionCallbackProxy::GetInstance
[2018.12.04-13.59.45:087][  0]LogOcInput: OculusInput pre-init called
[2018.12.04-13.59.45:157][  0]LogEngine: Initializing Engine...
[2018.12.04-13.59.45:158][  0]LogHMD: Failed to initialize OpenVR with code 110
[2018.12.04-13.59.45:159][  0]LogStats: UGameplayTagsManager::ConstructGameplayTagTree: ImportINI prefixes -  0.000 s
[2018.12.04-13.59.45:159][  0]LogStats: UGameplayTagsManager::ConstructGameplayTagTree: Construct from data asset -  0.000 s
[2018.12.04-13.59.45:159][  0]LogStats: UGameplayTagsManager::ConstructGameplayTagTree: ImportINI -  0.000 s
[2018.12.04-13.59.45:159][  0]LogStats: UGameplayTagsManager::ConstructGameplayTagTree: GameplayTagTreeChangedEvent.Broadcast -  0.000 s
[2018.12.04-13.59.45:435][  0]LogInit: Initializing FReadOnlyCVARCache
[2018.12.04-13.59.45:447][  0]LogAIModule: Creating AISystem for world Untitled
[2018.12.04-13.59.45:491][  0]LogInit: XAudio2 using 'Speakers (Realtek High Definition Audio)' : 2 channels at 48 kHz using 32 bits per sample (channel mask 0x3)
[2018.12.04-13.59.45:566][  0]LogInit: FAudioDevice initialized.
[2018.12.04-13.59.45:566][  0]LogNetVersion: Set ProjectVersion to 1.0.0.0. Version Checksum will be recalculated on next use.
[2018.12.04-13.59.45:642][  0]LogDerivedDataCache: Saved boot cache 0.08s 71MB C:/Users/erana/AppData/Local/UnrealEngine/4.20/DerivedDataCache/Boot.ddc.
[2018.12.04-13.59.45:653][  0]LogInit: Texture streaming: Enabled
[2018.12.04-13.59.45:668][  0]LogEngineSessionManager: EngineSessionManager initialized
[2018.12.04-13.59.45:681][  0]LogInit: Transaction tracking system initialized
[2018.12.04-13.59.45:697][  0]BlueprintLog: New page: Editor Load
[2018.12.04-13.59.45:759][  0]LocalizationService: Localization service is disabled
[2018.12.04-13.59.45:849][  0]LogLinker: Warning: Can't find file '/Game/ThirdPersonBP/ThirdPersonOverview'
[2018.12.04-13.59.45:849][  0]LogLinker: Warning: Can't find file '/Game/ThirdPersonBP/ThirdPersonOverview'
[2018.12.04-13.59.45:850][  0]LogUObjectGlobals: Warning: Failed to find object 'Class /Game/ThirdPersonBP/ThirdPersonOverview.ThirdPersonOverview_C'
[2018.12.04-13.59.46:085][  0]LogCook: Display: Max memory allowance for cook 16384mb min free memory 0mb
[2018.12.04-13.59.46:085][  0]LogCook: Display: Mobile HDR setting 1
[2018.12.04-13.59.46:085][  0]LogGameplayTags: Display: UGameplayTagsManager::DoneAddingNativeTags. DelegateIsBound: 0
[2018.12.04-13.59.46:085][  0]LogStats: UGameplayTagsManager::ConstructGameplayTagTree: ImportINI prefixes -  0.000 s
[2018.12.04-13.59.46:085][  0]LogStats: UGameplayTagsManager::ConstructGameplayTagTree: Construct from data asset -  0.000 s
[2018.12.04-13.59.46:086][  0]LogStats: UGameplayTagsManager::ConstructGameplayTagTree: ImportINI -  0.000 s
[2018.12.04-13.59.46:086][  0]LogStats: UGameplayTagsManager::ConstructGameplayTagTree: GameplayTagTreeChangedEvent.Broadcast -  0.000 s
[2018.12.04-13.59.46:214][  0]LogFileCache: Scanning file cache for directory 'D:/Unreal Projects/VRCourse_Project1/Content/' took 0.01s
[2018.12.04-13.59.46:214][  0]Cmd: MAP LOAD FILE="../../../../../../Unreal Projects/VRCourse_Project1/Content/ThirdPersonBP/Maps/ThirdPersonExampleMap.umap" TEMPLATE=0 SHOWPROGRESS=1 FEATURELEVEL=3
[2018.12.04-13.59.46:214][  0]LogEditorServer: Warning: Can't find file '../../../../../../Unreal Projects/VRCourse_Project1/Content/ThirdPersonBP/Maps/ThirdPersonExampleMap.umap'
[2018.12.04-13.59.46:214][  0]Cmd: MAP CHECKDEP NOCLEARLOG
[2018.12.04-13.59.46:269][  0]MapCheck: Map check complete: 0 Error(s), 0 Warning(s), took 54.838ms to complete.
[2018.12.04-13.59.46:269][  0]LogFileHelpers: Loading map 'ThirdPersonExampleMap' took 0.055
[2018.12.04-13.59.46:394][  0]LogSlate: Updating window title bar state: overlay mode, drag disabled, window buttons hidden, title bar hidden
[2018.12.04-13.59.46:405][  0]LogSlate: Updating window title bar state: overlay mode, drag disabled, window buttons hidden, title bar hidden
[2018.12.04-13.59.46:415][  0]LogSlate: Updating window title bar state: overlay mode, drag disabled, window buttons hidden, title bar hidden
[2018.12.04-13.59.46:426][  0]LogSlate: Updating window title bar state: overlay mode, drag disabled, window buttons hidden, title bar hidden
[2018.12.04-13.59.46:433][  0]LogCollectionManager: Loaded 0 collections in 0.001522 seconds
[2018.12.04-13.59.46:477][  0]LogFileCache: Scanning file cache for directory 'D:/Unreal Projects/VRCourse_Project1/Saved/Collections/' took 0.01s
[2018.12.04-13.59.46:477][  0]LogFileCache: Scanning file cache for directory 'D:/Unreal Projects/VRCourse_Project1/Content/Developers/erana/Collections/' took 0.01s
[2018.12.04-13.59.46:477][  0]LogFileCache: Scanning file cache for directory 'D:/Unreal Projects/VRCourse_Project1/Content/Collections/' took 0.01s
[2018.12.04-13.59.46:477][  0]LogCollectionManager: Rebuilt the GUID cache for 0 collections in 0.000000 seconds
[2018.12.04-13.59.46:494][  0]LogContentBrowser: Native class hierarchy populated in 0.0171 seconds. Added 2572 classes and 603 folders.
[2018.12.04-13.59.46:501][  0]LogContentBrowser: Native class hierarchy updated for 'WidgetCarousel' in 0.0003 seconds. Added 0 classes and 0 folders.
[2018.12.04-13.59.46:553][  0]LogContentBrowser: Native class hierarchy updated for 'AddContentDialog' in 0.0005 seconds. Added 0 classes and 0 folders.
[2018.12.04-13.59.46:558][  0]LogContentBrowser: Native class hierarchy updated for 'SceneOutliner' in 0.0005 seconds. Added 1 classes and 2 folders.
[2018.12.04-13.59.46:576][  0]LogSlate: Took 0.000218 seconds to synchronously load lazily loaded font '../../../Engine/Content/Slate/Fonts/Roboto-Regular.ttf' (155K)
[2018.12.04-13.59.46:580][  0]LogSlate: Took 0.000218 seconds to synchronously load lazily loaded font '../../../Engine/Content/Slate/Fonts/Roboto-Bold.ttf' (160K)
[2018.12.04-13.59.46:589][  0]LogSlate: Took 0.000748 seconds to synchronously load lazily loaded font '../../../Engine/Content/Editor/Slate/Fonts/FontAwesome.ttf' (139K)
[2018.12.04-13.59.46:712][  0]LogRenderer: Reallocating scene render targets to support 1096x528 Format 10 NumSamples 1 (Frame:1).
[2018.12.04-13.59.47:053][  0]LogContentBrowser: Native class hierarchy updated for 'HierarchicalLODOutliner' in 0.0005 seconds. Added 0 classes and 0 folders.
[2018.12.04-13.59.47:053][  0]LogLoad: (Engine Initialization) Total time: 10.46 seconds
[2018.12.04-13.59.47:053][  0]LogLoad: (Engine Initialization) Total Blueprint compile time: 0.00 seconds
[2018.12.04-13.59.47:088][  0]LogContentStreaming: Texture pool size now 1000 MB
[2018.12.04-13.59.47:157][  2]LogAssetRegistry: Asset discovery search completed in 5.4406 seconds
[2018.12.04-13.59.47:159][  2]LogCollectionManager: Rebuilt the object cache for 0 collections in 0.000000 seconds (found 0 objects)
[2018.12.04-13.59.47:159][  2]LogCollectionManager: Fixed up redirectors for 0 collections in 0.000087 seconds (updated 0 objects)
[2018.12.04-13.59.50:661][227]LogSlate: FSceneViewport::OnFocusLost() reason 0
[2018.12.04-13.59.51:647][292]LogSlate: Took 0.000249 seconds to synchronously load lazily loaded font '../../../Engine/Content/Slate/Fonts/Roboto-Light.ttf' (167K)
[2018.12.04-13.59.52:814][292]LogAIModule: Creating AISystem for world MainMap
[2018.12.04-13.59.52:842][292]LogAssetEditorManager: Opening Asset editor for World /Game/ThirdPersonBP/Maps/MainMap.MainMap
[2018.12.04-13.59.52:875][292]Cmd: MAP LOAD FILE="../../../../../../Unreal Projects/VRCourse_Project1/Content/ThirdPersonBP/Maps/MainMap.umap" TEMPLATE=0 SHOWPROGRESS=1 FEATURELEVEL=3
[2018.12.04-13.59.52:875][292]LightingResults: New page: Lighting Build
[2018.12.04-13.59.52:877][292]LogContentBrowser: Native class hierarchy updated for 'StatsViewer' in 0.0002 seconds. Added 5 classes and 0 folders.
[2018.12.04-13.59.52:878][292]LoadErrors: New page: Loading map: MainMap.umap
[2018.12.04-13.59.52:879][292]MapCheck: New page: Map Check
[2018.12.04-13.59.52:879][292]LightingResults: New page: Lighting Build
[2018.12.04-13.59.52:926][292]LogEditorServer: Finished looking for orphan Actors (0.000 secs)
[2018.12.04-13.59.52:990][292]Cmd: MAP CHECKDEP NOCLEARLOG
[2018.12.04-13.59.53:074][292]MapCheck: Map check complete: 0 Error(s), 0 Warning(s), took 84.309ms to complete.
[2018.12.04-13.59.53:076][292]LogFileHelpers: Loading map 'MainMap' took 0.202
[2018.12.04-13.59.54:967][339]LogTemp: Repeating last play command: Selected Viewport
[2018.12.04-13.59.55:009][339]LogBlueprintUserMessages: Early PlayInEditor Detection: Level '/Game/ThirdPersonBP/Maps/MainMap.MainMap:PersistentLevel' has LevelScriptBlueprint '/Game/ThirdPersonBP/Maps/MainMap.MainMap:PersistentLevel.MainMap' with GeneratedClass '/Game/ThirdPersonBP/Maps/MainMap.MainMap_C' with ClassGeneratedBy '/Game/ThirdPersonBP/Maps/MainMap.MainMap:PersistentLevel.MainMap'
[2018.12.04-13.59.55:009][339]LogPlayLevel: PlayLevel: No blueprints needed recompiling
[2018.12.04-13.59.55:021][339]PIE: New page: PIE session: MainMap (Dec 4, 2018, 5:59:55 PM)
[2018.12.04-13.59.55:021][339]LogPlayLevel: Creating play world package: /Game/ThirdPersonBP/Maps/UEDPIE_0_MainMap
[2018.12.04-13.59.55:065][339]LogPlayLevel: PIE: StaticDuplicateObject took: (0.044126s)
[2018.12.04-13.59.55:067][339]LogAIModule: Creating AISystem for world MainMap
[2018.12.04-13.59.55:067][339]LogPlayLevel: PIE: World Init took: (0.001829s)
[2018.12.04-13.59.55:067][339]LogPlayLevel: PIE: Created PIE world by copying editor world from /Game/ThirdPersonBP/Maps/MainMap.MainMap to /Game/ThirdPersonBP/Maps/UEDPIE_0_MainMap.MainMap (0.046322s)
[2018.12.04-13.59.55:102][339]LogInit: XAudio2 using 'Speakers (Realtek High Definition Audio)' : 2 channels at 48 kHz using 32 bits per sample (channel mask 0x3)
[2018.12.04-13.59.55:123][339]LogInit: FAudioDevice initialized.
[2018.12.04-13.59.55:170][339]LogLoad: Game class is 'ThirdPersonGameMode_C'
[2018.12.04-13.59.55:178][339]LogWorld: Bringing World /Game/ThirdPersonBP/Maps/UEDPIE_0_MainMap.MainMap up for play (max tick rate 0) at 2018.12.04-15.59.55
[2018.12.04-13.59.55:178][339]LogWorld: Bringing up level for play took: 0.006432
[2018.12.04-13.59.55:195][339]LogContentBrowser: Native class hierarchy updated for 'MovieSceneCapture' in 0.0003 seconds. Added 10 classes and 0 folders.
[2018.12.04-13.59.55:196][339]PIE: Play in editor start time for /Game/ThirdPersonBP/Maps/UEDPIE_0_MainMap 0.878
[2018.12.04-13.59.55:197][339]LogBlueprintUserMessages: Late PlayInEditor Detection: Level '/Game/ThirdPersonBP/Maps/MainMap.MainMap:PersistentLevel' has LevelScriptBlueprint '/Game/ThirdPersonBP/Maps/MainMap.MainMap:PersistentLevel.MainMap' with GeneratedClass '/Game/ThirdPersonBP/Maps/MainMap.MainMap_C' with ClassGeneratedBy '/Game/ThirdPersonBP/Maps/MainMap.MainMap:PersistentLevel.MainMap'
[2018.12.04-14.00.02:755][561]Cmd: LevelEditor.ToggleImmersive
[2018.12.04-14.00.02:966][562]LogRenderer: Reallocating scene render targets to support 1484x792 Format 10 NumSamples 1 (Frame:224).
[2018.12.04-14.00.03:035][563]LogRenderer: Reallocating scene render targets to support 1544x832 Format 10 NumSamples 1 (Frame:226).
[2018.12.04-14.00.03:044][563]LogSlate: FSceneViewport::OnFocusLost() reason 2
[2018.12.04-14.00.24:166][ 59]LogBlueprintUserMessages: Early EndPlayMap Detection: Level '/Game/ThirdPersonBP/Maps/MainMap.MainMap:PersistentLevel' has LevelScriptBlueprint '/Game/ThirdPersonBP/Maps/MainMap.MainMap:PersistentLevel.MainMap' with GeneratedClass '/Game/ThirdPersonBP/Maps/MainMap.MainMap_C' with ClassGeneratedBy '/Game/ThirdPersonBP/Maps/MainMap.MainMap:PersistentLevel.MainMap'
[2018.12.04-14.00.24:166][ 59]LogSlate: Updating window title bar state: overlay mode, drag disabled, window buttons hidden, title bar hidden
[2018.12.04-14.00.24:279][ 59]LogPlayLevel: Display: Shutting down PIE online subsystems
[2018.12.04-14.00.24:279][ 59]LogBlueprintUserMessages: Late EndPlayMap Detection: Level '/Game/ThirdPersonBP/Maps/MainMap.MainMap:PersistentLevel' has LevelScriptBlueprint '/Game/ThirdPersonBP/Maps/MainMap.MainMap:PersistentLevel.MainMap' with GeneratedClass '/Game/ThirdPersonBP/Maps/MainMap.MainMap_C' with ClassGeneratedBy '/Game/ThirdPersonBP/Maps/MainMap.MainMap:PersistentLevel.MainMap'
[2018.12.04-14.00.24:308][ 59]LogSlate: Updating window title bar state: overlay mode, drag disabled, window buttons hidden, title bar hidden
[2018.12.04-14.00.24:397][ 60]LogPlayLevel: Display: Destroying online subsystem :Context_1
[2018.12.04-14.00.26:835][109]LogSlate: FSceneViewport::OnFocusLost() reason 2
[2018.12.04-14.00.27:570][128]LogSlate: FSceneViewport::OnFocusLost() reason 0
[2018.12.04-14.00.27:646][130]LogTemp: Repeating last play command: Selected Viewport
[2018.12.04-14.00.27:672][130]LogBlueprintUserMessages: Early PlayInEditor Detection: Level '/Game/ThirdPersonBP/Maps/MainMap.MainMap:PersistentLevel' has LevelScriptBlueprint '/Game/ThirdPersonBP/Maps/MainMap.MainMap:PersistentLevel.MainMap' with GeneratedClass '/Game/ThirdPersonBP/Maps/MainMap.MainMap_C' with ClassGeneratedBy '/Game/ThirdPersonBP/Maps/MainMap.MainMap:PersistentLevel.MainMap'
[2018.12.04-14.00.27:672][130]LogPlayLevel: PlayLevel: No blueprints needed recompiling
[2018.12.04-14.00.27:672][130]PIE: New page: PIE session: MainMap (Dec 4, 2018, 6:00:27 PM)
[2018.12.04-14.00.27:672][130]LogPlayLevel: Creating play world package: /Game/ThirdPersonBP/Maps/UEDPIE_0_MainMap
[2018.12.04-14.00.27:704][130]LogPlayLevel: PIE: StaticDuplicateObject took: (0.031711s)
[2018.12.04-14.00.27:705][130]LogAIModule: Creating AISystem for world MainMap
[2018.12.04-14.00.27:705][130]LogPlayLevel: PIE: World Init took: (0.001063s)
[2018.12.04-14.00.27:705][130]LogPlayLevel: PIE: Created PIE world by copying editor world from /Game/ThirdPersonBP/Maps/MainMap.MainMap to /Game/ThirdPersonBP/Maps/UEDPIE_0_MainMap.MainMap (0.033005s)
[2018.12.04-14.00.27:744][130]LogInit: XAudio2 using 'Speakers (Realtek High Definition Audio)' : 2 channels at 48 kHz using 32 bits per sample (channel mask 0x3)
[2018.12.04-14.00.27:763][130]LogInit: FAudioDevice initialized.
[2018.12.04-14.00.27:792][130]LogLoad: Game class is 'ThirdPersonGameMode_C'
[2018.12.04-14.00.27:799][130]LogWorld: Bringing World /Game/ThirdPersonBP/Maps/UEDPIE_0_MainMap.MainMap up for play (max tick rate 0) at 2018.12.04-16.00.27
[2018.12.04-14.00.27:800][130]LogWorld: Bringing up level for play took: 0.005785
[2018.12.04-14.00.27:813][130]PIE: Play in editor start time for /Game/ThirdPersonBP/Maps/UEDPIE_0_MainMap -0.506
[2018.12.04-14.00.27:813][130]LogBlueprintUserMessages: Late PlayInEditor Detection: Level '/Game/ThirdPersonBP/Maps/MainMap.MainMap:PersistentLevel' has LevelScriptBlueprint '/Game/ThirdPersonBP/Maps/MainMap.MainMap:PersistentLevel.MainMap' with GeneratedClass '/Game/ThirdPersonBP/Maps/MainMap.MainMap_C' with ClassGeneratedBy '/Game/ThirdPersonBP/Maps/MainMap.MainMap:PersistentLevel.MainMap'
[2018.12.04-14.00.28:436][148]Cmd: LevelEditor.ToggleImmersive
[2018.12.04-14.00.28:670][151]LogSlate: FSceneViewport::OnFocusLost() reason 2
[2018.12.04-14.02.05:088][208]LogBlueprintUserMessages: Early EndPlayMap Detection: Level '/Game/ThirdPersonBP/Maps/MainMap.MainMap:PersistentLevel' has LevelScriptBlueprint '/Game/ThirdPersonBP/Maps/MainMap.MainMap:PersistentLevel.MainMap' with GeneratedClass '/Game/ThirdPersonBP/Maps/MainMap.MainMap_C' with ClassGeneratedBy '/Game/ThirdPersonBP/Maps/MainMap.MainMap:PersistentLevel.MainMap'
[2018.12.04-14.02.05:088][208]LogSlate: Updating window title bar state: overlay mode, drag disabled, window buttons hidden, title bar hidden
[2018.12.04-14.02.05:197][208]LogPlayLevel: Display: Shutting down PIE online subsystems
[2018.12.04-14.02.05:198][208]LogBlueprintUserMessages: Late EndPlayMap Detection: Level '/Game/ThirdPersonBP/Maps/MainMap.MainMap:PersistentLevel' has LevelScriptBlueprint '/Game/ThirdPersonBP/Maps/MainMap.MainMap:PersistentLevel.MainMap' with GeneratedClass '/Game/ThirdPersonBP/Maps/MainMap.MainMap_C' with ClassGeneratedBy '/Game/ThirdPersonBP/Maps/MainMap.MainMap:PersistentLevel.MainMap'
[2018.12.04-14.02.05:241][208]LogSlate: Updating window title bar state: overlay mode, drag disabled, window buttons hidden, title bar hidden
[2018.12.04-14.02.05:328][209]LogPlayLevel: Display: Destroying online subsystem :Context_2
[2018.12.04-14.02.27:030][726]LogSlate: FSceneViewport::OnFocusLost() reason 2
[2018.12.04-14.02.52:708][484]LogSlate: FSceneViewport::OnFocusLost() reason 0
[2018.12.04-14.03.54:067][282]LogEditorViewport: Clicking on Actor (context menu): StaticMeshActor (Floor)
[2018.12.04-14.03.54:180][282]LogSlate: FSceneViewport::OnFocusLost() reason 2
[2018.12.04-14.04.55:036][201]LogEditorViewport: Clicking on Actor (LMB): StaticMeshActor (Floor)
[2018.12.04-14.09.38:069][974]LogInit: XAudio2 using 'EPSON PJ (Intel(R) Display Audio)' : 2 channels at 48 kHz using 16 bits per sample (channel mask 0x3)
[2018.12.04-14.09.56:183][448]LogSlate: FSceneViewport::OnFocusLost() reason 0
[2018.12.04-14.18.22:619][997]LogEditorViewport: Clicking on Actor (LMB): StaticMeshActor (Floor)
[2018.12.04-14.18.45:462][585]LogSlate: FSceneViewport::OnFocusLost() reason 0
[2018.12.04-14.18.45:592][587]LogTemp: Repeating last play command: Selected Viewport
[2018.12.04-14.18.45:641][587]LogBlueprintUserMessages: Early PlayInEditor Detection: Level '/Game/ThirdPersonBP/Maps/MainMap.MainMap:PersistentLevel' has LevelScriptBlueprint '/Game/ThirdPersonBP/Maps/MainMap.MainMap:PersistentLevel.MainMap' with GeneratedClass '/Game/ThirdPersonBP/Maps/MainMap.MainMap_C' with ClassGeneratedBy '/Game/ThirdPersonBP/Maps/MainMap.MainMap:PersistentLevel.MainMap'
[2018.12.04-14.18.45:642][587]LogPlayLevel: PlayLevel: No blueprints needed recompiling
[2018.12.04-14.18.45:642][587]PIE: New page: PIE session: MainMap (Dec 4, 2018, 6:18:45 PM)
[2018.12.04-14.18.45:643][587]LogPlayLevel: Creating play world package: /Game/ThirdPersonBP/Maps/UEDPIE_0_MainMap
[2018.12.04-14.18.45:699][587]LogPlayLevel: PIE: StaticDuplicateObject took: (0.056513s)
[2018.12.04-14.18.45:700][587]LogAIModule: Creating AISystem for world MainMap
[2018.12.04-14.18.45:700][587]LogPlayLevel: PIE: World Init took: (0.001227s)
[2018.12.04-14.18.45:701][587]LogPlayLevel: PIE: Created PIE world by copying editor world from /Game/ThirdPersonBP/Maps/MainMap.MainMap to /Game/ThirdPersonBP/Maps/UEDPIE_0_MainMap.MainMap (0.058122s)
[2018.12.04-14.18.45:748][587]LogInit: XAudio2 using 'EPSON PJ (Intel(R) Display Audio)' : 2 channels at 48 kHz using 16 bits per sample (channel mask 0x3)
[2018.12.04-14.18.45:756][587]LogInit: FAudioDevice initialized.
[2018.12.04-14.18.45:796][587]LogLoad: Game class is 'ThirdPersonGameMode_C'
[2018.12.04-14.18.45:808][587]LogWorld: Bringing World /Game/ThirdPersonBP/Maps/UEDPIE_0_MainMap.MainMap up for play (max tick rate 60) at 2018.12.04-16.18.45
[2018.12.04-14.18.45:809][587]LogWorld: Bringing up level for play took: 0.011109
[2018.12.04-14.18.45:824][587]PIE: Play in editor start time for /Game/ThirdPersonBP/Maps/UEDPIE_0_MainMap -0.494
[2018.12.04-14.18.45:825][587]LogBlueprintUserMessages: Late PlayInEditor Detection: Level '/Game/ThirdPersonBP/Maps/MainMap.MainMap:PersistentLevel' has LevelScriptBlueprint '/Game/ThirdPersonBP/Maps/MainMap.MainMap:PersistentLevel.MainMap' with GeneratedClass '/Game/ThirdPersonBP/Maps/MainMap.MainMap_C' with ClassGeneratedBy '/Game/ThirdPersonBP/Maps/MainMap.MainMap:PersistentLevel.MainMap'
[2018.12.04-14.18.48:205][652]Cmd: LevelEditor.ToggleImmersive
[2018.12.04-14.18.48:551][654]LogSlate: FSceneViewport::OnFocusLost() reason 2
[2018.12.04-14.19.00:453][963]LogBlueprintUserMessages: Early EndPlayMap Detection: Level '/Game/ThirdPersonBP/Maps/MainMap.MainMap:PersistentLevel' has LevelScriptBlueprint '/Game/ThirdPersonBP/Maps/MainMap.MainMap:PersistentLevel.MainMap' with GeneratedClass '/Game/ThirdPersonBP/Maps/MainMap.MainMap_C' with ClassGeneratedBy '/Game/ThirdPersonBP/Maps/MainMap.MainMap:PersistentLevel.MainMap'
[2018.12.04-14.19.00:454][963]LogSlate: Updating window title bar state: overlay mode, drag disabled, window buttons hidden, title bar hidden
[2018.12.04-14.19.00:582][963]LogPlayLevel: Display: Shutting down PIE online subsystems
[2018.12.04-14.19.00:583][963]LogBlueprintUserMessages: Late EndPlayMap Detection: Level '/Game/ThirdPersonBP/Maps/MainMap.MainMap:PersistentLevel' has LevelScriptBlueprint '/Game/ThirdPersonBP/Maps/MainMap.MainMap:PersistentLevel.MainMap' with GeneratedClass '/Game/ThirdPersonBP/Maps/MainMap.MainMap_C' with ClassGeneratedBy '/Game/ThirdPersonBP/Maps/MainMap.MainMap:PersistentLevel.MainMap'
[2018.12.04-14.19.00:670][963]LogSlate: Updating window title bar state: overlay mode, drag disabled, window buttons hidden, title bar hidden
[2018.12.04-14.19.00:997][964]LogPlayLevel: Display: Destroying online subsystem :Context_5
[2018.12.04-14.19.11:962][186]LogInit: XAudio2 using 'Speakers (Realtek High Definition Audio)' : 2 channels at 48 kHz using 32 bits per sample (channel mask 0x3)
[2018.12.04-14.19.12:553][189]LogEditorViewport: Clicking on Actor (LMB): StaticMeshActor (Floor)
[2018.12.04-14.19.13:510][206]LogEditorViewport: Clicking on Actor (LMB): StaticMeshActor (Floor)
[2018.12.04-14.19.18:387][317]Cmd: SELECT NONE
[2018.12.04-14.19.19:145][333]LogEditorViewport: Clicking on Actor (LMB): StaticMeshActor (Wall_400x420)
[2018.12.04-14.19.20:474][359]LogSlate: FSceneViewport::OnFocusLost() reason 2
[2018.12.04-14.19.21:188][370]LogSlate: FSceneViewport::OnFocusLost() reason 0
[2018.12.04-14.19.21:292][373]LogTemp: Repeating last play command: Selected Viewport
[2018.12.04-14.19.21:317][373]LogBlueprintUserMessages: Early PlayInEditor Detection: Level '/Game/ThirdPersonBP/Maps/MainMap.MainMap:PersistentLevel' has LevelScriptBlueprint '/Game/ThirdPersonBP/Maps/MainMap.MainMap:PersistentLevel.MainMap' with GeneratedClass '/Game/ThirdPersonBP/Maps/MainMap.MainMap_C' with ClassGeneratedBy '/Game/ThirdPersonBP/Maps/MainMap.MainMap:PersistentLevel.MainMap'
[2018.12.04-14.19.21:317][373]LogPlayLevel: PlayLevel: No blueprints needed recompiling
[2018.12.04-14.19.21:318][373]PIE: New page: PIE session: MainMap (Dec 4, 2018, 6:19:21 PM)
[2018.12.04-14.19.21:318][373]LogPlayLevel: Creating play world package: /Game/ThirdPersonBP/Maps/UEDPIE_0_MainMap
[2018.12.04-14.19.21:351][373]LogPlayLevel: PIE: StaticDuplicateObject took: (0.033529s)
[2018.12.04-14.19.21:352][373]LogAIModule: Creating AISystem for world MainMap
[2018.12.04-14.19.21:352][373]LogPlayLevel: PIE: World Init took: (0.000881s)
[2018.12.04-14.19.21:352][373]LogPlayLevel: PIE: Created PIE world by copying editor world from /Game/ThirdPersonBP/Maps/MainMap.MainMap to /Game/ThirdPersonBP/Maps/UEDPIE_0_MainMap.MainMap (0.034668s)
[2018.12.04-14.19.21:401][373]LogInit: XAudio2 using 'Speakers (Realtek High Definition Audio)' : 2 channels at 48 kHz using 32 bits per sample (channel mask 0x3)
[2018.12.04-14.19.21:422][373]LogInit: FAudioDevice initialized.
[2018.12.04-14.19.21:464][373]LogLoad: Game class is 'ThirdPersonGameMode_C'
[2018.12.04-14.19.21:476][373]LogWorld: Bringing World /Game/ThirdPersonBP/Maps/UEDPIE_0_MainMap.MainMap up for play (max tick rate 60) at 2018.12.04-16.19.21
[2018.12.04-14.19.21:477][373]LogWorld: Bringing up level for play took: 0.010371
[2018.12.04-14.19.21:491][373]PIE: Play in editor start time for /Game/ThirdPersonBP/Maps/UEDPIE_0_MainMap 1.173
[2018.12.04-14.19.21:492][373]LogBlueprintUserMessages: Late PlayInEditor Detection: Level '/Game/ThirdPersonBP/Maps/MainMap.MainMap:PersistentLevel' has LevelScriptBlueprint '/Game/ThirdPersonBP/Maps/MainMap.MainMap:PersistentLevel.MainMap' with GeneratedClass '/Game/ThirdPersonBP/Maps/MainMap.MainMap_C' with ClassGeneratedBy '/Game/ThirdPersonBP/Maps/MainMap.MainMap:PersistentLevel.MainMap'
[2018.12.04-14.19.22:406][395]Cmd: LevelEditor.ToggleImmersive
[2018.12.04-14.19.22:601][398]LogSlate: FSceneViewport::OnFocusLost() reason 2
[2018.12.04-14.21.28:421][991]LogBlueprintUserMessages: Early EndPlayMap Detection: Level '/Game/ThirdPersonBP/Maps/MainMap.MainMap:PersistentLevel' has LevelScriptBlueprint '/Game/ThirdPersonBP/Maps/MainMap.MainMap:PersistentLevel.MainMap' with GeneratedClass '/Game/ThirdPersonBP/Maps/MainMap.MainMap_C' with ClassGeneratedBy '/Game/ThirdPersonBP/Maps/MainMap.MainMap:PersistentLevel.MainMap'
[2018.12.04-14.21.28:423][991]LogSlate: Updating window title bar state: overlay mode, drag disabled, window buttons hidden, title bar hidden
[2018.12.04-14.21.28:556][991]LogPlayLevel: Display: Shutting down PIE online subsystems
[2018.12.04-14.21.28:557][991]LogBlueprintUserMessages: Late EndPlayMap Detection: Level '/Game/ThirdPersonBP/Maps/MainMap.MainMap:PersistentLevel' has LevelScriptBlueprint '/Game/ThirdPersonBP/Maps/MainMap.MainMap:PersistentLevel.MainMap' with GeneratedClass '/Game/ThirdPersonBP/Maps/MainMap.MainMap_C' with ClassGeneratedBy '/Game/ThirdPersonBP/Maps/MainMap.MainMap:PersistentLevel.MainMap'
[2018.12.04-14.21.28:641][991]LogSlate: Updating window title bar state: overlay mode, drag disabled, window buttons hidden, title bar hidden
[2018.12.04-14.21.29:012][992]LogPlayLevel: Display: Destroying online subsystem :Context_6
[2018.12.04-14.21.36:065][124]LogInit: XAudio2 using 'Speakers (Realtek High Definition Audio)' : 2 channels at 48 kHz using 32 bits per sample (channel mask 0x3)
[2018.12.04-14.22.16:941][998]LogSlate: FSceneViewport::OnFocusLost() reason 2
[2018.12.04-14.26.33:143][625]LogSlate: FSceneViewport::OnFocusLost() reason 2
[2018.12.04-14.26.34:840][665]LogSlate: FSceneViewport::OnFocusLost() reason 2
[2018.12.04-14.26.34:848][665]LogAssetEditorManager: Opening Asset editor for LevelScriptBlueprint /Game/ThirdPersonBP/Maps/MainMap.MainMap:PersistentLevel.MainMap
[2018.12.04-14.26.35:447][665]LogContentBrowser: Native class hierarchy updated for 'BlueprintGraph' in 0.0006 seconds. Added 116 classes and 0 folders.
[2018.12.04-14.26.36:188][665]LogSlate: Took 0.000190 seconds to synchronously load lazily loaded font '../../../Engine/Content/Slate/Fonts/Roboto-BoldCondensed.ttf' (158K)
[2018.12.04-14.26.36:537][666]LogSlate: Took 0.000254 seconds to synchronously load lazily loaded font '../../../Engine/Content/Slate/Fonts/Roboto-Italic.ttf' (157K)
[2018.12.04-14.44.00:245][682]LogSlate: Window 'MainMap - Level Blueprint Editor' being destroyed
[2018.12.04-14.44.00:271][682]LogSlate: Window 'MainMap - Level Blueprint Editor' being destroyed
[2018.12.04-14.44.01:777][718]LogSlate: FSceneViewport::OnFocusLost() reason 2
[2018.12.04-14.44.13:654][ 91]LogSlate: FSceneViewport::OnFocusLost() reason 2
[2018.12.04-14.44.34:310][753]LogGameProjectGeneration: Created new project with 4 files (plus project files)
[2018.12.04-14.44.34:367][753]LogSlate: Window 'New Project' being destroyed
[2018.12.04-14.44.34:376][754]Cmd: CLOSE_SLATE_MAINFRAME
[2018.12.04-14.44.34:527][754]LogSlate: Window 'VRCourse_Project1 - Unreal Editor' being destroyed
[2018.12.04-14.44.34:530][754]LogWindowsTextInputMethodSystem: Display: IME system now deactivated.
[2018.12.04-14.44.34:859][755]Cmd: QUIT_EDITOR
[2018.12.04-14.44.35:165][755]LogExit: Preparing to exit.
[2018.12.04-14.44.35:578][755]LogExit: Editor shut down
[2018.12.04-14.44.35:578][755]LogExit: Transaction tracking system shut down
[2018.12.04-14.44.36:191][755]LogExit: Object subsystem successfully closed.
[2018.12.04-14.44.36:211][755]LogShaderCompilers: Display: Shaders left to compile 0
[2018.12.04-14.44.36:215][755]LogD3D11RHI: Shutdown
[2018.12.04-14.44.36:215][755]LogD3D11RHI: CleanupD3DDevice
[2018.12.04-14.44.36:217][755]LogD3D11RHI: ~FD3D11DynamicRHI
[2018.12.04-14.44.36:230][755]LogModuleManager: Shutting down and abandoning module BlueprintGraph (616)
[2018.12.04-14.44.36:230][755]LogModuleManager: Shutting down and abandoning module MovieSceneCapture (614)
[2018.12.04-14.44.36:230][755]LogModuleManager: Shutting down and abandoning module Voice (612)
[2018.12.04-14.44.36:230][755]LogModuleManager: Shutting down and abandoning module StatsViewer (610)
[2018.12.04-14.44.36:230][755]LogModuleManager: Shutting down and abandoning module HierarchicalLODOutliner (608)
[2018.12.04-14.44.36:230][755]LogModuleManager: Shutting down and abandoning module SceneOutliner (606)
[2018.12.04-14.44.36:230][755]LogModuleManager: Shutting down and abandoning module AddContentDialog (604)
[2018.12.04-14.44.36:232][755]LogModuleManager: Shutting down and abandoning module WidgetCarousel (603)
[2018.12.04-14.44.36:233][755]LogModuleManager: Shutting down and abandoning module EditorWidgets (600)
[2018.12.04-14.44.36:233][755]LogModuleManager: Shutting down and abandoning module CollectionManager (598)
[2018.12.04-14.44.36:233][755]LogModuleManager: Shutting down and abandoning module FoliageEdit (596)
[2018.12.04-14.44.36:233][755]LogModuleManager: Shutting down and abandoning module LandscapeEditor (594)
[2018.12.04-14.44.36:233][755]LogModuleManager: Shutting down and abandoning module MeshPaintMode (592)
[2018.12.04-14.44.36:233][755]LogModuleManager: Shutting down and abandoning module SceneDepthPickerMode (590)
[2018.12.04-14.44.36:233][755]LogModuleManager: Shutting down and abandoning module ActorPickerMode (588)
[2018.12.04-14.44.36:233][755]LogModuleManager: Shutting down and abandoning module GeometryMode (586)
[2018.12.04-14.44.36:233][755]LogModuleManager: Shutting down and abandoning module TextureAlignMode (584)
[2018.12.04-14.44.36:233][755]LogModuleManager: Shutting down and abandoning module BspMode (582)
[2018.12.04-14.44.36:233][755]LogModuleManager: Shutting down and abandoning module PIEPreviewDeviceProfileSelector (580)
[2018.12.04-14.44.36:233][755]LogModuleManager: Shutting down and abandoning module SequenceRecorderSections (578)
[2018.12.04-14.44.36:233][755]LogModuleManager: Shutting down and abandoning module AutomationWorker (576)
[2018.12.04-14.44.36:233][755]LogModuleManager: Shutting down and abandoning module AudioCaptureEditor (574)
[2018.12.04-14.44.36:233][755]LogModuleManager: Shutting down and abandoning module SequenceRecorder (573)
[2018.12.04-14.44.36:233][755]LogModuleManager: Shutting down and abandoning module MatineeToLevelSequence (570)
[2018.12.04-14.44.36:233][755]LogModuleManager: Shutting down and abandoning module LevelSequenceEditor (568)
[2018.12.04-14.44.36:233][755]LogModuleManager: Shutting down and abandoning module PlacementMode (567)
[2018.12.04-14.44.36:233][755]LogModuleManager: Shutting down and abandoning module MaterialEditor (566)
[2018.12.04-14.44.36:233][755]LogModuleManager: Shutting down and abandoning module WmfMediaFactory (562)
[2018.12.04-14.44.36:233][755]LogModuleManager: Shutting down and abandoning module WmfMediaEditor (560)
[2018.12.04-14.44.36:233][755]LogModuleManager: Shutting down and abandoning module MediaPlayerEditor (558)
[2018.12.04-14.44.36:233][755]LogModuleManager: Shutting down and abandoning module OpenExrWrapper (556)
[2018.12.04-14.44.36:233][755]LogModuleManager: Shutting down and abandoning module ImgMediaFactory (554)
[2018.12.04-14.44.36:233][755]LogModuleManager: Shutting down and abandoning module ImgMediaEditor (552)
[2018.12.04-14.44.36:233][755]LogModuleManager: Shutting down and abandoning module AvfMediaFactory (550)
[2018.12.04-14.44.36:233][755]LogModuleManager: Shutting down and abandoning module AvfMediaEditor (548)
[2018.12.04-14.44.36:234][755]LogModuleManager: Shutting down and abandoning module AndroidMediaFactory (546)
[2018.12.04-14.44.36:234][755]LogModuleManager: Shutting down and abandoning module AndroidMediaEditor (544)
[2018.12.04-14.44.36:234][755]LogModuleManager: Shutting down and abandoning module MagicLeapCameraPreviewFactory (542)
[2018.12.04-14.44.36:234][755]LogModuleManager: Shutting down and abandoning module MagicLeapMediaFactory (540)
[2018.12.04-14.44.36:234][755]LogModuleManager: Shutting down and abandoning module MagicLeapMediaEditor (538)
[2018.12.04-14.44.36:234][755]LogModuleManager: Shutting down and abandoning module CharacterAI (536)
[2018.12.04-14.44.36:234][755]LogModuleManager: Shutting down and abandoning module SmartSnapping (534)
[2018.12.04-14.44.36:234][755]LogModuleManager: Shutting down and abandoning module SessionServices (532)
[2018.12.04-14.44.36:234][755]LogModuleManager: Shutting down and abandoning module ViewportSnapping (530)
[2018.12.04-14.44.36:234][755]LogModuleManager: Shutting down and abandoning module ViewportInteraction (528)
[2018.12.04-14.44.36:234][755]LogModuleManager: Shutting down and abandoning module ClothPainter (526)
[2018.12.04-14.44.36:234][755]LogModuleManager: Shutting down and abandoning module SkeletalMeshEditor (525)
[2018.12.04-14.44.36:234][755]LogModuleManager: Shutting down and abandoning module LogVisualizer (522)
[2018.12.04-14.44.36:234][755]LogModuleManager: Shutting down and abandoning module IntroTutorials (520)
[2018.12.04-14.44.36:234][755]LogModuleManager: Shutting down and abandoning module GameProjectGeneration (519)
[2018.12.04-14.44.36:234][755]LogModuleManager: Shutting down and abandoning module LuminPlatformEditor (516)
[2018.12.04-14.44.36:234][755]LogModuleManager: Shutting down and abandoning module IOSPlatformEditor (514)
[2018.12.04-14.44.36:234][755]LogModuleManager: Shutting down and abandoning module HTML5PlatformEditor (512)
[2018.12.04-14.44.36:234][755]LogModuleManager: Shutting down and abandoning module AndroidPlatformEditor (510)
[2018.12.04-14.44.36:234][755]LogModuleManager: Shutting down and abandoning module AndroidDeviceDetection (509)
[2018.12.04-14.44.36:384][755]LogModuleManager: Shutting down and abandoning module WindowsPlatformEditor (506)
[2018.12.04-14.44.36:384][755]LogModuleManager: Shutting down and abandoning module LuminRuntimeSettings (504)
[2018.12.04-14.44.36:384][755]LogModuleManager: Shutting down and abandoning module IOSRuntimeSettings (502)
[2018.12.04-14.44.36:384][755]LogModuleManager: Shutting down and abandoning module AndroidRuntimeSettings (500)
[2018.12.04-14.44.36:385][755]LogModuleManager: Shutting down and abandoning module InputBindingEditor (498)
[2018.12.04-14.44.36:385][755]LogModuleManager: Shutting down and abandoning module MergeActors (496)
[2018.12.04-14.44.36:385][755]LogModuleManager: Shutting down and abandoning module LocalizationDashboard (494)
[2018.12.04-14.44.36:385][755]LogModuleManager: Shutting down and abandoning module LocalizationService (493)
[2018.12.04-14.44.36:385][755]LogModuleManager: Shutting down and abandoning module HardwareTargeting (490)
[2018.12.04-14.44.36:385][755]LogModuleManager: Shutting down and abandoning module DeviceProfileEditor (488)
[2018.12.04-14.44.36:385][755]LogModuleManager: Shutting down and abandoning module UndoHistory (486)
[2018.12.04-14.44.36:385][755]LogModuleManager: Shutting down and abandoning module XmlParser (484)
[2018.12.04-14.44.36:385][755]LogModuleManager: Shutting down and abandoning module Blutility (482)
[2018.12.04-14.44.36:385][755]LogModuleManager: Shutting down and abandoning module ProjectSettingsViewer (480)
[2018.12.04-14.44.36:385][755]LogModuleManager: Shutting down and abandoning module ProjectTargetPlatformEditor (479)
[2018.12.04-14.44.36:385][755]LogModuleManager: Shutting down and abandoning module EditorSettingsViewer (476)
[2018.12.04-14.44.36:385][755]LogModuleManager: Shutting down and abandoning module SettingsEditor (474)
[2018.12.04-14.44.36:385][755]LogModuleManager: Shutting down and abandoning module ProjectLauncher (472)
[2018.12.04-14.44.36:386][755]LogModuleManager: Shutting down and abandoning module SessionFrontend (470)
[2018.12.04-14.44.36:386][755]LogModuleManager: Shutting down and abandoning module ProfilerClient (468)
[2018.12.04-14.44.36:386][755]LogModuleManager: Shutting down and abandoning module DeviceManager (466)
[2018.12.04-14.44.36:386][755]LogModuleManager: Shutting down and abandoning module TargetDeviceServices (465)
[2018.12.04-14.44.36:452][755]LogModuleManager: Shutting down and abandoning module AutomationController (462)
[2018.12.04-14.44.36:452][755]LogModuleManager: Shutting down and abandoning module AutomationWindow (460)
[2018.12.04-14.44.36:452][755]LogModuleManager: Shutting down and abandoning module Layers (458)
[2018.12.04-14.44.36:452][755]LogModuleManager: Shutting down and abandoning module ComponentVisualizers (456)
[2018.12.04-14.44.36:452][755]LogModuleManager: Shutting down and abandoning module DetailCustomizations (454)
[2018.12.04-14.44.36:452][755]LogModuleManager: Shutting down and abandoning module PackagesDialog (452)
[2018.12.04-14.44.36:452][755]LogModuleManager: Shutting down and abandoning module Persona (450)
[2018.12.04-14.44.36:452][755]LogModuleManager: Shutting down and abandoning module AdvancedPreviewScene (449)
[2018.12.04-14.44.36:452][755]LogModuleManager: Shutting down and abandoning module AnimGraph (447)
[2018.12.04-14.44.36:452][755]LogModuleManager: Shutting down and abandoning module Kismet (444)
[2018.12.04-14.44.36:456][755]LogModuleManager: Shutting down and abandoning module GraphEditor (442)
[2018.12.04-14.44.36:456][755]LogModuleManager: Shutting down and abandoning module ClassViewer (440)
[2018.12.04-14.44.36:457][755]LogModuleManager: Shutting down and abandoning module Toolbox (438)
[2018.12.04-14.44.36:457][755]LogModuleManager: Shutting down and abandoning module ModuleUI (436)
[2018.12.04-14.44.36:457][755]LogModuleManager: Shutting down and abandoning module MovieSceneTools (434)
[2018.12.04-14.44.36:457][755]LogModuleManager: Shutting down and abandoning module OutputLog (432)
[2018.12.04-14.44.36:457][755]LogModuleManager: Shutting down and abandoning module GammaUI (430)
[2018.12.04-14.44.36:457][755]LogModuleManager: Shutting down and abandoning module Documentation (428)
[2018.12.04-14.44.36:457][755]LogModuleManager: Shutting down and abandoning module MovieSceneTracks (426)
[2018.12.04-14.44.36:457][755]LogModuleManager: Shutting down and abandoning module MovieScene (424)
[2018.12.04-14.44.36:457][755]LogModuleManager: Shutting down and abandoning module StreamingPauseRendering (422)
[2018.12.04-14.44.36:457][755]LogModuleManager: Shutting down and abandoning module LauncherPlatform (420)
[2018.12.04-14.44.36:457][755]LogModuleManager: Shutting down and abandoning module AnalyticsET (418)
[2018.12.04-14.44.36:457][755]LogModuleManager: Shutting down and abandoning module PortalServices (416)
[2018.12.04-14.44.36:457][755]LogModuleManager: Shutting down and abandoning module PortalRpc (414)
[2018.12.04-14.44.36:457][755]LogModuleManager: Shutting down and abandoning module MessagingRpc (412)
[2018.12.04-14.44.36:457][755]LogModuleManager: Shutting down and abandoning module AIModule (410)
[2018.12.04-14.44.36:457][755]LogModuleManager: Shutting down and abandoning module GameplayDebugger (409)
[2018.12.04-14.44.36:457][755]LogModuleManager: Shutting down and abandoning module AITestSuite (407)
[2018.12.04-14.44.36:457][755]LogModuleManager: Shutting down and abandoning module NavigationSystem (405)
[2018.12.04-14.44.36:457][755]LogModuleManager: Shutting down and abandoning module DesktopPlatform (402)
[2018.12.04-14.44.36:457][755]LogModuleManager: Shutting down and abandoning module ProfilerService (400)
[2018.12.04-14.44.36:628][755]LogModuleManager: Shutting down and abandoning module TaskGraph (398)
[2018.12.04-14.44.36:628][755]LogModuleManager: Shutting down and abandoning module SteamVRController (396)
[2018.12.04-14.44.36:628][755]LogModuleManager: Shutting down and abandoning module ProceduralMeshComponentEditor (394)
[2018.12.04-14.44.36:628][755]LogModuleManager: Shutting down and abandoning module ProceduralMeshComponent (392)
[2018.12.04-14.44.36:628][755]LogModuleManager: Shutting down and abandoning module OculusInput (390)
[2018.12.04-14.44.36:628][755]LogModuleManager: Shutting down and abandoning module MobilePatchingUtils (388)
[2018.12.04-14.44.36:629][755]LogModuleManager: Shutting down and abandoning module EditableMesh (386)
[2018.12.04-14.44.36:629][755]LogModuleManager: Shutting down and abandoning module CustomMeshComponent (384)
[2018.12.04-14.44.36:629][755]LogModuleManager: Shutting down and abandoning module CableComponent (382)
[2018.12.04-14.44.36:629][755]LogModuleManager: Shutting down and abandoning module AudioCapture (380)
[2018.12.04-14.44.36:629][755]LogModuleManager: Shutting down and abandoning module ArchVisCharacter (378)
[2018.12.04-14.44.36:629][755]LogModuleManager: Shutting down and abandoning module AndroidPermission (376)
[2018.12.04-14.44.36:629][755]LogModuleManager: Shutting down and abandoning module NUTUnrealEngine4 (374)
[2018.12.04-14.44.36:629][755]LogModuleManager: Shutting down and abandoning module NetcodeUnitTest (372)
[2018.12.04-14.44.36:629][755]LogModuleManager: Shutting down and abandoning module MediaCompositingEditor (370)
[2018.12.04-14.44.36:629][755]LogModuleManager: Shutting down and abandoning module MediaCompositing (368)
[2018.12.04-14.44.36:629][755]LogModuleManager: Shutting down and abandoning module LinearTimecode (366)
[2018.12.04-14.44.36:629][755]LogModuleManager: Shutting down and abandoning module ImgMedia (364)
[2018.12.04-14.44.36:633][755]LogModuleManager: Shutting down and abandoning module HTML5Networking (362)
[2018.12.04-14.44.36:633][755]LogModuleManager: Shutting down and abandoning module GeometryCacheTracks (360)
[2018.12.04-14.44.36:633][755]LogModuleManager: Shutting down and abandoning module GeometryCacheSequencer (358)
[2018.12.04-14.44.36:633][755]LogModuleManager: Shutting down and abandoning module BackChannel (356)
[2018.12.04-14.44.36:633][755]LogModuleManager: Shutting down and abandoning module AppleVision (354)
[2018.12.04-14.44.36:633][755]LogModuleManager: Shutting down and abandoning module AppleImageUtils (352)
[2018.12.04-14.44.36:633][755]LogModuleManager: Shutting down and abandoning module AlembicImporter (350)
[2018.12.04-14.44.36:633][755]LogModuleManager: Shutting down and abandoning module AlembicLibrary (349)
[2018.12.04-14.44.36:633][755]LogModuleManager: Shutting down and abandoning module GeometryCache (348)
[2018.12.04-14.44.36:633][755]LogModuleManager: Shutting down and abandoning module GeometryCacheEd (347)
[2018.12.04-14.44.36:633][755]LogModuleManager: Shutting down and abandoning module DatasmithContentEditor (342)
[2018.12.04-14.44.36:633][755]LogModuleManager: Shutting down and abandoning module DatasmithContent (340)
[2018.12.04-14.44.36:634][755]LogModuleManager: Shutting down and abandoning module SpeedTreeImporter (338)
[2018.12.04-14.44.36:634][755]LogModuleManager: Shutting down and abandoning module PluginBrowser (336)
[2018.12.04-14.44.36:634][755]LogModuleManager: Shutting down and abandoning module MobileLauncherProfileWizard (334)
[2018.12.04-14.44.36:634][755]LogModuleManager: Shutting down and abandoning module PolygonModeling (332)
[2018.12.04-14.44.36:634][755]LogModuleManager: Shutting down and abandoning module MeshEditor (330)
[2018.12.04-14.44.36:634][755]LogModuleManager: Shutting down and abandoning module CryptoKeysOpenSSL (328)
[2018.12.04-14.44.36:634][755]LogModuleManager: Shutting down and abandoning module CryptoKeys (326)
[2018.12.04-14.44.36:634][755]LogModuleManager: Shutting down and abandoning module VisualStudioSourceCodeAccess (324)
[2018.12.04-14.44.36:634][755]LogModuleManager: Shutting down and abandoning module VisualStudioCodeSourceCodeAccess (322)
[2018.12.04-14.44.36:634][755]LogModuleManager: Shutting down and abandoning module UObjectPlugin (320)
[2018.12.04-14.44.36:634][755]LogModuleManager: Shutting down and abandoning module SubversionSourceControl (318)
[2018.12.04-14.44.36:634][755]LogModuleManager: Shutting down and abandoning module PerforceSourceControl (316)
[2018.12.04-14.44.36:634][755]LogModuleManager: Shutting down and abandoning module GitSourceControl (314)
[2018.12.04-14.44.36:634][755]LogModuleManager: Shutting down and abandoning module SourceControl (313)
[2018.12.04-14.44.36:634][755]LogModuleManager: Shutting down and abandoning module CLionSourceCodeAccess (310)
[2018.12.04-14.44.36:634][755]LogModuleManager: Shutting down and abandoning module LightPropagationVolumeEditor (308)
[2018.12.04-14.44.36:634][755]LogModuleManager: Shutting down and abandoning module PaperTiledImporter (306)
[2018.12.04-14.44.36:634][755]LogModuleManager: Shutting down and abandoning module PaperSpriteSheetImporter (304)
[2018.12.04-14.44.36:634][755]LogModuleManager: Shutting down and abandoning module Paper2DEditor (302)
[2018.12.04-14.44.36:634][755]LogModuleManager: Shutting down and abandoning module MeshPaint (301)
[2018.12.04-14.44.36:634][755]LogModuleManager: Shutting down and abandoning module RuntimePhysXCooking (298)
[2018.12.04-14.44.36:634][755]LogModuleManager: Shutting down and abandoning module PhysXVehiclesEditor (296)
[2018.12.04-14.44.36:634][755]LogModuleManager: Shutting down and abandoning module PhysXVehicles (294)
[2018.12.04-14.44.36:634][755]LogModuleManager: Shutting down and abandoning module OculusEditor (292)
[2018.12.04-14.44.36:634][755]LogModuleManager: Shutting down and abandoning module LocationServicesBPLibrary (290)
[2018.12.04-14.44.36:634][755]LogModuleManager: Shutting down and abandoning module ImmediatePhysicsEditor (288)
[2018.12.04-14.44.36:634][755]LogModuleManager: Shutting down and abandoning module ImmediatePhysics (286)
[2018.12.04-14.44.36:635][755]LogModuleManager: Shutting down and abandoning module ActorSequence (284)
[2018.12.04-14.44.36:635][755]LogModuleManager: Shutting down and abandoning module UdpMessaging (282)
[2018.12.04-14.44.36:736][755]LogModuleManager: Shutting down and abandoning module TcpMessaging (280)
[2018.12.04-14.44.36:837][755]LogModuleManager: Shutting down and abandoning module MagicLeapAudio (278)
[2018.12.04-14.44.36:837][755]LogModuleManager: Shutting down and abandoning module GameplayTagsEditor (276)
[2018.12.04-14.44.36:837][755]LogModuleManager: Shutting down and abandoning module FacialAnimationEditor (274)
[2018.12.04-14.44.36:837][755]LogModuleManager: Shutting down and abandoning module FacialAnimation (272)
[2018.12.04-14.44.36:837][755]LogModuleManager: Shutting down and abandoning module DataValidation (270)
[2018.12.04-14.44.36:837][755]LogModuleManager: Shutting down and abandoning module AssetManagerEditor (268)
[2018.12.04-14.44.36:837][755]LogModuleManager: Shutting down and abandoning module LevelEditor (267)
[2018.12.04-14.44.36:837][755]LogModuleManager: Shutting down and abandoning module PixelInspectorModule (266)
[2018.12.04-14.44.36:837][755]LogModuleManager: Shutting down and abandoning module CommonMenuExtensions (264)
[2018.12.04-14.44.36:838][755]LogModuleManager: Shutting down and abandoning module MainFrame (262)
[2018.12.04-14.44.36:838][755]LogModuleManager: Shutting down and abandoning module HotReload (261)
[2018.12.04-14.44.36:838][755]LogModuleManager: Shutting down and abandoning module ContentBrowser (257)
[2018.12.04-14.44.36:839][755]LogModuleManager: Shutting down and abandoning module TreeMap (255)
[2018.12.04-14.44.36:839][755]LogModuleManager: Shutting down and abandoning module LightPropagationVolumeRuntime (252)
[2018.12.04-14.44.36:839][755]LogModuleManager: Shutting down and abandoning module AISupportModule (250)
[2018.12.04-14.44.36:839][755]LogModuleManager: Shutting down and abandoning module Paper2D (248)
[2018.12.04-14.44.36:839][755]LogModuleManager: Shutting down and abandoning module WindowsMoviePlayer (246)
[2018.12.04-14.44.36:839][755]LogModuleManager: Shutting down and abandoning module WmfMedia (244)
[2018.12.04-14.44.36:841][755]LogModuleManager: Shutting down and abandoning module Media (243)
[2018.12.04-14.44.36:847][755]LogModuleManager: Shutting down and abandoning module PacketHandler (240)
[2018.12.04-14.44.36:847][755]LogModuleManager: Shutting down and abandoning module ClothingSystemEditor (238)
[2018.12.04-14.44.36:847][755]LogModuleManager: Shutting down and abandoning module ClothingSystemRuntime (236)
[2018.12.04-14.44.36:847][755]LogModuleManager: Shutting down and abandoning module MediaAssets (234)
[2018.12.04-14.44.36:847][755]LogModuleManager: Shutting down and abandoning module Overlay (232)
[2018.12.04-14.44.36:847][755]LogModuleManager: Shutting down and abandoning module OverlayEditor (231)
[2018.12.04-14.44.36:847][755]LogModuleManager: Shutting down and abandoning module VREditor (228)
[2018.12.04-14.44.36:847][755]LogModuleManager: Shutting down and abandoning module StringTableEditor (226)
[2018.12.04-14.44.36:847][755]LogModuleManager: Shutting down and abandoning module GameplayTasksEditor (224)
[2018.12.04-14.44.36:848][755]LogModuleManager: Shutting down and abandoning module BehaviorTreeEditor (222)
[2018.12.04-14.44.36:848][755]LogModuleManager: Shutting down and abandoning module FunctionalTesting (220)
[2018.12.04-14.44.36:848][755]LogModuleManager: Shutting down and abandoning module CollisionAnalyzer (218)
[2018.12.04-14.44.36:848][755]LogModuleManager: Shutting down and abandoning module WorkspaceMenuStructure (217)
[2018.12.04-14.44.36:848][755]LogModuleManager: Shutting down and abandoning module UMG (214)
[2018.12.04-14.44.36:848][755]LogModuleManager: Shutting down and abandoning module UMGEditor (213)
[2018.12.04-14.44.36:848][755]LogModuleManager: Shutting down and abandoning module Sequencer (212)
[2018.12.04-14.44.36:848][755]LogModuleManager: Shutting down and abandoning module MessageLog (209)
[2018.12.04-14.44.36:848][755]LogModuleManager: Shutting down and abandoning module SlateReflector (204)
[2018.12.04-14.44.36:848][755]LogModuleManager: Shutting down and abandoning module Slate (202)
[2018.12.04-14.44.36:848][755]LogModuleManager: Shutting down and abandoning module EditorStyle (200)
[2018.12.04-14.44.36:849][755]LogModuleManager: Shutting down and abandoning module MRMesh (198)
[2018.12.04-14.44.36:849][755]LogModuleManager: Shutting down and abandoning module SourceCodeAccess (196)
[2018.12.04-14.44.36:849][755]LogModuleManager: Shutting down and abandoning module HeadMountedDisplay (194)
[2018.12.04-14.44.36:849][755]LogModuleManager: Shutting down and abandoning module XAudio2 (192)
[2018.12.04-14.44.36:849][755]LogModuleManager: Shutting down and abandoning module Networking (190)
[2018.12.04-14.44.36:849][755]LogModuleManager: Shutting down and abandoning module Core (188)
[2018.12.04-14.44.36:849][755]LogModuleManager: Shutting down and abandoning module LevelSequence (186)
[2018.12.04-14.44.36:849][755]LogModuleManager: Shutting down and abandoning module KismetCompiler (184)
[2018.12.04-14.44.36:849][755]LogModuleManager: Shutting down and abandoning module MeshUtilities (182)
[2018.12.04-14.44.36:849][755]LogModuleManager: Shutting down and abandoning module MeshMergeUtilities (181)
[2018.12.04-14.44.36:849][755]LogModuleManager: Shutting down and abandoning module MeshReductionInterface (180)
[2018.12.04-14.44.36:849][755]LogModuleManager: Shutting down and abandoning module SimplygonSwarm (179)
[2018.12.04-14.44.36:849][755]LogModuleManager: Shutting down and abandoning module ProxyLODMeshReduction (177)
[2018.12.04-14.44.36:849][755]LogModuleManager: Shutting down and abandoning module SimplygonMeshReduction (175)
[2018.12.04-14.44.36:849][755]LogModuleManager: Shutting down and abandoning module QuadricMeshReduction (173)
[2018.12.04-14.44.36:849][755]LogModuleManager: Shutting down and abandoning module MaterialBaking (169)
[2018.12.04-14.44.36:849][755]LogModuleManager: Shutting down and abandoning module DirectoryWatcher (165)
[2018.12.04-14.44.36:849][755]LogModuleManager: Shutting down and abandoning module DerivedDataCache (162)
[2018.12.04-14.44.36:906][755]LogDerivedDataCache: Shutdown
[2018.12.04-14.44.36:906][755]LogModuleManager: Shutting down and abandoning module XGEController (160)
[2018.12.04-14.44.36:906][755]LogModuleManager: Shutting down and abandoning module TargetPlatform (158)
[2018.12.04-14.44.36:906][755]LogModuleManager: Shutting down and abandoning module VulkanShaderFormat (157)
[2018.12.04-14.44.36:906][755]LogModuleManager: Shutting down and abandoning module ShaderFormatVectorVM (155)
[2018.12.04-14.44.36:906][755]LogModuleManager: Shutting down and abandoning module ShaderFormatOpenGL (153)
[2018.12.04-14.44.36:906][755]LogModuleManager: Shutting down and abandoning module ShaderFormatD3D (151)
[2018.12.04-14.44.36:906][755]LogModuleManager: Shutting down and abandoning module MetalShaderFormat (149)
[2018.12.04-14.44.36:906][755]LogModuleManager: Shutting down and abandoning module TextureFormatUncompressed (147)
[2018.12.04-14.44.36:906][755]LogModuleManager: Shutting down and abandoning module TextureFormatPVR (145)
[2018.12.04-14.44.36:906][755]LogModuleManager: Shutting down and abandoning module TextureFormatDXT (143)
[2018.12.04-14.44.36:906][755]LogModuleManager: Shutting down and abandoning module TextureFormatIntelISPCTexComp (141)
[2018.12.04-14.44.36:907][755]LogModuleManager: Shutting down and abandoning module TextureFormatASTC (139)
[2018.12.04-14.44.36:907][755]LogModuleManager: Shutting down and abandoning module ImageWrapper (138)
[2018.12.04-14.44.36:907][755]LogModuleManager: Shutting down and abandoning module TextureFormatAndroid (135)
[2018.12.04-14.44.36:907][755]LogModuleManager: Shutting down and abandoning module AudioFormatOpus (133)
[2018.12.04-14.44.36:907][755]LogModuleManager: Shutting down and abandoning module AudioFormatOgg (131)
[2018.12.04-14.44.36:907][755]LogModuleManager: Shutting down and abandoning module AudioFormatADPCM (129)
[2018.12.04-14.44.36:907][755]LogModuleManager: Shutting down and abandoning module LuminTargetPlatform (127)
[2018.12.04-14.44.36:907][755]LogModuleManager: Shutting down and abandoning module LinuxTargetPlatform (125)
[2018.12.04-14.44.36:907][755]LogModuleManager: Shutting down and abandoning module LinuxServerTargetPlatform (123)
[2018.12.04-14.44.36:907][755]LogModuleManager: Shutting down and abandoning module LinuxNoEditorTargetPlatform (121)
[2018.12.04-14.44.36:907][755]LogModuleManager: Shutting down and abandoning module LinuxClientTargetPlatform (119)
[2018.12.04-14.44.36:907][755]LogModuleManager: Shutting down and abandoning module TVOSTargetPlatform (117)
[2018.12.04-14.44.36:908][755]LogModuleManager: Shutting down and abandoning module Messaging (115)
[2018.12.04-14.44.36:908][755]LogModuleManager: Shutting down and abandoning module IOSTargetPlatform (113)
[2018.12.04-14.44.36:908][755]LogModuleManager: Shutting down and abandoning module HTML5TargetPlatform (111)
[2018.12.04-14.44.36:908][755]LogModuleManager: Shutting down and abandoning module AndroidTargetPlatform (109)
[2018.12.04-14.44.36:918][755]LogModuleManager: Shutting down and abandoning module WindowsTargetPlatform (107)
[2018.12.04-14.44.36:918][755]LogModuleManager: Shutting down and abandoning module WindowsServerTargetPlatform (105)
[2018.12.04-14.44.36:918][755]LogModuleManager: Shutting down and abandoning module WindowsNoEditorTargetPlatform (103)
[2018.12.04-14.44.36:918][755]LogModuleManager: Shutting down and abandoning module WindowsClientTargetPlatform (101)
[2018.12.04-14.44.36:918][755]LogModuleManager: Shutting down and abandoning module MacTargetPlatform (99)
[2018.12.04-14.44.36:918][755]LogModuleManager: Shutting down and abandoning module MacServerTargetPlatform (97)
[2018.12.04-14.44.36:918][755]LogModuleManager: Shutting down and abandoning module MacNoEditorTargetPlatform (95)
[2018.12.04-14.44.36:918][755]LogModuleManager: Shutting down and abandoning module MacClientTargetPlatform (93)
[2018.12.04-14.44.36:918][755]LogModuleManager: Shutting down and abandoning module AllDesktopTargetPlatform (91)
[2018.12.04-14.44.36:918][755]LogModuleManager: Shutting down and abandoning module InputCore (88)
[2018.12.04-14.44.36:918][755]LogModuleManager: Shutting down and abandoning module Settings (86)
[2018.12.04-14.44.36:918][755]LogModuleManager: Shutting down and abandoning module PhysXCooking (84)
[2018.12.04-14.44.36:918][755]LogModuleManager: Shutting down and abandoning module SteamVR (82)
[2018.12.04-14.44.36:918][755]LogModuleManager: Shutting down and abandoning module OculusHMD (80)
[2018.12.04-14.44.36:918][755]LogModuleManager: Shutting down and abandoning module ExampleDeviceProfileSelector (78)
[2018.12.04-14.44.36:918][755]LogModuleManager: Shutting down and abandoning module LauncherChunkInstaller (76)
[2018.12.04-14.44.36:919][755]LogModuleManager: Shutting down and abandoning module OnlineBlueprintSupport (74)
[2018.12.04-14.44.36:919][755]LogModuleManager: Shutting down and abandoning module OnlineSubsystem (70)
[2018.12.04-14.44.36:919][755]LogModuleManager: Shutting down and abandoning module XMPP (65)
[2018.12.04-14.44.36:919][755]LogModuleManager: Shutting down and abandoning module WebSockets (64)
[2018.12.04-14.44.36:949][755]LogModuleManager: Shutting down and abandoning module HTTP (61)
[2018.12.04-14.44.36:949][755]LogHttp: Display: Http module shutting down, but needs to wait on 1 outstanding Http requests:
[2018.12.04-14.44.36:949][755]LogHttp: Display: 	verb=[POST] url=[https://datarouter.ol.epicgames.com/datarouter/api/v1/public/data?SessionID=%7B3E07D71C-4936-AF92-15B8-C38694D0D695%7D&AppID=UEEditor.Rocket.Release&AppVersion=4.20.3-4369336%2B%2B%2BUE4%2BRelease-4.20&UserID=b2f4dd8f4879d2dbea628281b6581bc6%7C809890dac6e848749e9fdac421dffad5%7C7500437f-b097-4694-9345-09390c6cce15&AppEnvironment=datacollector-binary&UploadType=eteventstream] status=Processing
[2018.12.04-14.44.36:952][755]LogModuleManager: Shutting down and abandoning module SSL (60)
[2018.12.04-14.44.36:954][755]LogModuleManager: Shutting down and abandoning module MagicLeapEmulator (56)
[2018.12.04-14.44.36:954][755]LogModuleManager: Shutting down and abandoning module MagicLeapPrivileges (54)
[2018.12.04-14.44.36:954][755]LogModuleManager: Shutting down and abandoning module MagicLeapIdentity (52)
[2018.12.04-14.44.36:954][755]LogModuleManager: Shutting down and abandoning module MagicLeapHelperVulkan (50)
[2018.12.04-14.44.36:954][755]LogModuleManager: Shutting down and abandoning module MagicLeapHelperOpenGL (48)
[2018.12.04-14.44.36:954][755]LogModuleManager: Shutting down and abandoning module MagicLeapSecureStorage (46)
[2018.12.04-14.44.36:954][755]LogModuleManager: Shutting down and abandoning module MagicLeapGestures (44)
[2018.12.04-14.44.36:954][755]LogModuleManager: Shutting down and abandoning module MagicLeapEyeTracker (42)
[2018.12.04-14.44.36:954][755]LogModuleManager: Shutting down and abandoning module MagicLeapController (40)
[2018.12.04-14.44.36:954][755]LogSlate: Slate User Destroyed.  User Index 0, Is Virtual User: 0
[2018.12.04-14.44.36:954][755]LogModuleManager: Shutting down and abandoning module MagicLeap (38)
[2018.12.04-14.44.36:954][755]LogModuleManager: Shutting down and abandoning module AnimationModifiers (36)
[2018.12.04-14.44.36:955][755]LogModuleManager: Shutting down and abandoning module PropertyEditor (35)
[2018.12.04-14.44.36:955][755]LogModuleManager: Shutting down and abandoning module AudioEditor (32)
[2018.12.04-14.44.36:955][755]LogModuleManager: Shutting down and abandoning module TextureCompressor (30)
[2018.12.04-14.44.36:955][755]LogModuleManager: Shutting down and abandoning module ShaderCore (28)
[2018.12.04-14.44.36:955][755]LogModuleManager: Shutting down and abandoning module Landscape (26)
[2018.12.04-14.44.36:955][755]LogModuleManager: Shutting down and abandoning module SlateRHIRenderer (24)
[2018.12.04-14.44.36:956][755]LogModuleManager: Shutting down and abandoning module OpenGLDrv (22)
[2018.12.04-14.44.36:956][755]LogModuleManager: Shutting down and abandoning module D3D11RHI (20)
[2018.12.04-14.44.36:956][755]LogModuleManager: Shutting down and abandoning module AnimGraphRuntime (18)
[2018.12.04-14.44.36:956][755]LogModuleManager: Shutting down and abandoning module Renderer (16)
[2018.12.04-14.44.36:956][755]LogModuleManager: Shutting down and abandoning module Engine (14)
[2018.12.04-14.44.36:956][755]LogModuleManager: Shutting down and abandoning module CoreUObject (12)
[2018.12.04-14.44.36:956][755]LogModuleManager: Shutting down and abandoning module NetworkFile (10)
[2018.12.04-14.44.36:956][755]LogModuleManager: Shutting down and abandoning module CookedIterativeFile (8)
[2018.12.04-14.44.36:956][755]LogModuleManager: Shutting down and abandoning module StreamingFile (6)
[2018.12.04-14.44.36:956][755]LogModuleManager: Shutting down and abandoning module SandboxFile (4)
[2018.12.04-14.44.36:956][755]LogModuleManager: Shutting down and abandoning module PakFile (2)
[2018.12.04-14.44.36:966][755]LogExit: Exiting.
[2018.12.04-14.44.36:974][755]Log file closed, 12/04/18 16:44:36
