Log file open, 12/09/18 13:21:52
LogWindows: Failed to load 'aqProf.dll' (GetLastError=126)
LogWindows: File 'aqProf.dll' does not exist
LogWindows: Failed to load 'VSPerf140.dll' (GetLastError=126)
LogWindows: File 'VSPerf140.dll' does not exist
LogWindows: Failed to load 'VtuneApi.dll' (GetLastError=126)
LogWindows: File 'VtuneApi.dll' does not exist
LogWindows: Failed to load 'VtuneApi32e.dll' (GetLastError=126)
LogWindows: File 'VtuneApi32e.dll' does not exist
LogInit: Display: Running engine for game: VRCourse_Project1
LogPlatformFile: Not using cached read wrapper
LogTaskGraph: Started task graph with 5 named threads and 23 total threads with 3 sets of task threads.
LogStats: Stats thread started at 0.343961
LogD3D11RHI: Loaded GFSDK_Aftermath_Lib.x64.dll
LogICUInternationalization: Display: ICU TimeZone Detection - Raw Offset: +2:00, Platform Override: ''
LogPluginManager: Mounting plugin Paper2D
LogPluginManager: Mounting plugin AISupport
LogPluginManager: Mounting plugin LightPropagationVolume
LogPluginManager: Mounting plugin CLionSourceCodeAccess
LogPluginManager: Mounting plugin CodeLiteSourceCodeAccess
LogPluginManager: Mounting plugin GitSourceControl
LogPluginManager: Mounting plugin KDevelopSourceCodeAccess
LogPluginManager: Mounting plugin NullSourceCodeAccess
LogPluginManager: Mounting plugin PerforceSourceControl
LogPluginManager: Mounting plugin SubversionSourceControl
LogPluginManager: Mounting plugin UObjectPlugin
LogPluginManager: Mounting plugin VisualStudioCodeSourceCodeAccess
LogPluginManager: Mounting plugin VisualStudioSourceCodeAccess
LogPluginManager: Mounting plugin XCodeSourceCodeAccess
LogPluginManager: Mounting plugin AssetManagerEditor
LogPluginManager: Mounting plugin CryptoKeys
LogPluginManager: Mounting plugin DataValidation
LogPluginManager: Mounting plugin FacialAnimation
LogPluginManager: Mounting plugin GameplayTagsEditor
LogPluginManager: Mounting plugin MacGraphicsSwitching
LogPluginManager: Mounting plugin MeshEditor
LogPluginManager: Mounting plugin MobileLauncherProfileWizard
LogPluginManager: Mounting plugin PluginBrowser
LogPluginManager: Mounting plugin SpeedTreeImporter
LogPluginManager: Mounting plugin DatasmithContent
LogPluginManager: Mounting plugin AlembicImporter
LogPluginManager: Mounting plugin AppleImageUtils
LogPluginManager: Mounting plugin AppleVision
LogPluginManager: Mounting plugin BackChannel
LogPluginManager: Mounting plugin CharacterAI
LogPluginManager: Mounting plugin GeometryCache
LogPluginManager: Mounting plugin HTML5Networking
LogPluginManager: Mounting plugin ProxyLODPlugin
LogPluginManager: Mounting plugin MagicLeap
LogPluginManager: Mounting plugin MagicLeapEmulator
LogPluginManager: Mounting plugin MagicLeapMedia
LogPluginManager: Mounting plugin AndroidMedia
LogPluginManager: Mounting plugin AvfMedia
LogPluginManager: Mounting plugin ImgMedia
LogPluginManager: Mounting plugin LinearTimecode
LogPluginManager: Mounting plugin MediaCompositing
LogPluginManager: Mounting plugin MediaPlayerEditor
LogPluginManager: Mounting plugin WmfMedia
LogPluginManager: Mounting plugin TcpMessaging
LogPluginManager: Mounting plugin UdpMessaging
LogPluginManager: Mounting plugin ActorSequence
LogPluginManager: Mounting plugin LevelSequenceEditor
LogPluginManager: Mounting plugin MatineeToLevelSequence
LogPluginManager: Mounting plugin NetcodeUnitTest
LogPluginManager: Mounting plugin NUTUnrealEngine4
LogPluginManager: Mounting plugin OnlineSubsystemGooglePlay
LogPluginManager: Mounting plugin OnlineSubsystemIOS
LogPluginManager: Mounting plugin OnlineSubsystem
LogPluginManager: Mounting plugin OnlineSubsystemNull
LogPluginManager: Mounting plugin OnlineSubsystemUtils
LogPluginManager: Mounting plugin LauncherChunkInstaller
LogPluginManager: Mounting plugin AndroidDeviceProfileSelector
LogPluginManager: Mounting plugin AndroidMoviePlayer
LogPluginManager: Mounting plugin AndroidPermission
LogPluginManager: Mounting plugin AppleMoviePlayer
LogPluginManager: Mounting plugin ArchVisCharacter
LogPluginManager: Mounting plugin AudioCapture
LogPluginManager: Mounting plugin CableComponent
LogPluginManager: Mounting plugin CustomMeshComponent
LogPluginManager: Mounting plugin EditableMesh
LogPluginManager: Mounting plugin ExampleDeviceProfileSelector
LogPluginManager: Mounting plugin GoogleCloudMessaging
LogPluginManager: Mounting plugin ImmediatePhysics
LogPluginManager: Mounting plugin IOSDeviceProfileSelector
LogPluginManager: Mounting plugin LinuxDeviceProfileSelector
LogPluginManager: Mounting plugin LocationServicesBPLibrary
LogPluginManager: Mounting plugin MobilePatchingUtils
LogPluginManager: Mounting plugin OculusVR
LogPluginManager: Plugin shader directory ../../../Engine/Plugins/Runtime/Oculus/OculusVR/Shaders found
LogPluginManager: Mapping shader source directory ../../../Engine/Plugins/Runtime/Oculus/OculusVR/Shaders to virtual directory /Plugin/OculusVR
LogPluginManager: Mounting plugin PhysXVehicles
LogPluginManager: Mounting plugin ProceduralMeshComponent
LogPluginManager: Mounting plugin RuntimePhysXCooking
LogPluginManager: Mounting plugin SteamVR
LogPluginManager: Mounting plugin WindowsMoviePlayer
LogStreaming: Display: Took  0.340s to configure plugins.
LogInit: Using libcurl 7.55.1-DEV
LogInit:  - built for x86_64-pc-win32
LogInit:  - supports SSL with OpenSSL/1.0.2h
LogInit:  - supports HTTP deflate (compression) using libz 1.2.8
LogInit:  - other features:
LogInit:      CURL_VERSION_SSL
LogInit:      CURL_VERSION_LIBZ
LogInit:      CURL_VERSION_IPV6
LogInit:      CURL_VERSION_ASYNCHDNS
LogInit:      CURL_VERSION_LARGEFILE
LogInit:      CURL_VERSION_IDN
LogInit:  CurlRequestOptions (configurable via config and command line):
LogInit:  - bVerifyPeer = false  - Libcurl will NOT verify peer certificate
LogInit:  - bUseHttpProxy = false  - Libcurl will NOT use HTTP proxy
LogInit:  - bDontReuseConnections = false  - Libcurl will reuse connections
LogInit:  - CertBundlePath = nullptr  - Libcurl will use whatever was configured at build time.
LogInit:  - MaxHostConnections = 16  - Libcurl will limit the number of connections to a host
LogInit:  - LocalHostAddr = Default
LogInit:  - BufferSize = 65536
LogInit: WinSock: version 1.1 (2.2), MaxSocks=32767, MaxUdp=65467
LogInit: Build: ++UE4+Release-4.20-CL-4369336
LogInit: Engine Version: 4.20.3-4369336+++UE4+Release-4.20
LogInit: Compatible Engine Version: 4.20.0-4212847+++UE4+Release-4.20
LogInit: Net CL: 4212847
LogInit: OS: Windows 10 (), CPU: Intel(R) Core(TM) i7-6700HQ CPU @ 2.60GHz, GPU: Intel(R) HD Graphics 530
LogInit: Compiled (64-bit): Sep 17 2018 12:26:19
LogInit: Compiled with Visual C++: 19.13.26129.00
LogInit: Build Configuration: Development
LogInit: Branch Name: ++UE4+Release-4.20
LogInit: Command Line: 
LogInit: Base Directory: D:/Program Files/Epic Games/UE_4.20/Engine/Binaries/Win64/
LogInit: Installed Engine Build: 1
LogDevObjectVersion: Number of dev versions registered: 20
LogDevObjectVersion:   Dev-Blueprints (B0D832E4-1F89-4F0D-ACCF-7EB736FD4AA2): 10
LogDevObjectVersion:   Dev-Build (E1C64328-A22C-4D53-A36C-8E866417BD8C): 0
LogDevObjectVersion:   Dev-Core (375EC13C-06E4-48FB-B500-84F0262A717E): 2
LogDevObjectVersion:   Dev-Editor (E4B068ED-F494-42E9-A231-DA0B2E46BB41): 24
LogDevObjectVersion:   Dev-Framework (CFFC743F-43B0-4480-9391-14DF171D2073): 34
LogDevObjectVersion:   Dev-Mobile (B02B49B5-BB20-44E9-A304-32B752E40360): 2
LogDevObjectVersion:   Dev-Networking (A4E4105C-59A1-49B5-A7C5-40C4547EDFEE): 0
LogDevObjectVersion:   Dev-Online (39C831C9-5AE6-47DC-9A44-9C173E1C8E7C): 0
LogDevObjectVersion:   Dev-Physics (78F01B33-EBEA-4F98-B9B4-84EACCB95AA2): 0
LogDevObjectVersion:   Dev-Platform (6631380F-2D4D-43E0-8009-CF276956A95A): 0
LogDevObjectVersion:   Dev-Rendering (12F88B9F-8875-4AFC-A67C-D90C383ABD29): 26
LogDevObjectVersion:   Dev-Sequencer (7B5AE74C-D270-4C10-A958-57980B212A5A): 9
LogDevObjectVersion:   Dev-VR (D7296918-1DD6-4BDD-9DE2-64A83CC13884): 2
LogDevObjectVersion:   Dev-LoadTimes (C2A15278-BFE7-4AFE-6C17-90FF531DF755): 1
LogDevObjectVersion:   Private-Geometry (6EACA3D4-40EC-4CC1-B786-8BED09428FC5): 3
LogDevObjectVersion:   Dev-AnimPhys (29E575DD-E0A3-4627-9D10-D276232CDCEA): 17
LogDevObjectVersion:   Dev-ReflectionCapture (6B266CEC-1EC7-4B8F-A30B-E4D90942FC07): 1
LogDevObjectVersion:   Dev-Automation (0DF73D61-A23F-47EA-B727-89E90C41499A): 1
LogDevObjectVersion:   FortniteMain (601D1886-AC64-4F84-AA16-D3DE0DEAC7D6): 12
LogDevObjectVersion:   Dev-Enterprise (9DFFBCD6-494F-0158-E221-12823C92A888): 1
LogStreaming: Display: Took  0.084s to delete old logs.
LogInit: Presizing for max 8388607 objects, including 0 objects not considered by GC, pre-allocating 0 bytes for permanent pool.
LogInit: Object subsystem initialized
[2018.12.09-11.21.52:715][  0]LogInit: Selected Device Profile: [Windows]
[2018.12.09-11.21.52:715][  0]LogInit: Applying CVar settings loaded from the selected device profile: [Windows]
[2018.12.09-11.21.52:808][  0]LogHAL: Display: Platform has ~ 16 GB [17033637888 / 17179869184 / 16], which maps to Larger [LargestMinGB=32, LargerMinGB=12, DefaultMinGB=8, SmallerMinGB=6, SmallestMinGB=0)
[2018.12.09-11.21.52:808][  0]LogInit: Setting Device Profile CVar: [[r.Vulkan.UseRealUBs:1]]
[2018.12.09-11.21.52:808][  0]LogInit: Going up to parent DeviceProfile []
[2018.12.09-11.21.52:808][  0]LogInit: Computer: DESKTOP-M7SSLMQ
[2018.12.09-11.21.52:808][  0]LogInit: User: erana
[2018.12.09-11.21.52:808][  0]LogInit: CPU Page size=4096, Cores=4
[2018.12.09-11.21.52:809][  0]LogInit: High frequency timer resolution =10.000000 MHz
[2018.12.09-11.21.52:809][  0]LogMemory: Memory total: Physical=15.9GB (16GB approx)
[2018.12.09-11.21.52:809][  0]LogMemory: Platform Memory Stats for Windows
[2018.12.09-11.21.52:809][  0]LogMemory: Process Physical Memory: 99.96 MB used, 99.96 MB peak
[2018.12.09-11.21.52:809][  0]LogMemory: Process Virtual Memory: 90.83 MB used, 90.83 MB peak
[2018.12.09-11.21.52:809][  0]LogMemory: Physical Memory: 8733.90 MB used,  7510.64 MB free, 16244.54 MB total
[2018.12.09-11.21.52:809][  0]LogMemory: Virtual Memory: 4642.32 MB used,  7510.64 MB free, 134217728.00 MB total
[2018.12.09-11.21.52:831][  0]LogInit: Using OS detected language (en-US).
[2018.12.09-11.21.52:831][  0]LogInit: Using OS detected locale (en-US).
[2018.12.09-11.21.52:832][  0]LogTextLocalizationManager: No specific localization for 'en-US' exists, so the 'en' localization will be used.
[2018.12.09-11.21.53:353][  0]LogStreaming: Display: Took  0.523s to InitEngineTextLocalization.
[2018.12.09-11.21.53:353][  0]LogInit: Setting process to per monitor DPI aware
[2018.12.09-11.21.53:413][  0]LogSlate: New Slate User Created.  User Index 0, Is Virtual User: 0
[2018.12.09-11.21.53:413][  0]LogSlate: Slate User Registered.  User Index 0, Is Virtual User: 0
[2018.12.09-11.21.53:711][  0]LogHMD: Failed to initialize OpenVR with code 110
[2018.12.09-11.21.53:711][  0]LogD3D11RHI: D3D11 adapters:
[2018.12.09-11.21.53:801][  0]LogD3D11RHI:    0. 'NVIDIA GeForce GTX 960M' (Feature Level 11_0)
[2018.12.09-11.21.53:801][  0]LogD3D11RHI:       4055/0/8122 MB DedicatedVideo/DedicatedSystem/SharedSystem, Outputs:2, VendorId:0x10de
[2018.12.09-11.21.53:811][  0]LogD3D11RHI:    1. 'Intel(R) HD Graphics 530' (Feature Level 11_0)
[2018.12.09-11.21.53:811][  0]LogD3D11RHI:       128/0/8122 MB DedicatedVideo/DedicatedSystem/SharedSystem, Outputs:0, VendorId:0x8086
[2018.12.09-11.21.53:814][  0]LogD3D11RHI:    2. 'Microsoft Basic Render Driver' (Feature Level 11_0)
[2018.12.09-11.21.53:814][  0]LogD3D11RHI:       0/0/8122 MB DedicatedVideo/DedicatedSystem/SharedSystem, Outputs:0, VendorId:0x1414
[2018.12.09-11.21.53:814][  0]LogD3D11RHI: Chosen D3D11 Adapter: 0
[2018.12.09-11.21.53:858][  0]LogD3D11RHI: Creating new Direct3DDevice
[2018.12.09-11.21.53:858][  0]LogD3D11RHI:     GPU DeviceId: 0x139b (for the marketing name, search the web for "GPU Device Id")
[2018.12.09-11.21.53:858][  0]LogWindows: EnumDisplayDevices:
[2018.12.09-11.21.53:858][  0]LogWindows:    0. 'Intel(R) HD Graphics 530' (P:0 D:1)
[2018.12.09-11.21.53:858][  0]LogWindows:    1. 'Intel(R) HD Graphics 530' (P:1 D:1)
[2018.12.09-11.21.53:859][  0]LogWindows:    2. 'Intel(R) HD Graphics 530' (P:0 D:0)
[2018.12.09-11.21.53:859][  0]LogWindows: DebugString: PrimaryIsNotTheChoosenAdapter PrimaryIsNotTheChoosenAdapter PrimaryIsNotTheChoosenAdapter FoundDriverCount:0 
[2018.12.09-11.21.53:859][  0]LogD3D11RHI:     Adapter Name: NVIDIA GeForce GTX 960M
[2018.12.09-11.21.53:859][  0]LogD3D11RHI:   Driver Version: Unknown (internal:Unknown, unified:Unknown)
[2018.12.09-11.21.53:859][  0]LogD3D11RHI:      Driver Date: Unknown
[2018.12.09-11.21.53:859][  0]LogRHI: Texture pool is 2839 MB (70% of 4055 MB)
[2018.12.09-11.21.53:912][  0]LogD3D11RHI: Async texture creation enabled
[2018.12.09-11.21.53:932][  0]LogD3D11RHI: GPU Timing Frequency: 1000.000000 (Debug: 2 2)
[2018.12.09-11.21.53:934][  0]LogShaderCompilers: Guid format shader working directory is -5 characters bigger than the processId version (../../../../../../Unreal Projects/VRCourse_Project1/Intermediate/Shaders/WorkingDirectory/9532/).
[2018.12.09-11.21.53:934][  0]LogShaderCompilers: Cleaned the shader compiler working directory 'C:/Users/erana/AppData/Local/Temp/UnrealShaderWorkingDir/C371FCC947278FDBF4BEFABAC51F3C9A/'.
[2018.12.09-11.21.54:345][  0]LogTemp: Display: Loaded TP AllDesktopTargetPlatform
[2018.12.09-11.21.54:366][  0]LogTemp: Display: Loaded TP MacClientTargetPlatform
[2018.12.09-11.21.54:382][  0]LogTemp: Display: Loaded TP MacNoEditorTargetPlatform
[2018.12.09-11.21.54:399][  0]LogTemp: Display: Loaded TP MacServerTargetPlatform
[2018.12.09-11.21.54:418][  0]LogTemp: Display: Loaded TP MacTargetPlatform
[2018.12.09-11.21.54:437][  0]LogTemp: Display: Loaded TP WindowsClientTargetPlatform
[2018.12.09-11.21.54:452][  0]LogTemp: Display: Loaded TP WindowsNoEditorTargetPlatform
[2018.12.09-11.21.54:469][  0]LogTemp: Display: Loaded TP WindowsServerTargetPlatform
[2018.12.09-11.21.54:476][  0]LogTemp: Display: Loaded TP WindowsTargetPlatform
[2018.12.09-11.21.54:577][  0]LogTemp: Display: Loaded TP AndroidTargetPlatform
[2018.12.09-11.21.54:577][  0]LogTemp: Display: Loaded TP AndroidTargetPlatform
[2018.12.09-11.21.54:577][  0]LogTemp: Display: Loaded TP AndroidTargetPlatform
[2018.12.09-11.21.54:577][  0]LogTemp: Display: Loaded TP AndroidTargetPlatform
[2018.12.09-11.21.54:577][  0]LogTemp: Display: Loaded TP AndroidTargetPlatform
[2018.12.09-11.21.54:577][  0]LogTemp: Display: Loaded TP AndroidTargetPlatform
[2018.12.09-11.21.54:577][  0]LogTemp: Display: Loaded TP AndroidTargetPlatform
[2018.12.09-11.21.54:577][  0]LogTemp: Display: Loaded TP AndroidTargetPlatform
[2018.12.09-11.21.54:577][  0]LogTemp: Display: Loaded TP AndroidTargetPlatform
[2018.12.09-11.21.54:577][  0]LogTemp: Display: Loaded TP AndroidTargetPlatform
[2018.12.09-11.21.54:577][  0]LogTemp: Display: Loaded TP AndroidTargetPlatform
[2018.12.09-11.21.54:577][  0]LogTemp: Display: Loaded TP AndroidTargetPlatform
[2018.12.09-11.21.54:577][  0]LogTemp: Display: Loaded TP AndroidTargetPlatform
[2018.12.09-11.21.54:577][  0]LogTemp: Display: Loaded TP AndroidTargetPlatform
[2018.12.09-11.21.54:577][  0]LogTemp: Display: Loaded TP AndroidTargetPlatform
[2018.12.09-11.21.54:577][  0]LogTemp: Display: Loaded TP AndroidTargetPlatform
[2018.12.09-11.21.54:577][  0]LogTemp: Display: Loaded TP AndroidTargetPlatform
[2018.12.09-11.21.54:577][  0]LogTemp: Display: Loaded TP AndroidTargetPlatform
[2018.12.09-11.21.54:579][  0]LogTemp: Display: Loaded TP HTML5TargetPlatform
[2018.12.09-11.21.54:643][  0]LogTemp: Display: Loaded TP IOSTargetPlatform
[2018.12.09-11.21.54:643][  0]LogTemp: Display: Loaded TP IOSTargetPlatform
[2018.12.09-11.21.54:671][  0]LogTemp: Display: Loaded TP TVOSTargetPlatform
[2018.12.09-11.21.54:671][  0]LogTemp: Display: Loaded TP TVOSTargetPlatform
[2018.12.09-11.21.54:690][  0]LogTemp: Display: Loaded TP LinuxClientTargetPlatform
[2018.12.09-11.21.54:708][  0]LogTemp: Display: Loaded TP LinuxNoEditorTargetPlatform
[2018.12.09-11.21.54:723][  0]LogTemp: Display: Loaded TP LinuxServerTargetPlatform
[2018.12.09-11.21.54:742][  0]LogTemp: Display: Loaded TP LinuxTargetPlatform
[2018.12.09-11.21.54:759][  0]LogTemp: Display: Loaded TP LuminTargetPlatform
[2018.12.09-11.21.54:759][  0]LogTargetPlatformManager: Display: Building Assets For Windows
[2018.12.09-11.21.54:815][  0]LogXGEController: Cannot use XGE Controller as Incredibuild is not installed on this machine.
[2018.12.09-11.21.54:815][  0]LogShaderCompilers: Cannot use XGE Shader Compiler as Incredibuild is not installed on this machine.
[2018.12.09-11.21.54:815][  0]LogShaderCompilers: Display: Using Local Shader Compiler.
[2018.12.09-11.21.55:724][  0]LogDerivedDataCache: Display: Max Cache Size: 512 MB
[2018.12.09-11.21.55:810][  0]LogDerivedDataCache: Loaded boot cache 0.09s 71MB C:/Users/erana/AppData/Local/UnrealEngine/4.20/DerivedDataCache/Boot.ddc.
[2018.12.09-11.21.55:811][  0]LogDerivedDataCache: Display: Loaded Boot cache: C:/Users/erana/AppData/Local/UnrealEngine/4.20/DerivedDataCache/Boot.ddc
[2018.12.09-11.21.55:811][  0]LogDerivedDataCache: FDerivedDataBackendGraph:  Pak pak cache file ../../../../../../Unreal Projects/VRCourse_Project1/DerivedDataCache/DDC.ddp not found, will not use a pak cache.
[2018.12.09-11.21.55:811][  0]LogDerivedDataCache: Unable to find inner node Pak for hierarchical cache Hierarchy.
[2018.12.09-11.21.55:811][  0]LogDerivedDataCache: FDerivedDataBackendGraph:  CompressedPak pak cache file ../../../../../../Unreal Projects/VRCourse_Project1/DerivedDataCache/Compressed.ddp not found, will not use a pak cache.
[2018.12.09-11.21.55:811][  0]LogDerivedDataCache: Unable to find inner node CompressedPak for hierarchical cache Hierarchy.
[2018.12.09-11.21.55:827][  0]LogDerivedDataCache: Display: Pak cache opened for reading ../../../Engine/DerivedDataCache/Compressed.ddp.
[2018.12.09-11.21.55:839][  0]LogDerivedDataCache: Using Local data cache path C:/Users/erana/AppData/Local/UnrealEngine/Common/DerivedDataCache: Writable
[2018.12.09-11.21.55:839][  0]LogDerivedDataCache: Shared data cache path not found in *engine.ini, will not use an Shared cache.
[2018.12.09-11.21.55:839][  0]LogDerivedDataCache: Unable to find inner node Shared for hierarchical cache Hierarchy.
[2018.12.09-11.21.55:866][  0]LogMaterial: Verifying Global Shaders for PCD3D_SM5
[2018.12.09-11.21.55:869][  0]LogSlate: Using FreeType 2.6.0
[2018.12.09-11.21.55:870][  0]LogSlate: SlateFontServices - WITH_FREETYPE: 1, WITH_HARFBUZZ: 1
[2018.12.09-11.21.55:956][  0]LogAssetRegistry: FAssetRegistry took 0.0274 seconds to start up
[2018.12.09-11.21.56:361][  0]LogInit: Selected Device Profile: [Windows]
[2018.12.09-11.21.56:536][  0]LogSimplygon: Simplygon DLL not present - disabling.
[2018.12.09-11.21.56:539][  0]LogMeshReduction: Using SimplygonSwarm for distributed automatic mesh merging
[2018.12.09-11.21.56:539][  0]LogMeshReduction: Using ProxyLODMeshReduction for automatic mesh merging
[2018.12.09-11.21.56:539][  0]LogMeshReduction: Using QuadricMeshReduction for automatic static mesh reduction
[2018.12.09-11.21.56:539][  0]LogMeshReduction: No automatic skeletal mesh reduction module available
[2018.12.09-11.21.56:571][  0]LogNetVersion: VRCourse_Project1 1.0.0, NetCL: 4212847, EngineNetVer: 5, GameNetVer: 0 (Checksum: 4066339342)
[2018.12.09-11.21.57:468][  0]LogPackageLocalizationCache: Processed 11 localized package path(s) for 2 prioritized culture(s) in 0.302498 seconds
[2018.12.09-11.21.57:477][  0]LogUObjectArray: 38425 objects as part of root set at end of initial load.
[2018.12.09-11.21.57:477][  0]LogUObjectAllocator: 6690872 out of 0 bytes used by permanent object pool.
[2018.12.09-11.21.57:477][  0]LogUObjectArray: CloseDisregardForGC: 0/0 objects in disregard for GC pool
[2018.12.09-11.21.58:504][  0]LogTcpMessaging: Initializing TcpMessaging bridge
[2018.12.09-11.21.58:518][  0]LogUdpMessaging: Initializing bridge on interface 0.0.0.0:0 to multicast group 230.0.0.1:6666.
[2018.12.09-11.21.58:680][  0]SourceControl: Source control is disabled
[2018.12.09-11.21.59:497][  0]LogAndroidPermission: UAndroidPermissionCallbackProxy::GetInstance
[2018.12.09-11.21.59:632][  0]LogOcInput: OculusInput pre-init called
[2018.12.09-11.21.59:700][  0]LogEngine: Initializing Engine...
[2018.12.09-11.21.59:701][  0]LogHMD: Failed to initialize OpenVR with code 110
[2018.12.09-11.21.59:703][  0]LogStats: UGameplayTagsManager::ConstructGameplayTagTree: ImportINI prefixes -  0.000 s
[2018.12.09-11.21.59:703][  0]LogStats: UGameplayTagsManager::ConstructGameplayTagTree: Construct from data asset -  0.000 s
[2018.12.09-11.21.59:703][  0]LogStats: UGameplayTagsManager::ConstructGameplayTagTree: ImportINI -  0.000 s
[2018.12.09-11.21.59:703][  0]LogStats: UGameplayTagsManager::ConstructGameplayTagTree: GameplayTagTreeChangedEvent.Broadcast -  0.000 s
[2018.12.09-11.21.59:979][  0]LogInit: Initializing FReadOnlyCVARCache
[2018.12.09-11.21.59:996][  0]LogAIModule: Creating AISystem for world Untitled
[2018.12.09-11.22.00:058][  0]LogInit: XAudio2 using 'Speakers (Realtek High Definition Audio)' : 2 channels at 48 kHz using 32 bits per sample (channel mask 0x3)
[2018.12.09-11.22.00:090][  0]LogInit: FAudioDevice initialized.
[2018.12.09-11.22.00:090][  0]LogNetVersion: Set ProjectVersion to 1.0.0.0. Version Checksum will be recalculated on next use.
[2018.12.09-11.22.00:166][  0]LogDerivedDataCache: Saved boot cache 0.08s 71MB C:/Users/erana/AppData/Local/UnrealEngine/4.20/DerivedDataCache/Boot.ddc.
[2018.12.09-11.22.00:176][  0]LogInit: Texture streaming: Enabled
[2018.12.09-11.22.00:191][  0]LogEngineSessionManager: EngineSessionManager initialized
[2018.12.09-11.22.00:203][  0]LogInit: Transaction tracking system initialized
[2018.12.09-11.22.00:222][  0]BlueprintLog: New page: Editor Load
[2018.12.09-11.22.00:282][  0]LocalizationService: Localization service is disabled
[2018.12.09-11.22.00:352][  0]LogLinker: Warning: Can't find file '/Game/ThirdPersonBP/ThirdPersonOverview'
[2018.12.09-11.22.00:353][  0]LogLinker: Warning: Can't find file '/Game/ThirdPersonBP/ThirdPersonOverview'
[2018.12.09-11.22.00:353][  0]LogUObjectGlobals: Warning: Failed to find object 'Class /Game/ThirdPersonBP/ThirdPersonOverview.ThirdPersonOverview_C'
[2018.12.09-11.22.00:646][  0]LogCook: Display: Max memory allowance for cook 16384mb min free memory 0mb
[2018.12.09-11.22.00:646][  0]LogCook: Display: Mobile HDR setting 1
[2018.12.09-11.22.00:646][  0]LogGameplayTags: Display: UGameplayTagsManager::DoneAddingNativeTags. DelegateIsBound: 0
[2018.12.09-11.22.00:646][  0]LogStats: UGameplayTagsManager::ConstructGameplayTagTree: ImportINI prefixes -  0.000 s
[2018.12.09-11.22.00:646][  0]LogStats: UGameplayTagsManager::ConstructGameplayTagTree: Construct from data asset -  0.000 s
[2018.12.09-11.22.00:646][  0]LogStats: UGameplayTagsManager::ConstructGameplayTagTree: ImportINI -  0.000 s
[2018.12.09-11.22.00:646][  0]LogStats: UGameplayTagsManager::ConstructGameplayTagTree: GameplayTagTreeChangedEvent.Broadcast -  0.000 s
[2018.12.09-11.22.00:772][  0]LogFileCache: Scanning file cache for directory 'D:/Unreal Projects/VRCourse_Project1/Content/' took 0.04s
[2018.12.09-11.22.00:772][  0]Cmd: MAP LOAD FILE="../../../../../../Unreal Projects/VRCourse_Project1/Content/ThirdPersonBP/Maps/ThirdPersonExampleMap.umap" TEMPLATE=0 SHOWPROGRESS=1 FEATURELEVEL=3
[2018.12.09-11.22.00:773][  0]LogEditorServer: Warning: Can't find file '../../../../../../Unreal Projects/VRCourse_Project1/Content/ThirdPersonBP/Maps/ThirdPersonExampleMap.umap'
[2018.12.09-11.22.00:773][  0]Cmd: MAP CHECKDEP NOCLEARLOG
[2018.12.09-11.22.00:836][  0]MapCheck: Map check complete: 0 Error(s), 0 Warning(s), took 63.15ms to complete.
[2018.12.09-11.22.00:836][  0]LogFileHelpers: Loading map 'ThirdPersonExampleMap' took 0.064
[2018.12.09-11.22.01:127][  0]LogSlate: Updating window title bar state: overlay mode, drag disabled, window buttons hidden, title bar hidden
[2018.12.09-11.22.01:142][  0]LogSlate: Updating window title bar state: overlay mode, drag disabled, window buttons hidden, title bar hidden
[2018.12.09-11.22.01:154][  0]LogSlate: Updating window title bar state: overlay mode, drag disabled, window buttons hidden, title bar hidden
[2018.12.09-11.22.01:166][  0]LogSlate: Updating window title bar state: overlay mode, drag disabled, window buttons hidden, title bar hidden
[2018.12.09-11.22.01:206][  0]LogCollectionManager: Loaded 0 collections in 0.001284 seconds
[2018.12.09-11.22.01:255][  0]LogFileCache: Scanning file cache for directory 'D:/Unreal Projects/VRCourse_Project1/Saved/Collections/' took 0.01s
[2018.12.09-11.22.01:255][  0]LogFileCache: Scanning file cache for directory 'D:/Unreal Projects/VRCourse_Project1/Content/Developers/erana/Collections/' took 0.01s
[2018.12.09-11.22.01:255][  0]LogFileCache: Scanning file cache for directory 'D:/Unreal Projects/VRCourse_Project1/Content/Collections/' took 0.01s
[2018.12.09-11.22.01:255][  0]LogCollectionManager: Rebuilt the GUID cache for 0 collections in 0.000001 seconds
[2018.12.09-11.22.01:267][  0]LogContentBrowser: Native class hierarchy populated in 0.0122 seconds. Added 2572 classes and 603 folders.
[2018.12.09-11.22.01:273][  0]LogContentBrowser: Native class hierarchy updated for 'WidgetCarousel' in 0.0002 seconds. Added 0 classes and 0 folders.
[2018.12.09-11.22.02:528][  0]LogContentBrowser: Native class hierarchy updated for 'AddContentDialog' in 0.0004 seconds. Added 0 classes and 0 folders.
[2018.12.09-11.22.02:577][  0]LogContentBrowser: Native class hierarchy updated for 'SceneOutliner' in 0.0004 seconds. Added 1 classes and 2 folders.
[2018.12.09-11.22.02:629][  0]LogSlate: Took 0.000261 seconds to synchronously load lazily loaded font '../../../Engine/Content/Slate/Fonts/Roboto-Regular.ttf' (155K)
[2018.12.09-11.22.02:632][  0]LogSlate: Took 0.000278 seconds to synchronously load lazily loaded font '../../../Engine/Content/Slate/Fonts/Roboto-Bold.ttf' (160K)
[2018.12.09-11.22.02:680][  0]LogSlate: Took 0.037737 seconds to synchronously load lazily loaded font '../../../Engine/Content/Editor/Slate/Fonts/FontAwesome.ttf' (139K)
[2018.12.09-11.22.03:260][  0]LogRenderer: Reallocating scene render targets to support 1668x844 Format 10 NumSamples 1 (Frame:1).
[2018.12.09-11.22.03:499][  0]LogContentBrowser: Native class hierarchy updated for 'HierarchicalLODOutliner' in 0.0003 seconds. Added 0 classes and 0 folders.
[2018.12.09-11.22.03:499][  0]LogLoad: (Engine Initialization) Total time: 13.80 seconds
[2018.12.09-11.22.03:499][  0]LogLoad: (Engine Initialization) Total Blueprint compile time: 0.00 seconds
[2018.12.09-11.22.03:543][  0]LogContentStreaming: Texture pool size now 1000 MB
[2018.12.09-11.22.03:654][  1]LogAssetRegistry: Asset discovery search completed in 7.7205 seconds
[2018.12.09-11.22.03:658][  1]LogCollectionManager: Rebuilt the object cache for 0 collections in 0.000000 seconds (found 0 objects)
[2018.12.09-11.22.03:658][  1]LogCollectionManager: Fixed up redirectors for 0 collections in 0.000075 seconds (updated 0 objects)
[2018.12.09-11.22.12:496][ 73]LogSlate: FSceneViewport::OnFocusLost() reason 0
[2018.12.09-11.22.15:743][179]LogSlate: Took 0.139470 seconds to synchronously load lazily loaded font '../../../Engine/Content/Slate/Fonts/Roboto-Light.ttf' (167K)
[2018.12.09-11.22.23:295][179]LogAIModule: Creating AISystem for world MainMap
[2018.12.09-11.22.23:323][179]LogAssetEditorManager: Opening Asset editor for World /Game/ThirdPersonBP/Maps/MainMap.MainMap
[2018.12.09-11.22.23:355][179]Cmd: MAP LOAD FILE="../../../../../../Unreal Projects/VRCourse_Project1/Content/ThirdPersonBP/Maps/MainMap.umap" TEMPLATE=0 SHOWPROGRESS=1 FEATURELEVEL=3
[2018.12.09-11.22.23:355][179]LightingResults: New page: Lighting Build
[2018.12.09-11.22.23:358][179]LogContentBrowser: Native class hierarchy updated for 'StatsViewer' in 0.0003 seconds. Added 5 classes and 0 folders.
[2018.12.09-11.22.23:358][179]LoadErrors: New page: Loading map: MainMap.umap
[2018.12.09-11.22.23:359][179]MapCheck: New page: Map Check
[2018.12.09-11.22.23:359][179]LightingResults: New page: Lighting Build
[2018.12.09-11.22.23:428][179]LogEditorServer: Finished looking for orphan Actors (0.000 secs)
[2018.12.09-11.22.23:513][179]Cmd: MAP CHECKDEP NOCLEARLOG
[2018.12.09-11.22.23:602][179]MapCheck: Map check complete: 0 Error(s), 0 Warning(s), took 89.183ms to complete.
[2018.12.09-11.22.23:604][179]LogFileHelpers: Loading map 'MainMap' took 0.250
[2018.12.09-11.22.54:840][844]LogSlate: FSceneViewport::OnFocusLost() reason 2
[2018.12.09-11.22.56:460][908]LogSlate: FSceneViewport::OnFocusLost() reason 2
[2018.12.09-11.22.56:475][908]LogAssetEditorManager: Opening Asset editor for LevelScriptBlueprint /Game/ThirdPersonBP/Maps/MainMap.MainMap:PersistentLevel.MainMap
[2018.12.09-11.22.57:881][908]LogContentBrowser: Native class hierarchy updated for 'BlueprintGraph' in 0.0007 seconds. Added 116 classes and 0 folders.
[2018.12.09-11.22.58:874][908]LogSlate: Took 0.017221 seconds to synchronously load lazily loaded font '../../../Engine/Content/Slate/Fonts/Roboto-BoldCondensed.ttf' (158K)
[2018.12.09-11.22.59:422][909]LogSlate: Took 0.021659 seconds to synchronously load lazily loaded font '../../../Engine/Content/Slate/Fonts/Roboto-Italic.ttf' (157K)
[2018.12.09-11.23.21:863][383]LogEditorViewport: Clicking on Actor (LMB): TriggerBox (TriggerBoxLevel2)
[2018.12.09-11.24.12:439][432]LogEditorViewport: Clicking on Actor (LMB): StaticMeshActor (Floor)
[2018.12.09-11.24.33:255][896]LogInit: XAudio2 using 'Speakers (Ear Force Stealth 500P)' : 2 channels at 48 kHz using 16 bits per sample (channel mask 0x3)
[2018.12.09-11.24.33:391][897]LogInit: XAudio2 using 'Speakers (Ear Force Stealth 500P)' : 2 channels at 48 kHz using 16 bits per sample (channel mask 0x3)
[2018.12.09-11.24.43:768][ 35]LogEditorViewport: Clicking on Actor (LMB): StaticMeshActor (Floor)
[2018.12.09-11.25.27:194][401]LogSlate: FSceneViewport::OnFocusLost() reason 2
[2018.12.09-11.25.44:273][740]LogSlate: Took 0.155025 seconds to synchronously load lazily loaded font '../../../Engine/Content/Slate/Fonts/DroidSansFallback.ttf' (3848K)
[2018.12.09-11.25.44:313][740]LogSlate: Took 0.037490 seconds to synchronously load lazily loaded font '../../../Engine/Content/SlateDebug/Fonts/LastResort.ttf' (5269K)
[2018.12.09-11.25.47:978][814]LogWindowsTextInputMethodSystem: Display: IME system now deactivated.
[2018.12.09-11.25.47:978][814]LogWindowsTextInputMethodSystem: Display: IME system now deactivated.
[2018.12.09-11.25.51:903][882]LogSlate: Took 0.006943 seconds to synchronously load lazily loaded font '../../../Engine/Content/Slate/Fonts/Roboto-BoldCondensedItalic.ttf' (160K)
[2018.12.09-11.25.54:033][915]BlueprintLog: New page: Compile MainMap
[2018.12.09-11.28.56:350][591]LogWindowsTextInputMethodSystem: Display: IME system now deactivated.
[2018.12.09-11.28.56:350][591]LogWindowsTextInputMethodSystem: Display: IME system now deactivated.
[2018.12.09-11.35.41:573][ 81]LogWindowsTextInputMethodSystem: Display: IME system now deactivated.
[2018.12.09-11.35.41:573][ 81]LogWindowsTextInputMethodSystem: Display: IME system now deactivated.
[2018.12.09-11.37.40:997][595]LogWindowsTextInputMethodSystem: Display: IME system now deactivated.
[2018.12.09-11.37.40:997][595]LogWindowsTextInputMethodSystem: Display: IME system now deactivated.
[2018.12.09-11.39.04:291][348]LogWindowsTextInputMethodSystem: Display: IME system now deactivated.
[2018.12.09-11.39.04:291][348]LogWindowsTextInputMethodSystem: Display: IME system now deactivated.
[2018.12.09-11.39.46:271][144]LogWindowsTextInputMethodSystem: Display: IME system now deactivated.
[2018.12.09-11.39.46:271][144]LogWindowsTextInputMethodSystem: Display: IME system now deactivated.
[2018.12.09-11.40.33:125][ 61]LogWindowsTextInputMethodSystem: Display: IME system now deactivated.
[2018.12.09-11.40.33:125][ 61]LogWindowsTextInputMethodSystem: Display: IME system now deactivated.
[2018.12.09-11.41.10:373][664]LogWindowsTextInputMethodSystem: Display: IME system now deactivated.
[2018.12.09-11.41.10:373][664]LogWindowsTextInputMethodSystem: Display: IME system now deactivated.
[2018.12.09-11.42.27:062][293]LogWindowsTextInputMethodSystem: Display: IME system now deactivated.
[2018.12.09-11.42.27:062][293]LogWindowsTextInputMethodSystem: Display: IME system now deactivated.
[2018.12.09-11.42.44:800][620]LogWindowsTextInputMethodSystem: Display: IME system now deactivated.
[2018.12.09-11.42.44:801][620]LogWindowsTextInputMethodSystem: Display: IME system now deactivated.
[2018.12.09-11.44.23:847][660]BlueprintLog: New page: Compile MainMap
[2018.12.09-11.44.29:345][736]LogSlate: FSceneViewport::OnFocusLost() reason 0
[2018.12.09-11.44.45:584][ 73]LogWindowsTextInputMethodSystem: Display: IME system now deactivated.
[2018.12.09-11.44.45:585][ 73]LogWindowsTextInputMethodSystem: Display: IME system now deactivated.
[2018.12.09-11.49.24:319][869]BlueprintLog: New page: Compile MainMap
[2018.12.09-11.49.26:649][895]LogEditorViewport: Clicking on Actor (LMB): StaticMeshActor (Floor)
[2018.12.09-11.49.28:010][925]LogSlate: FSceneViewport::OnFocusLost() reason 0
[2018.12.09-11.49.28:099][927]LogTemp: Repeating last play command: Selected Viewport
[2018.12.09-11.49.28:157][927]LogBlueprintUserMessages: Early PlayInEditor Detection: Level '/Game/ThirdPersonBP/Maps/MainMap.MainMap:PersistentLevel' has LevelScriptBlueprint '/Game/ThirdPersonBP/Maps/MainMap.MainMap:PersistentLevel.MainMap' with GeneratedClass '/Game/ThirdPersonBP/Maps/MainMap.MainMap_C' with ClassGeneratedBy '/Game/ThirdPersonBP/Maps/MainMap.MainMap:PersistentLevel.MainMap'
[2018.12.09-11.49.28:157][927]LogPlayLevel: PlayLevel: No blueprints needed recompiling
[2018.12.09-11.49.28:172][927]PIE: New page: PIE session: MainMap (Dec 9, 2018, 3:49:28 PM)
[2018.12.09-11.49.28:173][927]LogPlayLevel: Creating play world package: /Game/ThirdPersonBP/Maps/UEDPIE_0_MainMap
[2018.12.09-11.49.28:211][927]LogPlayLevel: PIE: StaticDuplicateObject took: (0.038702s)
[2018.12.09-11.49.28:213][927]LogAIModule: Creating AISystem for world MainMap
[2018.12.09-11.49.28:213][927]LogPlayLevel: PIE: World Init took: (0.001506s)
[2018.12.09-11.49.28:213][927]LogPlayLevel: PIE: Created PIE world by copying editor world from /Game/ThirdPersonBP/Maps/MainMap.MainMap to /Game/ThirdPersonBP/Maps/UEDPIE_0_MainMap.MainMap (0.040841s)
[2018.12.09-11.49.28:276][927]LogInit: XAudio2 using 'Speakers (Ear Force Stealth 500P)' : 2 channels at 48 kHz using 16 bits per sample (channel mask 0x3)
[2018.12.09-11.49.28:292][927]LogInit: FAudioDevice initialized.
[2018.12.09-11.49.28:340][927]LogLoad: Game class is 'ThirdPersonGameMode_C'
[2018.12.09-11.49.28:367][927]LogWorld: Bringing World /Game/ThirdPersonBP/Maps/UEDPIE_0_MainMap.MainMap up for play (max tick rate 60) at 2018.12.09-13.49.28
[2018.12.09-11.49.28:368][927]LogWorld: Bringing up level for play took: 0.006634
[2018.12.09-11.49.28:408][927]LogContentBrowser: Native class hierarchy updated for 'MovieSceneCapture' in 0.0003 seconds. Added 10 classes and 0 folders.
[2018.12.09-11.49.28:409][927]PIE: Play in editor start time for /Game/ThirdPersonBP/Maps/UEDPIE_0_MainMap -0.705
[2018.12.09-11.49.28:409][927]LogBlueprintUserMessages: Late PlayInEditor Detection: Level '/Game/ThirdPersonBP/Maps/MainMap.MainMap:PersistentLevel' has LevelScriptBlueprint '/Game/ThirdPersonBP/Maps/MainMap.MainMap:PersistentLevel.MainMap' with GeneratedClass '/Game/ThirdPersonBP/Maps/MainMap.MainMap_C' with ClassGeneratedBy '/Game/ThirdPersonBP/Maps/MainMap.MainMap:PersistentLevel.MainMap'
[2018.12.09-11.51.15:490][789]LogBlueprintUserMessages: Early EndPlayMap Detection: Level '/Game/ThirdPersonBP/Maps/MainMap.MainMap:PersistentLevel' has LevelScriptBlueprint '/Game/ThirdPersonBP/Maps/MainMap.MainMap:PersistentLevel.MainMap' with GeneratedClass '/Game/ThirdPersonBP/Maps/MainMap.MainMap_C' with ClassGeneratedBy '/Game/ThirdPersonBP/Maps/MainMap.MainMap:PersistentLevel.MainMap'
[2018.12.09-11.51.15:490][789]LogSlate: Updating window title bar state: overlay mode, drag disabled, window buttons hidden, title bar hidden
[2018.12.09-11.51.15:627][789]LogPlayLevel: Display: Shutting down PIE online subsystems
[2018.12.09-11.51.15:628][789]LogBlueprintUserMessages: Late EndPlayMap Detection: Level '/Game/ThirdPersonBP/Maps/MainMap.MainMap:PersistentLevel' has LevelScriptBlueprint '/Game/ThirdPersonBP/Maps/MainMap.MainMap:PersistentLevel.MainMap' with GeneratedClass '/Game/ThirdPersonBP/Maps/MainMap.MainMap_C' with ClassGeneratedBy '/Game/ThirdPersonBP/Maps/MainMap.MainMap:PersistentLevel.MainMap'
[2018.12.09-11.51.15:676][789]LogSlate: Updating window title bar state: overlay mode, drag disabled, window buttons hidden, title bar hidden
[2018.12.09-11.51.15:887][790]LogPlayLevel: Display: Destroying online subsystem :Context_4
[2018.12.09-11.51.25:349][963]LogSlate: FSceneViewport::OnFocusLost() reason 0
[2018.12.09-11.51.49:284][380]LogSlate: Window 'Editor Preferences' being destroyed
[2018.12.09-11.51.49:347][380]LogSlate: Window 'Editor Preferences' being destroyed
[2018.12.09-11.51.49:914][384]LogEditorViewport: Clicking on Actor (LMB): StaticMeshActor (ElevatorDoorRight)
[2018.12.09-11.52.03:619][648]LogSlate: FSceneViewport::OnFocusLost() reason 2
[2018.12.09-11.52.45:233][514]BlueprintLog: New page: Compile MainMap
[2018.12.09-11.52.47:396][542]LogEditorViewport: Clicking on Actor (LMB): StaticMeshActor (Floor)
[2018.12.09-11.52.48:180][558]LogSlate: FSceneViewport::OnFocusLost() reason 0
[2018.12.09-11.52.48:274][560]LogTemp: Repeating last play command: Selected Viewport
[2018.12.09-11.52.48:332][560]LogBlueprintUserMessages: Early PlayInEditor Detection: Level '/Game/ThirdPersonBP/Maps/MainMap.MainMap:PersistentLevel' has LevelScriptBlueprint '/Game/ThirdPersonBP/Maps/MainMap.MainMap:PersistentLevel.MainMap' with GeneratedClass '/Game/ThirdPersonBP/Maps/MainMap.MainMap_C' with ClassGeneratedBy '/Game/ThirdPersonBP/Maps/MainMap.MainMap:PersistentLevel.MainMap'
[2018.12.09-11.52.48:332][560]LogPlayLevel: PlayLevel: No blueprints needed recompiling
[2018.12.09-11.52.48:333][560]PIE: New page: PIE session: MainMap (Dec 9, 2018, 3:52:48 PM)
[2018.12.09-11.52.48:333][560]LogPlayLevel: Creating play world package: /Game/ThirdPersonBP/Maps/UEDPIE_0_MainMap
[2018.12.09-11.52.48:378][560]LogPlayLevel: PIE: StaticDuplicateObject took: (0.045072s)
[2018.12.09-11.52.48:380][560]LogAIModule: Creating AISystem for world MainMap
[2018.12.09-11.52.48:380][560]LogPlayLevel: PIE: World Init took: (0.002272s)
[2018.12.09-11.52.48:381][560]LogPlayLevel: PIE: Created PIE world by copying editor world from /Game/ThirdPersonBP/Maps/MainMap.MainMap to /Game/ThirdPersonBP/Maps/UEDPIE_0_MainMap.MainMap (0.047796s)
[2018.12.09-11.52.48:443][560]LogInit: XAudio2 using 'Speakers (Ear Force Stealth 500P)' : 2 channels at 48 kHz using 16 bits per sample (channel mask 0x3)
[2018.12.09-11.52.48:459][560]LogInit: FAudioDevice initialized.
[2018.12.09-11.52.48:490][560]LogLoad: Game class is 'ThirdPersonGameMode_C'
[2018.12.09-11.52.48:497][560]LogWorld: Bringing World /Game/ThirdPersonBP/Maps/UEDPIE_0_MainMap.MainMap up for play (max tick rate 60) at 2018.12.09-13.52.48
[2018.12.09-11.52.48:497][560]LogWorld: Bringing up level for play took: 0.006099
[2018.12.09-11.52.48:510][560]PIE: Play in editor start time for /Game/ThirdPersonBP/Maps/UEDPIE_0_MainMap -0.605
[2018.12.09-11.52.48:510][560]LogBlueprintUserMessages: Late PlayInEditor Detection: Level '/Game/ThirdPersonBP/Maps/MainMap.MainMap:PersistentLevel' has LevelScriptBlueprint '/Game/ThirdPersonBP/Maps/MainMap.MainMap:PersistentLevel.MainMap' with GeneratedClass '/Game/ThirdPersonBP/Maps/MainMap.MainMap_C' with ClassGeneratedBy '/Game/ThirdPersonBP/Maps/MainMap.MainMap:PersistentLevel.MainMap'
[2018.12.09-11.54.20:194][879]LogScript: Warning: Runaway loop detected (over 1,000,000 iterations) - see log for stack trace
	MainMap_C /Game/ThirdPersonBP/Maps/UEDPIE_0_MainMap.MainMap:PersistentLevel.MainMap_C_3
	Function /Game/ThirdPersonBP/Maps/MainMap.MainMap_C:ExecuteUbergraph_MainMap:0111
[2018.12.09-11.54.20:194][879]PIE: Error: Infinite loop detected. Blueprint:  MainMap Function:  Outputs Call Stack:  Show
[2018.12.09-11.55.13:796][879]LogBlueprintUserMessages: Early EndPlayMap Detection: Level '/Game/ThirdPersonBP/Maps/MainMap.MainMap:PersistentLevel' has LevelScriptBlueprint '/Game/ThirdPersonBP/Maps/MainMap.MainMap:PersistentLevel.MainMap' with GeneratedClass '/Game/ThirdPersonBP/Maps/MainMap.MainMap_C' with ClassGeneratedBy '/Game/ThirdPersonBP/Maps/MainMap.MainMap:PersistentLevel.MainMap'
[2018.12.09-11.55.13:797][879]LogSlate: Updating window title bar state: overlay mode, drag disabled, window buttons hidden, title bar hidden
[2018.12.09-11.55.14:135][879]LogPlayLevel: Display: Shutting down PIE online subsystems
[2018.12.09-11.55.14:136][879]LogBlueprintUserMessages: Late EndPlayMap Detection: Level '/Game/ThirdPersonBP/Maps/MainMap.MainMap:PersistentLevel' has LevelScriptBlueprint '/Game/ThirdPersonBP/Maps/MainMap.MainMap:PersistentLevel.MainMap' with GeneratedClass '/Game/ThirdPersonBP/Maps/MainMap.MainMap_C' with ClassGeneratedBy '/Game/ThirdPersonBP/Maps/MainMap.MainMap:PersistentLevel.MainMap'
