Log file open, 11/30/18 18:06:05
LogWindows: Failed to load 'aqProf.dll' (GetLastError=126)
LogWindows: File 'aqProf.dll' does not exist
LogWindows: Failed to load 'VSPerf140.dll' (GetLastError=126)
LogWindows: File 'VSPerf140.dll' does not exist
LogWindows: Failed to load 'VtuneApi.dll' (GetLastError=126)
LogWindows: File 'VtuneApi.dll' does not exist
LogWindows: Failed to load 'VtuneApi32e.dll' (GetLastError=126)
LogWindows: File 'VtuneApi32e.dll' does not exist
LogInit: Display: Running engine for game: VRCourse_Project1
LogPlatformFile: Not using cached read wrapper
LogTaskGraph: Started task graph with 5 named threads and 23 total threads with 3 sets of task threads.
LogStats: Stats thread started at 0.291751
LogD3D11RHI: Loaded GFSDK_Aftermath_Lib.x64.dll
LogICUInternationalization: Display: ICU TimeZone Detection - Raw Offset: +2:00, Platform Override: ''
LogPluginManager: Mounting plugin Paper2D
LogPluginManager: Mounting plugin AISupport
LogPluginManager: Mounting plugin LightPropagationVolume
LogPluginManager: Mounting plugin CLionSourceCodeAccess
LogPluginManager: Mounting plugin CodeLiteSourceCodeAccess
LogPluginManager: Mounting plugin GitSourceControl
LogPluginManager: Mounting plugin KDevelopSourceCodeAccess
LogPluginManager: Mounting plugin NullSourceCodeAccess
LogPluginManager: Mounting plugin PerforceSourceControl
LogPluginManager: Mounting plugin SubversionSourceControl
LogPluginManager: Mounting plugin UObjectPlugin
LogPluginManager: Mounting plugin VisualStudioCodeSourceCodeAccess
LogPluginManager: Mounting plugin VisualStudioSourceCodeAccess
LogPluginManager: Mounting plugin XCodeSourceCodeAccess
LogPluginManager: Mounting plugin AssetManagerEditor
LogPluginManager: Mounting plugin CryptoKeys
LogPluginManager: Mounting plugin DataValidation
LogPluginManager: Mounting plugin FacialAnimation
LogPluginManager: Mounting plugin GameplayTagsEditor
LogPluginManager: Mounting plugin MacGraphicsSwitching
LogPluginManager: Mounting plugin MeshEditor
LogPluginManager: Mounting plugin MobileLauncherProfileWizard
LogPluginManager: Mounting plugin PluginBrowser
LogPluginManager: Mounting plugin SpeedTreeImporter
LogPluginManager: Mounting plugin DatasmithContent
LogPluginManager: Mounting plugin AlembicImporter
LogPluginManager: Mounting plugin AppleImageUtils
LogPluginManager: Mounting plugin AppleVision
LogPluginManager: Mounting plugin BackChannel
LogPluginManager: Mounting plugin CharacterAI
LogPluginManager: Mounting plugin GeometryCache
LogPluginManager: Mounting plugin HTML5Networking
LogPluginManager: Mounting plugin ProxyLODPlugin
LogPluginManager: Mounting plugin MagicLeap
LogPluginManager: Mounting plugin MagicLeapEmulator
LogPluginManager: Mounting plugin MagicLeapMedia
LogPluginManager: Mounting plugin AndroidMedia
LogPluginManager: Mounting plugin AvfMedia
LogPluginManager: Mounting plugin ImgMedia
LogPluginManager: Mounting plugin LinearTimecode
LogPluginManager: Mounting plugin MediaCompositing
LogPluginManager: Mounting plugin MediaPlayerEditor
LogPluginManager: Mounting plugin WmfMedia
LogPluginManager: Mounting plugin TcpMessaging
LogPluginManager: Mounting plugin UdpMessaging
LogPluginManager: Mounting plugin ActorSequence
LogPluginManager: Mounting plugin LevelSequenceEditor
LogPluginManager: Mounting plugin MatineeToLevelSequence
LogPluginManager: Mounting plugin NetcodeUnitTest
LogPluginManager: Mounting plugin NUTUnrealEngine4
LogPluginManager: Mounting plugin OnlineSubsystemGooglePlay
LogPluginManager: Mounting plugin OnlineSubsystemIOS
LogPluginManager: Mounting plugin OnlineSubsystem
LogPluginManager: Mounting plugin OnlineSubsystemNull
LogPluginManager: Mounting plugin OnlineSubsystemUtils
LogPluginManager: Mounting plugin LauncherChunkInstaller
LogPluginManager: Mounting plugin AndroidDeviceProfileSelector
LogPluginManager: Mounting plugin AndroidMoviePlayer
LogPluginManager: Mounting plugin AndroidPermission
LogPluginManager: Mounting plugin AppleMoviePlayer
LogPluginManager: Mounting plugin ArchVisCharacter
LogPluginManager: Mounting plugin AudioCapture
LogPluginManager: Mounting plugin CableComponent
LogPluginManager: Mounting plugin CustomMeshComponent
LogPluginManager: Mounting plugin EditableMesh
LogPluginManager: Mounting plugin ExampleDeviceProfileSelector
LogPluginManager: Mounting plugin GoogleCloudMessaging
LogPluginManager: Mounting plugin ImmediatePhysics
LogPluginManager: Mounting plugin IOSDeviceProfileSelector
LogPluginManager: Mounting plugin LinuxDeviceProfileSelector
LogPluginManager: Mounting plugin LocationServicesBPLibrary
LogPluginManager: Mounting plugin MobilePatchingUtils
LogPluginManager: Mounting plugin OculusVR
LogPluginManager: Plugin shader directory ../../../Engine/Plugins/Runtime/Oculus/OculusVR/Shaders found
LogPluginManager: Mapping shader source directory ../../../Engine/Plugins/Runtime/Oculus/OculusVR/Shaders to virtual directory /Plugin/OculusVR
LogPluginManager: Mounting plugin PhysXVehicles
LogPluginManager: Mounting plugin ProceduralMeshComponent
LogPluginManager: Mounting plugin RuntimePhysXCooking
LogPluginManager: Mounting plugin SteamVR
LogPluginManager: Mounting plugin WindowsMoviePlayer
LogStreaming: Display: Took  0.102s to configure plugins.
LogInit: Using libcurl 7.55.1-DEV
LogInit:  - built for x86_64-pc-win32
LogInit:  - supports SSL with OpenSSL/1.0.2h
LogInit:  - supports HTTP deflate (compression) using libz 1.2.8
LogInit:  - other features:
LogInit:      CURL_VERSION_SSL
LogInit:      CURL_VERSION_LIBZ
LogInit:      CURL_VERSION_IPV6
LogInit:      CURL_VERSION_ASYNCHDNS
LogInit:      CURL_VERSION_LARGEFILE
LogInit:      CURL_VERSION_IDN
LogInit:  CurlRequestOptions (configurable via config and command line):
LogInit:  - bVerifyPeer = false  - Libcurl will NOT verify peer certificate
LogInit:  - bUseHttpProxy = false  - Libcurl will NOT use HTTP proxy
LogInit:  - bDontReuseConnections = false  - Libcurl will reuse connections
LogInit:  - CertBundlePath = nullptr  - Libcurl will use whatever was configured at build time.
LogInit:  - MaxHostConnections = 16  - Libcurl will limit the number of connections to a host
LogInit:  - LocalHostAddr = Default
LogInit:  - BufferSize = 65536
LogInit: WinSock: version 1.1 (2.2), MaxSocks=32767, MaxUdp=65467
LogInit: Build: ++UE4+Release-4.20-CL-4369336
LogInit: Engine Version: 4.20.3-4369336+++UE4+Release-4.20
LogInit: Compatible Engine Version: 4.20.0-4212847+++UE4+Release-4.20
LogInit: Net CL: 4212847
LogInit: OS: Windows 10 (), CPU: Intel(R) Core(TM) i7-6700HQ CPU @ 2.60GHz, GPU: Intel(R) HD Graphics 530
LogInit: Compiled (64-bit): Sep 17 2018 12:26:19
LogInit: Compiled with Visual C++: 19.13.26129.00
LogInit: Build Configuration: Development
LogInit: Branch Name: ++UE4+Release-4.20
LogInit: Command Line: 
LogInit: Base Directory: D:/Program Files/Epic Games/UE_4.20/Engine/Binaries/Win64/
LogInit: Installed Engine Build: 1
LogDevObjectVersion: Number of dev versions registered: 20
LogDevObjectVersion:   Dev-Blueprints (B0D832E4-1F89-4F0D-ACCF-7EB736FD4AA2): 10
LogDevObjectVersion:   Dev-Build (E1C64328-A22C-4D53-A36C-8E866417BD8C): 0
LogDevObjectVersion:   Dev-Core (375EC13C-06E4-48FB-B500-84F0262A717E): 2
LogDevObjectVersion:   Dev-Editor (E4B068ED-F494-42E9-A231-DA0B2E46BB41): 24
LogDevObjectVersion:   Dev-Framework (CFFC743F-43B0-4480-9391-14DF171D2073): 34
LogDevObjectVersion:   Dev-Mobile (B02B49B5-BB20-44E9-A304-32B752E40360): 2
LogDevObjectVersion:   Dev-Networking (A4E4105C-59A1-49B5-A7C5-40C4547EDFEE): 0
LogDevObjectVersion:   Dev-Online (39C831C9-5AE6-47DC-9A44-9C173E1C8E7C): 0
LogDevObjectVersion:   Dev-Physics (78F01B33-EBEA-4F98-B9B4-84EACCB95AA2): 0
LogDevObjectVersion:   Dev-Platform (6631380F-2D4D-43E0-8009-CF276956A95A): 0
LogDevObjectVersion:   Dev-Rendering (12F88B9F-8875-4AFC-A67C-D90C383ABD29): 26
LogDevObjectVersion:   Dev-Sequencer (7B5AE74C-D270-4C10-A958-57980B212A5A): 9
LogDevObjectVersion:   Dev-VR (D7296918-1DD6-4BDD-9DE2-64A83CC13884): 2
LogDevObjectVersion:   Dev-LoadTimes (C2A15278-BFE7-4AFE-6C17-90FF531DF755): 1
LogDevObjectVersion:   Private-Geometry (6EACA3D4-40EC-4CC1-B786-8BED09428FC5): 3
LogDevObjectVersion:   Dev-AnimPhys (29E575DD-E0A3-4627-9D10-D276232CDCEA): 17
LogDevObjectVersion:   Dev-ReflectionCapture (6B266CEC-1EC7-4B8F-A30B-E4D90942FC07): 1
LogDevObjectVersion:   Dev-Automation (0DF73D61-A23F-47EA-B727-89E90C41499A): 1
LogDevObjectVersion:   FortniteMain (601D1886-AC64-4F84-AA16-D3DE0DEAC7D6): 12
LogDevObjectVersion:   Dev-Enterprise (9DFFBCD6-494F-0158-E221-12823C92A888): 1
LogStreaming: Display: Took  0.000s to delete old logs.
LogInit: Presizing for max 8388607 objects, including 0 objects not considered by GC, pre-allocating 0 bytes for permanent pool.
LogInit: Object subsystem initialized
[2018.11.30-16.06.05:482][  0]LogInit: Selected Device Profile: [Windows]
[2018.11.30-16.06.05:482][  0]LogInit: Applying CVar settings loaded from the selected device profile: [Windows]
[2018.11.30-16.06.05:505][  0]LogHAL: Display: Platform has ~ 16 GB [17033637888 / 17179869184 / 16], which maps to Larger [LargestMinGB=32, LargerMinGB=12, DefaultMinGB=8, SmallerMinGB=6, SmallestMinGB=0)
[2018.11.30-16.06.05:505][  0]LogInit: Setting Device Profile CVar: [[r.Vulkan.UseRealUBs:1]]
[2018.11.30-16.06.05:505][  0]LogInit: Going up to parent DeviceProfile []
[2018.11.30-16.06.05:505][  0]LogInit: Computer: DESKTOP-M7SSLMQ
[2018.11.30-16.06.05:505][  0]LogInit: User: erana
[2018.11.30-16.06.05:505][  0]LogInit: CPU Page size=4096, Cores=4
[2018.11.30-16.06.05:505][  0]LogInit: High frequency timer resolution =10.000000 MHz
[2018.11.30-16.06.05:506][  0]LogMemory: Memory total: Physical=15.9GB (16GB approx)
[2018.11.30-16.06.05:506][  0]LogMemory: Platform Memory Stats for Windows
[2018.11.30-16.06.05:506][  0]LogMemory: Process Physical Memory: 100.38 MB used, 100.39 MB peak
[2018.11.30-16.06.05:506][  0]LogMemory: Process Virtual Memory: 95.00 MB used, 95.00 MB peak
[2018.11.30-16.06.05:506][  0]LogMemory: Physical Memory: 9151.20 MB used,  7093.34 MB free, 16244.54 MB total
[2018.11.30-16.06.05:506][  0]LogMemory: Virtual Memory: 4646.32 MB used,  7093.34 MB free, 134217728.00 MB total
[2018.11.30-16.06.05:530][  0]LogInit: Using OS detected language (en-US).
[2018.11.30-16.06.05:530][  0]LogInit: Using OS detected locale (en-US).
[2018.11.30-16.06.05:531][  0]LogTextLocalizationManager: No specific localization for 'en-US' exists, so the 'en' localization will be used.
[2018.11.30-16.06.05:957][  0]LogStreaming: Display: Took  0.428s to InitEngineTextLocalization.
[2018.11.30-16.06.05:957][  0]LogInit: Setting process to per monitor DPI aware
[2018.11.30-16.06.06:006][  0]LogSlate: New Slate User Created.  User Index 0, Is Virtual User: 0
[2018.11.30-16.06.06:006][  0]LogSlate: Slate User Registered.  User Index 0, Is Virtual User: 0
[2018.11.30-16.06.06:275][  0]LogHMD: Failed to initialize OpenVR with code 110
[2018.11.30-16.06.06:275][  0]LogD3D11RHI: D3D11 adapters:
[2018.11.30-16.06.06:350][  0]LogD3D11RHI:    0. 'NVIDIA GeForce GTX 960M' (Feature Level 11_0)
[2018.11.30-16.06.06:350][  0]LogD3D11RHI:       4055/0/8122 MB DedicatedVideo/DedicatedSystem/SharedSystem, Outputs:2, VendorId:0x10de
[2018.11.30-16.06.06:360][  0]LogD3D11RHI:    1. 'Intel(R) HD Graphics 530' (Feature Level 11_0)
[2018.11.30-16.06.06:360][  0]LogD3D11RHI:       128/0/8122 MB DedicatedVideo/DedicatedSystem/SharedSystem, Outputs:0, VendorId:0x8086
[2018.11.30-16.06.06:363][  0]LogD3D11RHI:    2. 'Microsoft Basic Render Driver' (Feature Level 11_0)
[2018.11.30-16.06.06:363][  0]LogD3D11RHI:       0/0/8122 MB DedicatedVideo/DedicatedSystem/SharedSystem, Outputs:0, VendorId:0x1414
[2018.11.30-16.06.06:363][  0]LogD3D11RHI: Chosen D3D11 Adapter: 0
[2018.11.30-16.06.06:407][  0]LogD3D11RHI: Creating new Direct3DDevice
[2018.11.30-16.06.06:407][  0]LogD3D11RHI:     GPU DeviceId: 0x139b (for the marketing name, search the web for "GPU Device Id")
[2018.11.30-16.06.06:407][  0]LogWindows: EnumDisplayDevices:
[2018.11.30-16.06.06:408][  0]LogWindows:    0. 'Intel(R) HD Graphics 530' (P:0 D:1)
[2018.11.30-16.06.06:408][  0]LogWindows:    1. 'Intel(R) HD Graphics 530' (P:1 D:1)
[2018.11.30-16.06.06:409][  0]LogWindows:    2. 'Intel(R) HD Graphics 530' (P:0 D:0)
[2018.11.30-16.06.06:409][  0]LogWindows: DebugString: PrimaryIsNotTheChoosenAdapter PrimaryIsNotTheChoosenAdapter PrimaryIsNotTheChoosenAdapter FoundDriverCount:0 
[2018.11.30-16.06.06:409][  0]LogD3D11RHI:     Adapter Name: NVIDIA GeForce GTX 960M
[2018.11.30-16.06.06:409][  0]LogD3D11RHI:   Driver Version: Unknown (internal:Unknown, unified:Unknown)
[2018.11.30-16.06.06:409][  0]LogD3D11RHI:      Driver Date: Unknown
[2018.11.30-16.06.06:409][  0]LogRHI: Texture pool is 2839 MB (70% of 4055 MB)
[2018.11.30-16.06.06:463][  0]LogD3D11RHI: Async texture creation enabled
[2018.11.30-16.06.06:483][  0]LogD3D11RHI: GPU Timing Frequency: 1000.000000 (Debug: 2 2)
[2018.11.30-16.06.06:485][  0]LogShaderCompilers: Guid format shader working directory is -4 characters bigger than the processId version (../../../../../../Unreal Projects/VRCourse_Project1/Intermediate/Shaders/WorkingDirectory/760/).
[2018.11.30-16.06.06:485][  0]LogShaderCompilers: Cleaned the shader compiler working directory 'C:/Users/erana/AppData/Local/Temp/UnrealShaderWorkingDir/5715B5C34232E247999F24882E0140A0/'.
[2018.11.30-16.06.06:853][  0]LogTemp: Display: Loaded TP AllDesktopTargetPlatform
[2018.11.30-16.06.06:871][  0]LogTemp: Display: Loaded TP MacClientTargetPlatform
[2018.11.30-16.06.06:886][  0]LogTemp: Display: Loaded TP MacNoEditorTargetPlatform
[2018.11.30-16.06.06:900][  0]LogTemp: Display: Loaded TP MacServerTargetPlatform
[2018.11.30-16.06.06:919][  0]LogTemp: Display: Loaded TP MacTargetPlatform
[2018.11.30-16.06.06:935][  0]LogTemp: Display: Loaded TP WindowsClientTargetPlatform
[2018.11.30-16.06.06:952][  0]LogTemp: Display: Loaded TP WindowsNoEditorTargetPlatform
[2018.11.30-16.06.06:968][  0]LogTemp: Display: Loaded TP WindowsServerTargetPlatform
[2018.11.30-16.06.06:975][  0]LogTemp: Display: Loaded TP WindowsTargetPlatform
[2018.11.30-16.06.07:091][  0]LogTemp: Display: Loaded TP AndroidTargetPlatform
[2018.11.30-16.06.07:091][  0]LogTemp: Display: Loaded TP AndroidTargetPlatform
[2018.11.30-16.06.07:091][  0]LogTemp: Display: Loaded TP AndroidTargetPlatform
[2018.11.30-16.06.07:091][  0]LogTemp: Display: Loaded TP AndroidTargetPlatform
[2018.11.30-16.06.07:091][  0]LogTemp: Display: Loaded TP AndroidTargetPlatform
[2018.11.30-16.06.07:091][  0]LogTemp: Display: Loaded TP AndroidTargetPlatform
[2018.11.30-16.06.07:091][  0]LogTemp: Display: Loaded TP AndroidTargetPlatform
[2018.11.30-16.06.07:091][  0]LogTemp: Display: Loaded TP AndroidTargetPlatform
[2018.11.30-16.06.07:091][  0]LogTemp: Display: Loaded TP AndroidTargetPlatform
[2018.11.30-16.06.07:091][  0]LogTemp: Display: Loaded TP AndroidTargetPlatform
[2018.11.30-16.06.07:091][  0]LogTemp: Display: Loaded TP AndroidTargetPlatform
[2018.11.30-16.06.07:091][  0]LogTemp: Display: Loaded TP AndroidTargetPlatform
[2018.11.30-16.06.07:091][  0]LogTemp: Display: Loaded TP AndroidTargetPlatform
[2018.11.30-16.06.07:091][  0]LogTemp: Display: Loaded TP AndroidTargetPlatform
[2018.11.30-16.06.07:091][  0]LogTemp: Display: Loaded TP AndroidTargetPlatform
[2018.11.30-16.06.07:091][  0]LogTemp: Display: Loaded TP AndroidTargetPlatform
[2018.11.30-16.06.07:091][  0]LogTemp: Display: Loaded TP AndroidTargetPlatform
[2018.11.30-16.06.07:092][  0]LogTemp: Display: Loaded TP AndroidTargetPlatform
[2018.11.30-16.06.07:093][  0]LogTemp: Display: Loaded TP HTML5TargetPlatform
[2018.11.30-16.06.07:162][  0]LogTemp: Display: Loaded TP IOSTargetPlatform
[2018.11.30-16.06.07:162][  0]LogTemp: Display: Loaded TP IOSTargetPlatform
[2018.11.30-16.06.07:188][  0]LogTemp: Display: Loaded TP TVOSTargetPlatform
[2018.11.30-16.06.07:188][  0]LogTemp: Display: Loaded TP TVOSTargetPlatform
[2018.11.30-16.06.07:203][  0]LogTemp: Display: Loaded TP LinuxClientTargetPlatform
[2018.11.30-16.06.07:217][  0]LogTemp: Display: Loaded TP LinuxNoEditorTargetPlatform
[2018.11.30-16.06.07:231][  0]LogTemp: Display: Loaded TP LinuxServerTargetPlatform
[2018.11.30-16.06.07:245][  0]LogTemp: Display: Loaded TP LinuxTargetPlatform
[2018.11.30-16.06.07:255][  0]LogTemp: Display: Loaded TP LuminTargetPlatform
[2018.11.30-16.06.07:255][  0]LogTargetPlatformManager: Display: Building Assets For Windows
[2018.11.30-16.06.07:307][  0]LogXGEController: Cannot use XGE Controller as Incredibuild is not installed on this machine.
[2018.11.30-16.06.07:307][  0]LogShaderCompilers: Cannot use XGE Shader Compiler as Incredibuild is not installed on this machine.
[2018.11.30-16.06.07:307][  0]LogShaderCompilers: Display: Using Local Shader Compiler.
[2018.11.30-16.06.08:175][  0]LogDerivedDataCache: Display: Max Cache Size: 512 MB
[2018.11.30-16.06.08:248][  0]LogDerivedDataCache: Loaded boot cache 0.07s 71MB C:/Users/erana/AppData/Local/UnrealEngine/4.20/DerivedDataCache/Boot.ddc.
[2018.11.30-16.06.08:248][  0]LogDerivedDataCache: Display: Loaded Boot cache: C:/Users/erana/AppData/Local/UnrealEngine/4.20/DerivedDataCache/Boot.ddc
[2018.11.30-16.06.08:248][  0]LogDerivedDataCache: FDerivedDataBackendGraph:  Pak pak cache file ../../../../../../Unreal Projects/VRCourse_Project1/DerivedDataCache/DDC.ddp not found, will not use a pak cache.
[2018.11.30-16.06.08:248][  0]LogDerivedDataCache: Unable to find inner node Pak for hierarchical cache Hierarchy.
[2018.11.30-16.06.08:248][  0]LogDerivedDataCache: FDerivedDataBackendGraph:  CompressedPak pak cache file ../../../../../../Unreal Projects/VRCourse_Project1/DerivedDataCache/Compressed.ddp not found, will not use a pak cache.
[2018.11.30-16.06.08:248][  0]LogDerivedDataCache: Unable to find inner node CompressedPak for hierarchical cache Hierarchy.
[2018.11.30-16.06.08:263][  0]LogDerivedDataCache: Display: Pak cache opened for reading ../../../Engine/DerivedDataCache/Compressed.ddp.
[2018.11.30-16.06.08:276][  0]LogDerivedDataCache: Using Local data cache path C:/Users/erana/AppData/Local/UnrealEngine/Common/DerivedDataCache: Writable
[2018.11.30-16.06.08:276][  0]LogDerivedDataCache: Shared data cache path not found in *engine.ini, will not use an Shared cache.
[2018.11.30-16.06.08:276][  0]LogDerivedDataCache: Unable to find inner node Shared for hierarchical cache Hierarchy.
[2018.11.30-16.06.08:301][  0]LogMaterial: Verifying Global Shaders for PCD3D_SM5
[2018.11.30-16.06.08:303][  0]LogSlate: Using FreeType 2.6.0
[2018.11.30-16.06.08:304][  0]LogSlate: SlateFontServices - WITH_FREETYPE: 1, WITH_HARFBUZZ: 1
[2018.11.30-16.06.08:384][  0]LogAssetRegistry: FAssetRegistry took 0.0268 seconds to start up
[2018.11.30-16.06.08:755][  0]LogInit: Selected Device Profile: [Windows]
[2018.11.30-16.06.08:900][  0]LogSimplygon: Simplygon DLL not present - disabling.
[2018.11.30-16.06.08:904][  0]LogMeshReduction: Using SimplygonSwarm for distributed automatic mesh merging
[2018.11.30-16.06.08:904][  0]LogMeshReduction: Using ProxyLODMeshReduction for automatic mesh merging
[2018.11.30-16.06.08:904][  0]LogMeshReduction: Using QuadricMeshReduction for automatic static mesh reduction
[2018.11.30-16.06.08:904][  0]LogMeshReduction: No automatic skeletal mesh reduction module available
[2018.11.30-16.06.08:936][  0]LogNetVersion: VRCourse_Project1 1.0.0, NetCL: 4212847, EngineNetVer: 5, GameNetVer: 0 (Checksum: 4066339342)
[2018.11.30-16.06.09:586][  0]LogPackageLocalizationCache: Processed 11 localized package path(s) for 2 prioritized culture(s) in 0.134075 seconds
[2018.11.30-16.06.09:594][  0]LogUObjectArray: 38425 objects as part of root set at end of initial load.
[2018.11.30-16.06.09:594][  0]LogUObjectAllocator: 6690864 out of 0 bytes used by permanent object pool.
[2018.11.30-16.06.09:594][  0]LogUObjectArray: CloseDisregardForGC: 0/0 objects in disregard for GC pool
[2018.11.30-16.06.10:535][  0]LogTcpMessaging: Initializing TcpMessaging bridge
[2018.11.30-16.06.10:549][  0]LogUdpMessaging: Initializing bridge on interface 0.0.0.0:0 to multicast group 230.0.0.1:6666.
[2018.11.30-16.06.10:701][  0]SourceControl: Source control is disabled
[2018.11.30-16.06.10:701][  0]SourceControl: Source control is disabled
[2018.11.30-16.06.10:703][  0]SourceControl: Source control is disabled
[2018.11.30-16.06.10:704][  0]SourceControl: Source control is disabled
[2018.11.30-16.06.10:869][  0]LogAndroidPermission: UAndroidPermissionCallbackProxy::GetInstance
[2018.11.30-16.06.10:999][  0]LogOcInput: OculusInput pre-init called
[2018.11.30-16.06.11:066][  0]LogEngine: Initializing Engine...
[2018.11.30-16.06.11:066][  0]LogHMD: Failed to initialize OpenVR with code 110
[2018.11.30-16.06.11:068][  0]LogStats: UGameplayTagsManager::ConstructGameplayTagTree: ImportINI prefixes -  0.000 s
[2018.11.30-16.06.11:068][  0]LogStats: UGameplayTagsManager::ConstructGameplayTagTree: Construct from data asset -  0.000 s
[2018.11.30-16.06.11:068][  0]LogStats: UGameplayTagsManager::ConstructGameplayTagTree: ImportINI -  0.000 s
[2018.11.30-16.06.11:068][  0]LogStats: UGameplayTagsManager::ConstructGameplayTagTree: GameplayTagTreeChangedEvent.Broadcast -  0.000 s
[2018.11.30-16.06.11:319][  0]LogInit: Initializing FReadOnlyCVARCache
[2018.11.30-16.06.11:331][  0]LogAIModule: Creating AISystem for world Untitled
[2018.11.30-16.06.11:380][  0]LogInit: XAudio2 using 'Speakers (Realtek High Definition Audio)' : 2 channels at 48 kHz using 32 bits per sample (channel mask 0x3)
[2018.11.30-16.06.11:446][  0]LogInit: FAudioDevice initialized.
[2018.11.30-16.06.11:446][  0]LogNetVersion: Set ProjectVersion to 1.0.0.0. Version Checksum will be recalculated on next use.
[2018.11.30-16.06.11:501][  0]LogDerivedDataCache: Saved boot cache 0.05s 71MB C:/Users/erana/AppData/Local/UnrealEngine/4.20/DerivedDataCache/Boot.ddc.
[2018.11.30-16.06.11:512][  0]LogInit: Texture streaming: Enabled
[2018.11.30-16.06.11:527][  0]LogEngineSessionManager: EngineSessionManager initialized
[2018.11.30-16.06.11:540][  0]LogInit: Transaction tracking system initialized
[2018.11.30-16.06.11:557][  0]BlueprintLog: New page: Editor Load
[2018.11.30-16.06.11:621][  0]LocalizationService: Localization service is disabled
[2018.11.30-16.06.11:692][  0]LogLinker: Warning: Can't find file '/Game/ThirdPersonBP/ThirdPersonOverview'
[2018.11.30-16.06.11:692][  0]LogLinker: Warning: Can't find file '/Game/ThirdPersonBP/ThirdPersonOverview'
[2018.11.30-16.06.11:692][  0]LogUObjectGlobals: Warning: Failed to find object 'Class /Game/ThirdPersonBP/ThirdPersonOverview.ThirdPersonOverview_C'
[2018.11.30-16.06.11:914][  0]LogCook: Display: Max memory allowance for cook 16384mb min free memory 0mb
[2018.11.30-16.06.11:914][  0]LogCook: Display: Mobile HDR setting 1
[2018.11.30-16.06.11:914][  0]LogGameplayTags: Display: UGameplayTagsManager::DoneAddingNativeTags. DelegateIsBound: 0
[2018.11.30-16.06.11:914][  0]LogStats: UGameplayTagsManager::ConstructGameplayTagTree: ImportINI prefixes -  0.000 s
[2018.11.30-16.06.11:914][  0]LogStats: UGameplayTagsManager::ConstructGameplayTagTree: Construct from data asset -  0.000 s
[2018.11.30-16.06.11:914][  0]LogStats: UGameplayTagsManager::ConstructGameplayTagTree: ImportINI -  0.000 s
[2018.11.30-16.06.11:914][  0]LogStats: UGameplayTagsManager::ConstructGameplayTagTree: GameplayTagTreeChangedEvent.Broadcast -  0.000 s
[2018.11.30-16.06.12:027][  0]LogFileCache: Scanning file cache for directory 'D:/Unreal Projects/VRCourse_Project1/Content/' took 0.02s
[2018.11.30-16.06.12:027][  0]SourceControl: Source control is disabled
[2018.11.30-16.06.12:027][  0]Cmd: MAP LOAD FILE="../../../../../../Unreal Projects/VRCourse_Project1/Content/ThirdPersonBP/Maps/ThirdPersonExampleMap.umap" TEMPLATE=0 SHOWPROGRESS=1 FEATURELEVEL=3
[2018.11.30-16.06.12:028][  0]LogEditorServer: Warning: Can't find file '../../../../../../Unreal Projects/VRCourse_Project1/Content/ThirdPersonBP/Maps/ThirdPersonExampleMap.umap'
[2018.11.30-16.06.12:028][  0]Cmd: MAP CHECKDEP NOCLEARLOG
[2018.11.30-16.06.12:081][  0]MapCheck: Map check complete: 0 Error(s), 0 Warning(s), took 53.163ms to complete.
[2018.11.30-16.06.12:081][  0]LogFileHelpers: Loading map 'ThirdPersonExampleMap' took 0.054
[2018.11.30-16.06.12:275][  0]LogSlate: Updating window title bar state: overlay mode, drag disabled, window buttons hidden, title bar hidden
[2018.11.30-16.06.12:287][  0]LogSlate: Updating window title bar state: overlay mode, drag disabled, window buttons hidden, title bar hidden
[2018.11.30-16.06.12:305][  0]LogSlate: Updating window title bar state: overlay mode, drag disabled, window buttons hidden, title bar hidden
[2018.11.30-16.06.12:318][  0]LogSlate: Updating window title bar state: overlay mode, drag disabled, window buttons hidden, title bar hidden
[2018.11.30-16.06.12:330][  0]LogCollectionManager: Loaded 0 collections in 0.000917 seconds
[2018.11.30-16.06.12:380][  0]LogFileCache: Scanning file cache for directory 'D:/Unreal Projects/VRCourse_Project1/Saved/Collections/' took 0.01s
[2018.11.30-16.06.12:380][  0]LogFileCache: Scanning file cache for directory 'D:/Unreal Projects/VRCourse_Project1/Content/Developers/erana/Collections/' took 0.01s
[2018.11.30-16.06.12:380][  0]LogFileCache: Scanning file cache for directory 'D:/Unreal Projects/VRCourse_Project1/Content/Collections/' took 0.01s
[2018.11.30-16.06.12:380][  0]LogCollectionManager: Rebuilt the GUID cache for 0 collections in 0.000000 seconds
[2018.11.30-16.06.12:391][  0]LogContentBrowser: Native class hierarchy populated in 0.0106 seconds. Added 2572 classes and 603 folders.
[2018.11.30-16.06.12:397][  0]LogContentBrowser: Native class hierarchy updated for 'WidgetCarousel' in 0.0002 seconds. Added 0 classes and 0 folders.
[2018.11.30-16.06.12:870][  0]LogContentBrowser: Native class hierarchy updated for 'AddContentDialog' in 0.0003 seconds. Added 0 classes and 0 folders.
[2018.11.30-16.06.12:923][  0]LogContentBrowser: Native class hierarchy updated for 'SceneOutliner' in 0.0004 seconds. Added 1 classes and 2 folders.
[2018.11.30-16.06.12:939][  0]LogSlate: Took 0.000251 seconds to synchronously load lazily loaded font '../../../Engine/Content/Slate/Fonts/Roboto-Regular.ttf' (155K)
[2018.11.30-16.06.12:943][  0]LogSlate: Took 0.000568 seconds to synchronously load lazily loaded font '../../../Engine/Content/Slate/Fonts/Roboto-Bold.ttf' (160K)
[2018.11.30-16.06.12:965][  0]LogSlate: Took 0.010852 seconds to synchronously load lazily loaded font '../../../Engine/Content/Editor/Slate/Fonts/FontAwesome.ttf' (139K)
[2018.11.30-16.06.13:154][  0]LogRenderer: Reallocating scene render targets to support 1836x992 Format 10 NumSamples 1 (Frame:1).
[2018.11.30-16.06.13:448][  0]LogContentBrowser: Native class hierarchy updated for 'HierarchicalLODOutliner' in 0.0002 seconds. Added 0 classes and 0 folders.
[2018.11.30-16.06.13:448][  0]LogLoad: (Engine Initialization) Total time: 9.84 seconds
[2018.11.30-16.06.13:448][  0]LogLoad: (Engine Initialization) Total Blueprint compile time: 0.00 seconds
[2018.11.30-16.06.13:488][  0]LogContentStreaming: Texture pool size now 1000 MB
[2018.11.30-16.06.13:541][  1]LogAssetRegistry: Asset discovery search completed in 5.1798 seconds
[2018.11.30-16.06.13:544][  1]LogCollectionManager: Rebuilt the object cache for 0 collections in 0.000000 seconds (found 0 objects)
[2018.11.30-16.06.13:544][  1]LogCollectionManager: Fixed up redirectors for 0 collections in 0.000083 seconds (updated 0 objects)
[2018.11.30-16.06.14:538][ 35]LogSlate: Took 0.016240 seconds to synchronously load lazily loaded font '../../../Engine/Content/Slate/Fonts/Roboto-Light.ttf' (167K)
[2018.11.30-16.06.16:899][144]LogSlate: FSceneViewport::OnFocusLost() reason 0
[2018.11.30-16.06.16:993][147]LogLinker: Warning: Can't resolve asset name
[2018.11.30-16.06.18:055][199]LogSlate: FSceneViewport::OnFocusLost() reason 0
[2018.11.30-16.06.21:544][333]LogTexture: Display: Building textures: HQ_Lightmap0_3 (AutoDXT, 64X64)
[2018.11.30-16.06.21:544][333]LogTexture: Display: Building textures: HQ_Lightmap0_2 (AutoDXT, 128X128)
[2018.11.30-16.06.21:544][333]LogTexture: Display: Building textures: LQ_Lightmap_0_2 (DXT1, 128X128)
[2018.11.30-16.06.21:544][333]LogTexture: Display: Building textures: LQ_Lightmap_0_3 (DXT1, 64X64)
[2018.11.30-16.06.21:545][333]LogTexture: Display: Building textures: SkyOcclusion0_2 (AutoDXT, 128X64)
[2018.11.30-16.06.21:545][333]LogTexture: Display: Building textures: SkyOcclusion0_3 (AutoDXT, 64X32)
[2018.11.30-16.06.21:545][333]LogTexture: Display: Building textures: SkyOcclusion0_1 (AutoDXT, 1024X512)
[2018.11.30-16.06.21:545][333]LogTexture: Display: Building textures: LQ_Lightmap_0_1 (DXT1, 1024X1024)
[2018.11.30-16.06.21:545][333]LogTexture: Display: Building textures: HQ_Lightmap0_1 (AutoDXT, 1024X1024)
[2018.11.30-16.06.22:146][333]LogAIModule: Creating AISystem for world MainMap
[2018.11.30-16.06.22:172][333]LogAssetEditorManager: Opening Asset editor for World /Game/ThirdPersonBP/Maps/MainMap.MainMap
[2018.11.30-16.06.22:207][333]Cmd: MAP LOAD FILE="../../../../../../Unreal Projects/VRCourse_Project1/Content/ThirdPersonBP/Maps/MainMap.umap" TEMPLATE=0 SHOWPROGRESS=1 FEATURELEVEL=3
[2018.11.30-16.06.22:208][333]LightingResults: New page: Lighting Build
[2018.11.30-16.06.22:209][333]LogContentBrowser: Native class hierarchy updated for 'StatsViewer' in 0.0003 seconds. Added 5 classes and 0 folders.
[2018.11.30-16.06.22:210][333]LoadErrors: New page: Loading map: MainMap.umap
[2018.11.30-16.06.22:211][333]MapCheck: New page: Map Check
[2018.11.30-16.06.22:211][333]LightingResults: New page: Lighting Build
[2018.11.30-16.06.22:250][333]LogEditorServer: Finished looking for orphan Actors (0.000 secs)
[2018.11.30-16.06.22:310][333]Cmd: MAP CHECKDEP NOCLEARLOG
[2018.11.30-16.06.22:380][333]MapCheck: Map check complete: 0 Error(s), 0 Warning(s), took 69.702ms to complete.
[2018.11.30-16.06.22:381][333]LogFileHelpers: Loading map 'MainMap' took 0.174
[2018.11.30-16.06.30:388][554]LogSlate: FSceneViewport::OnFocusLost() reason 0
[2018.11.30-16.06.37:988][750]Cmd: TRANSACTION UNDO
[2018.11.30-16.06.37:988][750]LogEditorTransaction: Undo Move Actors
[2018.11.30-16.06.38:068][750]LogActorComponent: ~FComponentReregisterContext: (/Game/ThirdPersonBP/Maps/MainMap.MainMap:PersistentLevel.Wall_400x515.StaticMeshComponent0) Component already registered.
[2018.11.30-16.06.42:124][875]LogSlate: FSceneViewport::OnFocusLost() reason 0
[2018.11.30-16.06.50:105][ 93]Cmd: TRANSACTION UNDO
[2018.11.30-16.06.50:105][ 93]LogEditorTransaction: Undo Move Actors
[2018.11.30-16.06.50:181][ 93]LogActorComponent: ~FComponentReregisterContext: (/Game/ThirdPersonBP/Maps/MainMap.MainMap:PersistentLevel.Wall_400x508.StaticMeshComponent0) Component already registered.
[2018.11.30-16.06.50:182][ 93]LogActorComponent: ~FComponentReregisterContext: (/Game/ThirdPersonBP/Maps/MainMap.MainMap:PersistentLevel.Wall_400x499.StaticMeshComponent0) Component already registered.
[2018.11.30-16.06.50:183][ 93]LogActorComponent: ~FComponentReregisterContext: (/Game/ThirdPersonBP/Maps/MainMap.MainMap:PersistentLevel.Wall_400x511.StaticMeshComponent0) Component already registered.
[2018.11.30-16.06.50:184][ 93]LogActorComponent: ~FComponentReregisterContext: (/Game/ThirdPersonBP/Maps/MainMap.MainMap:PersistentLevel.SM_Couch_204.StaticMeshComponent0) Component already registered.
[2018.11.30-16.06.50:187][ 93]LogActorComponent: ~FComponentReregisterContext: (/Game/ThirdPersonBP/Maps/MainMap.MainMap:PersistentLevel.ThirdPersonCharacter_167.CollisionCylinder) Component already registered.
[2018.11.30-16.06.50:188][ 93]LogActorComponent: ~FComponentReregisterContext: (/Game/ThirdPersonBP/Maps/MainMap.MainMap:PersistentLevel.LightSource2.LightComponent0) Component already registered.
[2018.11.30-16.06.51:682][154]LogSlate: FSceneViewport::OnFocusLost() reason 0
[2018.11.30-16.07.11:107][655]Cmd: TRANSACTION UNDO
[2018.11.30-16.07.11:107][655]LogEditorTransaction: Undo Move Actors
[2018.11.30-16.07.11:214][655]LogActorComponent: ~FComponentReregisterContext: (/Game/ThirdPersonBP/Maps/MainMap.MainMap:PersistentLevel.Wall_400x406.StaticMeshComponent0) Component already registered.
[2018.11.30-16.07.11:216][655]LogActorComponent: ~FComponentReregisterContext: (/Game/ThirdPersonBP/Maps/MainMap.MainMap:PersistentLevel.CeilLevel0.StaticMeshComponent0) Component already registered.
[2018.11.30-16.07.11:217][655]LogActorComponent: ~FComponentReregisterContext: (/Game/ThirdPersonBP/Maps/MainMap.MainMap:PersistentLevel.Wall_400x411.StaticMeshComponent0) Component already registered.
[2018.11.30-16.07.11:219][655]LogActorComponent: ~FComponentReregisterContext: (/Game/ThirdPersonBP/Maps/MainMap.MainMap:PersistentLevel.CeilLevel1.StaticMeshComponent0) Component already registered.
[2018.11.30-16.07.11:220][655]LogActorComponent: ~FComponentReregisterContext: (/Game/ThirdPersonBP/Maps/MainMap.MainMap:PersistentLevel.Wall_400x415.StaticMeshComponent0) Component already registered.
[2018.11.30-16.07.11:220][655]LogActorComponent: ~FComponentReregisterContext: (/Game/ThirdPersonBP/Maps/MainMap.MainMap:PersistentLevel.Wall_400x416.StaticMeshComponent0) Component already registered.
[2018.11.30-16.07.11:222][655]LogActorComponent: ~FComponentReregisterContext: (/Game/ThirdPersonBP/Maps/MainMap.MainMap:PersistentLevel.Wall_400x501.StaticMeshComponent0) Component already registered.
[2018.11.30-16.07.11:223][655]LogActorComponent: ~FComponentReregisterContext: (/Game/ThirdPersonBP/Maps/MainMap.MainMap:PersistentLevel.PostProcessVolume_0.BrushComponent0) Component already registered.
[2018.11.30-16.07.11:225][655]LogActorComponent: ~FComponentReregisterContext: (/Game/ThirdPersonBP/Maps/MainMap.MainMap:PersistentLevel.Wall_400x506.StaticMeshComponent0) Component already registered.
[2018.11.30-16.07.11:227][655]LogActorComponent: ~FComponentReregisterContext: (/Game/ThirdPersonBP/Maps/MainMap.MainMap:PersistentLevel.SM_Statue_210.StaticMeshComponent0) Component already registered.
[2018.11.30-16.07.11:227][655]LogActorComponent: ~FComponentReregisterContext: (/Game/ThirdPersonBP/Maps/MainMap.MainMap:PersistentLevel.ThirdPersonCharacter_167.CollisionCylinder) Component already registered.
[2018.11.30-16.07.11:229][655]LogActorComponent: ~FComponentReregisterContext: (/Game/ThirdPersonBP/Maps/MainMap.MainMap:PersistentLevel.Wall_400x510.StaticMeshComponent0) Component already registered.
[2018.11.30-16.07.11:229][655]LogActorComponent: ~FComponentReregisterContext: (/Game/ThirdPersonBP/Maps/MainMap.MainMap:PersistentLevel.Wall_400x511.StaticMeshComponent0) Component already registered.
[2018.11.30-16.07.11:230][655]LogActorComponent: ~FComponentReregisterContext: (/Game/ThirdPersonBP/Maps/MainMap.MainMap:PersistentLevel.Wall_400x421.StaticMeshComponent0) Component already registered.
[2018.11.30-16.07.11:232][655]LogActorComponent: ~FComponentReregisterContext: (/Game/ThirdPersonBP/Maps/MainMap.MainMap:PersistentLevel.Wall_400x474.StaticMeshComponent0) Component already registered.
[2018.11.30-16.07.11:234][655]LogActorComponent: ~FComponentReregisterContext: (/Game/ThirdPersonBP/Maps/MainMap.MainMap:PersistentLevel.Wall_400x475.StaticMeshComponent0) Component already registered.
[2018.11.30-16.07.11:234][655]LogActorComponent: ~FComponentReregisterContext: (/Game/ThirdPersonBP/Maps/MainMap.MainMap:PersistentLevel.Wall_400x469.StaticMeshComponent0) Component already registered.
[2018.11.30-16.07.11:234][655]LogActorComponent: ~FComponentReregisterContext: (/Game/ThirdPersonBP/Maps/MainMap.MainMap:PersistentLevel.Wall_400x489.StaticMeshComponent0) Component already registered.
[2018.11.30-16.07.11:235][655]LogActorComponent: ~FComponentReregisterContext: (/Game/ThirdPersonBP/Maps/MainMap.MainMap:PersistentLevel.Wall_400x490.StaticMeshComponent0) Component already registered.
[2018.11.30-16.07.11:236][655]LogActorComponent: ~FComponentReregisterContext: (/Game/ThirdPersonBP/Maps/MainMap.MainMap:PersistentLevel.Wall_400x479.StaticMeshComponent0) Component already registered.
[2018.11.30-16.07.11:236][655]LogActorComponent: ~FComponentReregisterContext: (/Game/ThirdPersonBP/Maps/MainMap.MainMap:PersistentLevel.Wall_400x480.StaticMeshComponent0) Component already registered.
[2018.11.30-16.07.11:237][655]LogActorComponent: ~FComponentReregisterContext: (/Game/ThirdPersonBP/Maps/MainMap.MainMap:PersistentLevel.Wall_400x495.StaticMeshComponent0) Component already registered.
[2018.11.30-16.07.11:238][655]LogActorComponent: ~FComponentReregisterContext: (/Game/ThirdPersonBP/Maps/MainMap.MainMap:PersistentLevel.Wall_400x444.StaticMeshComponent0) Component already registered.
[2018.11.30-16.07.11:239][655]LogActorComponent: ~FComponentReregisterContext: (/Game/ThirdPersonBP/Maps/MainMap.MainMap:PersistentLevel.Wall_400x445.StaticMeshComponent0) Component already registered.
[2018.11.30-16.07.11:239][655]LogActorComponent: ~FComponentReregisterContext: (/Game/ThirdPersonBP/Maps/MainMap.MainMap:PersistentLevel.Wall_400x434.StaticMeshComponent0) Component already registered.
[2018.11.30-16.07.11:240][655]LogActorComponent: ~FComponentReregisterContext: (/Game/ThirdPersonBP/Maps/MainMap.MainMap:PersistentLevel.Wall_400x454.StaticMeshComponent0) Component already registered.
[2018.11.30-16.07.11:240][655]LogActorComponent: ~FComponentReregisterContext: (/Game/ThirdPersonBP/Maps/MainMap.MainMap:PersistentLevel.Wall_400x455.StaticMeshComponent0) Component already registered.
[2018.11.30-16.07.11:241][655]LogActorComponent: ~FComponentReregisterContext: (/Game/ThirdPersonBP/Maps/MainMap.MainMap:PersistentLevel.Wall_400x460.StaticMeshComponent0) Component already registered.
[2018.11.30-16.07.11:241][655]LogActorComponent: ~FComponentReregisterContext: (/Game/ThirdPersonBP/Maps/MainMap.MainMap:PersistentLevel.CeilLevel2.StaticMeshComponent0) Component already registered.
[2018.11.30-16.07.11:242][655]LogActorComponent: ~FComponentReregisterContext: (/Game/ThirdPersonBP/Maps/MainMap.MainMap:PersistentLevel.DoorLeftLevel2.StaticMeshComponent0) Component already registered.
[2018.11.30-16.07.12:243][694]LogEditorViewport: Clicking on Actor (LMB): BP_Sky_Sphere_C (SkySphereBlueprint)
[2018.11.30-16.07.17:810][862]LogSlate: FSceneViewport::OnFocusLost() reason 0
[2018.11.30-16.07.29:740][237]LogEditorViewport: Clicking on Actor (LMB): StaticMeshActor (Floor)
[2018.11.30-16.07.32:994][334]LogSlate: FSceneViewport::OnFocusLost() reason 0
[2018.11.30-16.07.42:283][610]LogSlate: FSceneViewport::OnFocusLost() reason 0
[2018.11.30-16.07.48:060][782]Cmd: TRANSACTION UNDO
[2018.11.30-16.07.48:060][782]LogEditorTransaction: Undo Scale Actors
[2018.11.30-16.07.49:611][852]LogSlate: FSceneViewport::OnFocusLost() reason 0
[2018.11.30-16.08.01:960][236]LogSlate: FSceneViewport::OnFocusLost() reason 0
[2018.11.30-16.08.11:091][517]LogSlate: FSceneViewport::OnFocusLost() reason 0
[2018.11.30-16.08.19:103][765]LogSlate: FSceneViewport::OnFocusLost() reason 0
[2018.11.30-16.08.24:212][926]LogEditorViewport: Clicking on Actor (LMB): BP_Sky_Sphere_C (SkySphereBlueprint)
[2018.11.30-16.12.34:994][ 46]LogWindowsTextInputMethodSystem: Display: IME system now deactivated.
[2018.11.30-16.12.34:994][ 46]LogWindowsTextInputMethodSystem: Display: IME system now deactivated.
[2018.11.30-16.12.35:003][ 46]LogEditorViewport: Clicking on Actor (LMB): StaticMeshActor (Floor)
[2018.11.30-16.12.50:870][273]LogSlate: FSceneViewport::OnFocusLost() reason 0
[2018.11.30-16.12.51:108][273]LogTemp: Repeating last play command: Selected Viewport
[2018.11.30-16.12.51:152][273]LogBlueprintUserMessages: Early PlayInEditor Detection: Level '/Game/ThirdPersonBP/Maps/MainMap.MainMap:PersistentLevel' has LevelScriptBlueprint '/Game/ThirdPersonBP/Maps/MainMap.MainMap:PersistentLevel.MainMap' with GeneratedClass '/Game/ThirdPersonBP/Maps/MainMap.MainMap_C' with ClassGeneratedBy '/Game/ThirdPersonBP/Maps/MainMap.MainMap:PersistentLevel.MainMap'
[2018.11.30-16.12.51:153][273]LogPlayLevel: PlayLevel: No blueprints needed recompiling
[2018.11.30-16.12.51:170][273]PIE: New page: PIE session: MainMap (Nov 30, 2018, 8:12:51 PM)
[2018.11.30-16.12.51:170][273]LogPlayLevel: Creating play world package: /Game/ThirdPersonBP/Maps/UEDPIE_0_MainMap
[2018.11.30-16.12.51:256][273]LogPlayLevel: PIE: StaticDuplicateObject took: (0.085106s)
[2018.11.30-16.12.51:258][273]LogAIModule: Creating AISystem for world MainMap
[2018.11.30-16.12.51:259][273]LogPlayLevel: PIE: World Init took: (0.003174s)
[2018.11.30-16.12.51:259][273]LogPlayLevel: PIE: Created PIE world by copying editor world from /Game/ThirdPersonBP/Maps/MainMap.MainMap to /Game/ThirdPersonBP/Maps/UEDPIE_0_MainMap.MainMap (0.088941s)
[2018.11.30-16.12.51:338][273]LogInit: XAudio2 using 'Speakers (Realtek High Definition Audio)' : 2 channels at 48 kHz using 32 bits per sample (channel mask 0x3)
[2018.11.30-16.12.51:383][273]LogInit: FAudioDevice initialized.
[2018.11.30-16.12.51:463][273]LogLoad: Game class is 'ThirdPersonGameMode_C'
[2018.11.30-16.12.51:482][273]LogWorld: Bringing World /Game/ThirdPersonBP/Maps/UEDPIE_0_MainMap.MainMap up for play (max tick rate 60) at 2018.11.30-18.12.51
[2018.11.30-16.12.51:483][273]LogWorld: Bringing up level for play took: 0.014222
[2018.11.30-16.12.51:505][273]LogContentBrowser: Native class hierarchy updated for 'MovieSceneCapture' in 0.0005 seconds. Added 10 classes and 0 folders.
[2018.11.30-16.12.51:506][273]PIE: Play in editor start time for /Game/ThirdPersonBP/Maps/UEDPIE_0_MainMap 0.993
[2018.11.30-16.12.51:506][273]LogBlueprintUserMessages: Late PlayInEditor Detection: Level '/Game/ThirdPersonBP/Maps/MainMap.MainMap:PersistentLevel' has LevelScriptBlueprint '/Game/ThirdPersonBP/Maps/MainMap.MainMap:PersistentLevel.MainMap' with GeneratedClass '/Game/ThirdPersonBP/Maps/MainMap.MainMap_C' with ClassGeneratedBy '/Game/ThirdPersonBP/Maps/MainMap.MainMap:PersistentLevel.MainMap'
[2018.11.30-16.13.31:572][785]LogBlueprintUserMessages: Early EndPlayMap Detection: Level '/Game/ThirdPersonBP/Maps/MainMap.MainMap:PersistentLevel' has LevelScriptBlueprint '/Game/ThirdPersonBP/Maps/MainMap.MainMap:PersistentLevel.MainMap' with GeneratedClass '/Game/ThirdPersonBP/Maps/MainMap.MainMap_C' with ClassGeneratedBy '/Game/ThirdPersonBP/Maps/MainMap.MainMap:PersistentLevel.MainMap'
[2018.11.30-16.13.31:573][785]LogSlate: Updating window title bar state: overlay mode, drag disabled, window buttons hidden, title bar hidden
[2018.11.30-16.13.31:641][785]LogPlayLevel: Display: Shutting down PIE online subsystems
[2018.11.30-16.13.31:641][785]LogBlueprintUserMessages: Late EndPlayMap Detection: Level '/Game/ThirdPersonBP/Maps/MainMap.MainMap:PersistentLevel' has LevelScriptBlueprint '/Game/ThirdPersonBP/Maps/MainMap.MainMap:PersistentLevel.MainMap' with GeneratedClass '/Game/ThirdPersonBP/Maps/MainMap.MainMap_C' with ClassGeneratedBy '/Game/ThirdPersonBP/Maps/MainMap.MainMap:PersistentLevel.MainMap'
[2018.11.30-16.13.31:686][785]LogSlate: Updating window title bar state: overlay mode, drag disabled, window buttons hidden, title bar hidden
[2018.11.30-16.13.31:841][786]LogPlayLevel: Display: Destroying online subsystem :Context_3
[2018.11.30-16.15.20:925][610]Cmd: SELECT NONE
[2018.11.30-16.15.37:048][759]LogEditorViewport: Clicking on Actor (LMB): StaticMeshActor (Floor)
[2018.11.30-16.17.01:602][565]LogSlate: FSceneViewport::OnFocusLost() reason 2
[2018.11.30-16.17.02:297][565]LogSavePackage: Moving '../../../../../../Unreal Projects/VRCourse_Project1/Saved/MainMap_Auto1068533924C7BE372A48B019B5CB01D9D.tmp' to '../../../../../../Unreal Projects/VRCourse_Project1/Saved/Autosaves/Game/ThirdPersonBP/Maps/MainMap_Auto1.umap'
[2018.11.30-16.17.02:307][565]LogFileHelpers: Editor autosave (incl. sublevels) for '/Game/ThirdPersonBP/Maps/MainMap' took 0.646
[2018.11.30-16.17.02:307][565]LogFileHelpers: Editor autosave (incl. sublevels) for all levels took 0.646
[2018.11.30-16.17.16:054][812]LogEditorViewport: Clicking on Actor (LMB): StaticMeshActor (Floor)
[2018.11.30-16.17.23:183][965]LogSlate: FSceneViewport::OnFocusLost() reason 2
[2018.11.30-16.17.23:985][965]LogSavePackage: Moving '../../../../../../Unreal Projects/VRCourse_Project1/Saved/MainMap93FF01BD4F3BD7747EA3469C073EAA48.tmp' to '../../../../../../Unreal Projects/VRCourse_Project1/Content/ThirdPersonBP/Maps/MainMap.umap'
[2018.11.30-16.17.24:029][965]LogFileHelpers: Saving map 'MainMap' took 0.813
[2018.11.30-16.17.37:060][219]LogSlate: FSceneViewport::OnFocusLost() reason 0
[2018.11.30-16.17.37:252][220]LogSlate: Window 'VRCourse_Project1 - Unreal Editor' being destroyed
[2018.11.30-16.17.37:254][220]LogWindowsTextInputMethodSystem: Display: IME system now deactivated.
[2018.11.30-16.17.37:691][221]Cmd: QUIT_EDITOR
[2018.11.30-16.17.38:626][221]LogExit: Preparing to exit.
[2018.11.30-16.17.38:928][221]LogExit: Editor shut down
[2018.11.30-16.17.38:929][221]LogExit: Transaction tracking system shut down
[2018.11.30-16.17.39:313][221]LogExit: Object subsystem successfully closed.
[2018.11.30-16.17.39:340][221]LogShaderCompilers: Display: Shaders left to compile 0
[2018.11.30-16.17.39:344][221]LogD3D11RHI: Shutdown
[2018.11.30-16.17.39:344][221]LogD3D11RHI: CleanupD3DDevice
[2018.11.30-16.17.39:346][221]LogD3D11RHI: ~FD3D11DynamicRHI
[2018.11.30-16.17.39:359][221]LogModuleManager: Shutting down and abandoning module MovieSceneCapture (614)
[2018.11.30-16.17.39:359][221]LogModuleManager: Shutting down and abandoning module Voice (612)
[2018.11.30-16.17.39:359][221]LogModuleManager: Shutting down and abandoning module StatsViewer (610)
[2018.11.30-16.17.39:359][221]LogModuleManager: Shutting down and abandoning module HierarchicalLODOutliner (608)
[2018.11.30-16.17.39:359][221]LogModuleManager: Shutting down and abandoning module SceneOutliner (606)
[2018.11.30-16.17.39:359][221]LogModuleManager: Shutting down and abandoning module AddContentDialog (604)
[2018.11.30-16.17.39:359][221]LogModuleManager: Shutting down and abandoning module WidgetCarousel (603)
[2018.11.30-16.17.39:359][221]LogModuleManager: Shutting down and abandoning module EditorWidgets (600)
[2018.11.30-16.17.39:359][221]LogModuleManager: Shutting down and abandoning module CollectionManager (598)
[2018.11.30-16.17.39:359][221]LogModuleManager: Shutting down and abandoning module FoliageEdit (596)
[2018.11.30-16.17.39:359][221]LogModuleManager: Shutting down and abandoning module LandscapeEditor (594)
[2018.11.30-16.17.39:360][221]LogModuleManager: Shutting down and abandoning module MeshPaintMode (592)
[2018.11.30-16.17.39:360][221]LogModuleManager: Shutting down and abandoning module SceneDepthPickerMode (590)
[2018.11.30-16.17.39:360][221]LogModuleManager: Shutting down and abandoning module ActorPickerMode (588)
[2018.11.30-16.17.39:360][221]LogModuleManager: Shutting down and abandoning module GeometryMode (586)
[2018.11.30-16.17.39:360][221]LogModuleManager: Shutting down and abandoning module TextureAlignMode (584)
[2018.11.30-16.17.39:360][221]LogModuleManager: Shutting down and abandoning module BspMode (582)
[2018.11.30-16.17.39:360][221]LogModuleManager: Shutting down and abandoning module PIEPreviewDeviceProfileSelector (580)
[2018.11.30-16.17.39:360][221]LogModuleManager: Shutting down and abandoning module SequenceRecorderSections (578)
[2018.11.30-16.17.39:360][221]LogModuleManager: Shutting down and abandoning module AutomationWorker (576)
[2018.11.30-16.17.39:360][221]LogModuleManager: Shutting down and abandoning module AudioCaptureEditor (574)
[2018.11.30-16.17.39:360][221]LogModuleManager: Shutting down and abandoning module SequenceRecorder (573)
[2018.11.30-16.17.39:360][221]LogModuleManager: Shutting down and abandoning module MatineeToLevelSequence (570)
[2018.11.30-16.17.39:360][221]LogModuleManager: Shutting down and abandoning module LevelSequenceEditor (568)
[2018.11.30-16.17.39:360][221]LogModuleManager: Shutting down and abandoning module PlacementMode (567)
[2018.11.30-16.17.39:360][221]LogModuleManager: Shutting down and abandoning module MaterialEditor (566)
[2018.11.30-16.17.39:360][221]LogModuleManager: Shutting down and abandoning module WmfMediaFactory (562)
[2018.11.30-16.17.39:360][221]LogModuleManager: Shutting down and abandoning module WmfMediaEditor (560)
[2018.11.30-16.17.39:360][221]LogModuleManager: Shutting down and abandoning module MediaPlayerEditor (558)
[2018.11.30-16.17.39:360][221]LogModuleManager: Shutting down and abandoning module OpenExrWrapper (556)
[2018.11.30-16.17.39:360][221]LogModuleManager: Shutting down and abandoning module ImgMediaFactory (554)
[2018.11.30-16.17.39:360][221]LogModuleManager: Shutting down and abandoning module ImgMediaEditor (552)
[2018.11.30-16.17.39:360][221]LogModuleManager: Shutting down and abandoning module AvfMediaFactory (550)
[2018.11.30-16.17.39:360][221]LogModuleManager: Shutting down and abandoning module AvfMediaEditor (548)
[2018.11.30-16.17.39:360][221]LogModuleManager: Shutting down and abandoning module AndroidMediaFactory (546)
[2018.11.30-16.17.39:360][221]LogModuleManager: Shutting down and abandoning module AndroidMediaEditor (544)
[2018.11.30-16.17.39:360][221]LogModuleManager: Shutting down and abandoning module MagicLeapCameraPreviewFactory (542)
[2018.11.30-16.17.39:360][221]LogModuleManager: Shutting down and abandoning module MagicLeapMediaFactory (540)
[2018.11.30-16.17.39:360][221]LogModuleManager: Shutting down and abandoning module MagicLeapMediaEditor (538)
[2018.11.30-16.17.39:360][221]LogModuleManager: Shutting down and abandoning module CharacterAI (536)
[2018.11.30-16.17.39:360][221]LogModuleManager: Shutting down and abandoning module SmartSnapping (534)
[2018.11.30-16.17.39:360][221]LogModuleManager: Shutting down and abandoning module SessionServices (532)
[2018.11.30-16.17.39:360][221]LogModuleManager: Shutting down and abandoning module ViewportSnapping (530)
[2018.11.30-16.17.39:360][221]LogModuleManager: Shutting down and abandoning module ViewportInteraction (528)
[2018.11.30-16.17.39:360][221]LogModuleManager: Shutting down and abandoning module ClothPainter (526)
[2018.11.30-16.17.39:361][221]LogModuleManager: Shutting down and abandoning module SkeletalMeshEditor (525)
[2018.11.30-16.17.39:361][221]LogModuleManager: Shutting down and abandoning module LogVisualizer (522)
[2018.11.30-16.17.39:361][221]LogModuleManager: Shutting down and abandoning module IntroTutorials (520)
[2018.11.30-16.17.39:361][221]LogModuleManager: Shutting down and abandoning module GameProjectGeneration (519)
[2018.11.30-16.17.39:361][221]LogModuleManager: Shutting down and abandoning module LuminPlatformEditor (516)
[2018.11.30-16.17.39:361][221]LogModuleManager: Shutting down and abandoning module IOSPlatformEditor (514)
[2018.11.30-16.17.39:361][221]LogModuleManager: Shutting down and abandoning module HTML5PlatformEditor (512)
[2018.11.30-16.17.39:361][221]LogModuleManager: Shutting down and abandoning module AndroidPlatformEditor (510)
[2018.11.30-16.17.39:361][221]LogModuleManager: Shutting down and abandoning module AndroidDeviceDetection (509)
[2018.11.30-16.17.40:075][221]LogModuleManager: Shutting down and abandoning module WindowsPlatformEditor (506)
[2018.11.30-16.17.40:075][221]LogModuleManager: Shutting down and abandoning module LuminRuntimeSettings (504)
[2018.11.30-16.17.40:075][221]LogModuleManager: Shutting down and abandoning module IOSRuntimeSettings (502)
[2018.11.30-16.17.40:075][221]LogModuleManager: Shutting down and abandoning module AndroidRuntimeSettings (500)
[2018.11.30-16.17.40:076][221]LogModuleManager: Shutting down and abandoning module InputBindingEditor (498)
[2018.11.30-16.17.40:076][221]LogModuleManager: Shutting down and abandoning module MergeActors (496)
[2018.11.30-16.17.40:076][221]LogModuleManager: Shutting down and abandoning module LocalizationDashboard (494)
[2018.11.30-16.17.40:076][221]LogModuleManager: Shutting down and abandoning module LocalizationService (493)
[2018.11.30-16.17.40:076][221]LogModuleManager: Shutting down and abandoning module HardwareTargeting (490)
[2018.11.30-16.17.40:076][221]LogModuleManager: Shutting down and abandoning module DeviceProfileEditor (488)
[2018.11.30-16.17.40:076][221]LogModuleManager: Shutting down and abandoning module UndoHistory (486)
[2018.11.30-16.17.40:076][221]LogModuleManager: Shutting down and abandoning module XmlParser (484)
[2018.11.30-16.17.40:076][221]LogModuleManager: Shutting down and abandoning module Blutility (482)
[2018.11.30-16.17.40:076][221]LogModuleManager: Shutting down and abandoning module ProjectSettingsViewer (480)
[2018.11.30-16.17.40:077][221]LogModuleManager: Shutting down and abandoning module ProjectTargetPlatformEditor (479)
[2018.11.30-16.17.40:077][221]LogModuleManager: Shutting down and abandoning module EditorSettingsViewer (476)
[2018.11.30-16.17.40:077][221]LogModuleManager: Shutting down and abandoning module SettingsEditor (474)
[2018.11.30-16.17.40:077][221]LogModuleManager: Shutting down and abandoning module ProjectLauncher (472)
[2018.11.30-16.17.40:077][221]LogModuleManager: Shutting down and abandoning module SessionFrontend (470)
[2018.11.30-16.17.40:077][221]LogModuleManager: Shutting down and abandoning module ProfilerClient (468)
[2018.11.30-16.17.40:077][221]LogModuleManager: Shutting down and abandoning module DeviceManager (466)
[2018.11.30-16.17.40:077][221]LogModuleManager: Shutting down and abandoning module TargetDeviceServices (465)
[2018.11.30-16.17.40:142][221]LogModuleManager: Shutting down and abandoning module AutomationController (462)
[2018.11.30-16.17.40:142][221]LogModuleManager: Shutting down and abandoning module AutomationWindow (460)
[2018.11.30-16.17.40:142][221]LogModuleManager: Shutting down and abandoning module Layers (458)
[2018.11.30-16.17.40:142][221]LogModuleManager: Shutting down and abandoning module ComponentVisualizers (456)
[2018.11.30-16.17.40:142][221]LogModuleManager: Shutting down and abandoning module DetailCustomizations (454)
[2018.11.30-16.17.40:142][221]LogModuleManager: Shutting down and abandoning module PackagesDialog (452)
[2018.11.30-16.17.40:143][221]LogModuleManager: Shutting down and abandoning module Persona (450)
[2018.11.30-16.17.40:143][221]LogModuleManager: Shutting down and abandoning module AdvancedPreviewScene (449)
[2018.11.30-16.17.40:143][221]LogModuleManager: Shutting down and abandoning module AnimGraph (447)
[2018.11.30-16.17.40:143][221]LogModuleManager: Shutting down and abandoning module Kismet (444)
[2018.11.30-16.17.40:144][221]LogModuleManager: Shutting down and abandoning module GraphEditor (442)
[2018.11.30-16.17.40:145][221]LogModuleManager: Shutting down and abandoning module ClassViewer (440)
[2018.11.30-16.17.40:145][221]LogModuleManager: Shutting down and abandoning module Toolbox (438)
[2018.11.30-16.17.40:145][221]LogModuleManager: Shutting down and abandoning module ModuleUI (436)
[2018.11.30-16.17.40:145][221]LogModuleManager: Shutting down and abandoning module MovieSceneTools (434)
[2018.11.30-16.17.40:145][221]LogModuleManager: Shutting down and abandoning module OutputLog (432)
[2018.11.30-16.17.40:145][221]LogModuleManager: Shutting down and abandoning module GammaUI (430)
[2018.11.30-16.17.40:146][221]LogModuleManager: Shutting down and abandoning module Documentation (428)
[2018.11.30-16.17.40:146][221]LogModuleManager: Shutting down and abandoning module MovieSceneTracks (426)
[2018.11.30-16.17.40:146][221]LogModuleManager: Shutting down and abandoning module MovieScene (424)
[2018.11.30-16.17.40:146][221]LogModuleManager: Shutting down and abandoning module StreamingPauseRendering (422)
[2018.11.30-16.17.40:146][221]LogModuleManager: Shutting down and abandoning module LauncherPlatform (420)
[2018.11.30-16.17.40:146][221]LogModuleManager: Shutting down and abandoning module AnalyticsET (418)
[2018.11.30-16.17.40:146][221]LogModuleManager: Shutting down and abandoning module PortalServices (416)
[2018.11.30-16.17.40:146][221]LogModuleManager: Shutting down and abandoning module PortalRpc (414)
[2018.11.30-16.17.40:146][221]LogModuleManager: Shutting down and abandoning module MessagingRpc (412)
[2018.11.30-16.17.40:146][221]LogModuleManager: Shutting down and abandoning module AIModule (410)
[2018.11.30-16.17.40:146][221]LogModuleManager: Shutting down and abandoning module GameplayDebugger (409)
[2018.11.30-16.17.40:146][221]LogModuleManager: Shutting down and abandoning module AITestSuite (407)
[2018.11.30-16.17.40:146][221]LogModuleManager: Shutting down and abandoning module NavigationSystem (405)
[2018.11.30-16.17.40:147][221]LogModuleManager: Shutting down and abandoning module DesktopPlatform (402)
[2018.11.30-16.17.40:147][221]LogModuleManager: Shutting down and abandoning module ProfilerService (400)
[2018.11.30-16.17.40:385][221]LogModuleManager: Shutting down and abandoning module TaskGraph (398)
[2018.11.30-16.17.40:385][221]LogModuleManager: Shutting down and abandoning module SteamVRController (396)
[2018.11.30-16.17.40:385][221]LogModuleManager: Shutting down and abandoning module ProceduralMeshComponentEditor (394)
[2018.11.30-16.17.40:385][221]LogModuleManager: Shutting down and abandoning module ProceduralMeshComponent (392)
[2018.11.30-16.17.40:385][221]LogModuleManager: Shutting down and abandoning module OculusInput (390)
[2018.11.30-16.17.40:386][221]LogModuleManager: Shutting down and abandoning module MobilePatchingUtils (388)
[2018.11.30-16.17.40:386][221]LogModuleManager: Shutting down and abandoning module EditableMesh (386)
[2018.11.30-16.17.40:386][221]LogModuleManager: Shutting down and abandoning module CustomMeshComponent (384)
[2018.11.30-16.17.40:386][221]LogModuleManager: Shutting down and abandoning module CableComponent (382)
[2018.11.30-16.17.40:386][221]LogModuleManager: Shutting down and abandoning module AudioCapture (380)
[2018.11.30-16.17.40:386][221]LogModuleManager: Shutting down and abandoning module ArchVisCharacter (378)
[2018.11.30-16.17.40:386][221]LogModuleManager: Shutting down and abandoning module AndroidPermission (376)
[2018.11.30-16.17.40:386][221]LogModuleManager: Shutting down and abandoning module NUTUnrealEngine4 (374)
[2018.11.30-16.17.40:386][221]LogModuleManager: Shutting down and abandoning module NetcodeUnitTest (372)
[2018.11.30-16.17.40:386][221]LogModuleManager: Shutting down and abandoning module MediaCompositingEditor (370)
[2018.11.30-16.17.40:386][221]LogModuleManager: Shutting down and abandoning module MediaCompositing (368)
[2018.11.30-16.17.40:386][221]LogModuleManager: Shutting down and abandoning module LinearTimecode (366)
[2018.11.30-16.17.40:386][221]LogModuleManager: Shutting down and abandoning module ImgMedia (364)
[2018.11.30-16.17.40:396][221]LogModuleManager: Shutting down and abandoning module HTML5Networking (362)
[2018.11.30-16.17.40:396][221]LogModuleManager: Shutting down and abandoning module GeometryCacheTracks (360)
[2018.11.30-16.17.40:396][221]LogModuleManager: Shutting down and abandoning module GeometryCacheSequencer (358)
[2018.11.30-16.17.40:396][221]LogModuleManager: Shutting down and abandoning module BackChannel (356)
[2018.11.30-16.17.40:396][221]LogModuleManager: Shutting down and abandoning module AppleVision (354)
[2018.11.30-16.17.40:396][221]LogModuleManager: Shutting down and abandoning module AppleImageUtils (352)
[2018.11.30-16.17.40:396][221]LogModuleManager: Shutting down and abandoning module AlembicImporter (350)
[2018.11.30-16.17.40:396][221]LogModuleManager: Shutting down and abandoning module AlembicLibrary (349)
[2018.11.30-16.17.40:397][221]LogModuleManager: Shutting down and abandoning module GeometryCache (348)
[2018.11.30-16.17.40:397][221]LogModuleManager: Shutting down and abandoning module GeometryCacheEd (347)
[2018.11.30-16.17.40:397][221]LogModuleManager: Shutting down and abandoning module DatasmithContentEditor (342)
[2018.11.30-16.17.40:397][221]LogModuleManager: Shutting down and abandoning module DatasmithContent (340)
[2018.11.30-16.17.40:397][221]LogModuleManager: Shutting down and abandoning module SpeedTreeImporter (338)
[2018.11.30-16.17.40:398][221]LogModuleManager: Shutting down and abandoning module PluginBrowser (336)
[2018.11.30-16.17.40:398][221]LogModuleManager: Shutting down and abandoning module MobileLauncherProfileWizard (334)
[2018.11.30-16.17.40:398][221]LogModuleManager: Shutting down and abandoning module PolygonModeling (332)
[2018.11.30-16.17.40:398][221]LogModuleManager: Shutting down and abandoning module MeshEditor (330)
[2018.11.30-16.17.40:398][221]LogModuleManager: Shutting down and abandoning module CryptoKeysOpenSSL (328)
[2018.11.30-16.17.40:398][221]LogModuleManager: Shutting down and abandoning module CryptoKeys (326)
[2018.11.30-16.17.40:398][221]LogModuleManager: Shutting down and abandoning module VisualStudioSourceCodeAccess (324)
[2018.11.30-16.17.40:398][221]LogModuleManager: Shutting down and abandoning module VisualStudioCodeSourceCodeAccess (322)
[2018.11.30-16.17.40:398][221]LogModuleManager: Shutting down and abandoning module UObjectPlugin (320)
[2018.11.30-16.17.40:399][221]LogModuleManager: Shutting down and abandoning module SubversionSourceControl (318)
[2018.11.30-16.17.40:399][221]LogModuleManager: Shutting down and abandoning module PerforceSourceControl (316)
[2018.11.30-16.17.40:399][221]LogModuleManager: Shutting down and abandoning module GitSourceControl (314)
[2018.11.30-16.17.40:399][221]LogModuleManager: Shutting down and abandoning module SourceControl (313)
[2018.11.30-16.17.40:399][221]LogModuleManager: Shutting down and abandoning module CLionSourceCodeAccess (310)
[2018.11.30-16.17.40:399][221]LogModuleManager: Shutting down and abandoning module LightPropagationVolumeEditor (308)
[2018.11.30-16.17.40:399][221]LogModuleManager: Shutting down and abandoning module PaperTiledImporter (306)
[2018.11.30-16.17.40:399][221]LogModuleManager: Shutting down and abandoning module PaperSpriteSheetImporter (304)
[2018.11.30-16.17.40:399][221]LogModuleManager: Shutting down and abandoning module Paper2DEditor (302)
[2018.11.30-16.17.40:399][221]LogModuleManager: Shutting down and abandoning module MeshPaint (301)
[2018.11.30-16.17.40:400][221]LogModuleManager: Shutting down and abandoning module RuntimePhysXCooking (298)
[2018.11.30-16.17.40:400][221]LogModuleManager: Shutting down and abandoning module PhysXVehiclesEditor (296)
[2018.11.30-16.17.40:400][221]LogModuleManager: Shutting down and abandoning module PhysXVehicles (294)
[2018.11.30-16.17.40:400][221]LogModuleManager: Shutting down and abandoning module OculusEditor (292)
[2018.11.30-16.17.40:400][221]LogModuleManager: Shutting down and abandoning module LocationServicesBPLibrary (290)
[2018.11.30-16.17.40:400][221]LogModuleManager: Shutting down and abandoning module ImmediatePhysicsEditor (288)
[2018.11.30-16.17.40:400][221]LogModuleManager: Shutting down and abandoning module ImmediatePhysics (286)
[2018.11.30-16.17.40:400][221]LogModuleManager: Shutting down and abandoning module ActorSequence (284)
[2018.11.30-16.17.40:400][221]LogModuleManager: Shutting down and abandoning module UdpMessaging (282)
[2018.11.30-16.17.40:502][221]LogModuleManager: Shutting down and abandoning module TcpMessaging (280)
[2018.11.30-16.17.40:603][221]LogModuleManager: Shutting down and abandoning module MagicLeapAudio (278)
[2018.11.30-16.17.40:603][221]LogModuleManager: Shutting down and abandoning module GameplayTagsEditor (276)
[2018.11.30-16.17.40:603][221]LogModuleManager: Shutting down and abandoning module FacialAnimationEditor (274)
[2018.11.30-16.17.40:603][221]LogModuleManager: Shutting down and abandoning module FacialAnimation (272)
[2018.11.30-16.17.40:603][221]LogModuleManager: Shutting down and abandoning module DataValidation (270)
[2018.11.30-16.17.40:603][221]LogModuleManager: Shutting down and abandoning module AssetManagerEditor (268)
[2018.11.30-16.17.40:603][221]LogModuleManager: Shutting down and abandoning module LevelEditor (267)
[2018.11.30-16.17.40:605][221]LogModuleManager: Shutting down and abandoning module PixelInspectorModule (266)
[2018.11.30-16.17.40:606][221]LogModuleManager: Shutting down and abandoning module CommonMenuExtensions (264)
[2018.11.30-16.17.40:606][221]LogModuleManager: Shutting down and abandoning module MainFrame (262)
[2018.11.30-16.17.40:606][221]LogModuleManager: Shutting down and abandoning module HotReload (261)
[2018.11.30-16.17.40:607][221]LogModuleManager: Shutting down and abandoning module ContentBrowser (257)
[2018.11.30-16.17.40:609][221]LogModuleManager: Shutting down and abandoning module TreeMap (255)
[2018.11.30-16.17.40:609][221]LogModuleManager: Shutting down and abandoning module LightPropagationVolumeRuntime (252)
[2018.11.30-16.17.40:609][221]LogModuleManager: Shutting down and abandoning module AISupportModule (250)
[2018.11.30-16.17.40:609][221]LogModuleManager: Shutting down and abandoning module Paper2D (248)
[2018.11.30-16.17.40:609][221]LogModuleManager: Shutting down and abandoning module WindowsMoviePlayer (246)
[2018.11.30-16.17.40:609][221]LogModuleManager: Shutting down and abandoning module WmfMedia (244)
[2018.11.30-16.17.40:611][221]LogModuleManager: Shutting down and abandoning module Media (243)
[2018.11.30-16.17.40:618][221]LogModuleManager: Shutting down and abandoning module PacketHandler (240)
[2018.11.30-16.17.40:618][221]LogModuleManager: Shutting down and abandoning module ClothingSystemEditor (238)
[2018.11.30-16.17.40:618][221]LogModuleManager: Shutting down and abandoning module ClothingSystemRuntime (236)
[2018.11.30-16.17.40:618][221]LogModuleManager: Shutting down and abandoning module MediaAssets (234)
[2018.11.30-16.17.40:618][221]LogModuleManager: Shutting down and abandoning module Overlay (232)
[2018.11.30-16.17.40:618][221]LogModuleManager: Shutting down and abandoning module OverlayEditor (231)
[2018.11.30-16.17.40:618][221]LogModuleManager: Shutting down and abandoning module VREditor (228)
[2018.11.30-16.17.40:618][221]LogModuleManager: Shutting down and abandoning module StringTableEditor (226)
[2018.11.30-16.17.40:618][221]LogModuleManager: Shutting down and abandoning module GameplayTasksEditor (224)
[2018.11.30-16.17.40:618][221]LogModuleManager: Shutting down and abandoning module BehaviorTreeEditor (222)
[2018.11.30-16.17.40:618][221]LogModuleManager: Shutting down and abandoning module FunctionalTesting (220)
[2018.11.30-16.17.40:618][221]LogModuleManager: Shutting down and abandoning module CollisionAnalyzer (218)
[2018.11.30-16.17.40:618][221]LogModuleManager: Shutting down and abandoning module WorkspaceMenuStructure (217)
[2018.11.30-16.17.40:618][221]LogModuleManager: Shutting down and abandoning module UMG (214)
[2018.11.30-16.17.40:618][221]LogModuleManager: Shutting down and abandoning module UMGEditor (213)
[2018.11.30-16.17.40:618][221]LogModuleManager: Shutting down and abandoning module Sequencer (212)
[2018.11.30-16.17.40:618][221]LogModuleManager: Shutting down and abandoning module MessageLog (209)
[2018.11.30-16.17.40:618][221]LogModuleManager: Shutting down and abandoning module SlateReflector (204)
[2018.11.30-16.17.40:618][221]LogModuleManager: Shutting down and abandoning module Slate (202)
[2018.11.30-16.17.40:618][221]LogModuleManager: Shutting down and abandoning module EditorStyle (200)
[2018.11.30-16.17.40:620][221]LogModuleManager: Shutting down and abandoning module MRMesh (198)
[2018.11.30-16.17.40:620][221]LogModuleManager: Shutting down and abandoning module SourceCodeAccess (196)
[2018.11.30-16.17.40:620][221]LogModuleManager: Shutting down and abandoning module HeadMountedDisplay (194)
[2018.11.30-16.17.40:620][221]LogModuleManager: Shutting down and abandoning module XAudio2 (192)
[2018.11.30-16.17.40:620][221]LogModuleManager: Shutting down and abandoning module Networking (190)
[2018.11.30-16.17.40:620][221]LogModuleManager: Shutting down and abandoning module Core (188)
[2018.11.30-16.17.40:620][221]LogModuleManager: Shutting down and abandoning module LevelSequence (186)
[2018.11.30-16.17.40:620][221]LogModuleManager: Shutting down and abandoning module KismetCompiler (184)
[2018.11.30-16.17.40:620][221]LogModuleManager: Shutting down and abandoning module MeshUtilities (182)
[2018.11.30-16.17.40:620][221]LogModuleManager: Shutting down and abandoning module MeshMergeUtilities (181)
[2018.11.30-16.17.40:620][221]LogModuleManager: Shutting down and abandoning module MeshReductionInterface (180)
[2018.11.30-16.17.40:620][221]LogModuleManager: Shutting down and abandoning module SimplygonSwarm (179)
[2018.11.30-16.17.40:620][221]LogModuleManager: Shutting down and abandoning module ProxyLODMeshReduction (177)
[2018.11.30-16.17.40:620][221]LogModuleManager: Shutting down and abandoning module SimplygonMeshReduction (175)
[2018.11.30-16.17.40:620][221]LogModuleManager: Shutting down and abandoning module QuadricMeshReduction (173)
[2018.11.30-16.17.40:620][221]LogModuleManager: Shutting down and abandoning module MaterialBaking (169)
[2018.11.30-16.17.40:620][221]LogModuleManager: Shutting down and abandoning module DirectoryWatcher (165)
[2018.11.30-16.17.40:620][221]LogModuleManager: Shutting down and abandoning module DerivedDataCache (162)
[2018.11.30-16.17.40:621][221]LogDerivedDataCache: Shutdown
[2018.11.30-16.17.40:621][221]LogModuleManager: Shutting down and abandoning module XGEController (160)
[2018.11.30-16.17.40:621][221]LogModuleManager: Shutting down and abandoning module TargetPlatform (158)
[2018.11.30-16.17.40:621][221]LogModuleManager: Shutting down and abandoning module VulkanShaderFormat (157)
[2018.11.30-16.17.40:621][221]LogModuleManager: Shutting down and abandoning module ShaderFormatVectorVM (155)
[2018.11.30-16.17.40:621][221]LogModuleManager: Shutting down and abandoning module ShaderFormatOpenGL (153)
[2018.11.30-16.17.40:621][221]LogModuleManager: Shutting down and abandoning module ShaderFormatD3D (151)
[2018.11.30-16.17.40:621][221]LogModuleManager: Shutting down and abandoning module MetalShaderFormat (149)
[2018.11.30-16.17.40:621][221]LogModuleManager: Shutting down and abandoning module TextureFormatUncompressed (147)
[2018.11.30-16.17.40:622][221]LogModuleManager: Shutting down and abandoning module TextureFormatPVR (145)
[2018.11.30-16.17.40:622][221]LogModuleManager: Shutting down and abandoning module TextureFormatDXT (143)
[2018.11.30-16.17.40:622][221]LogModuleManager: Shutting down and abandoning module TextureFormatIntelISPCTexComp (141)
[2018.11.30-16.17.40:622][221]LogModuleManager: Shutting down and abandoning module TextureFormatASTC (139)
[2018.11.30-16.17.40:622][221]LogModuleManager: Shutting down and abandoning module ImageWrapper (138)
[2018.11.30-16.17.40:622][221]LogModuleManager: Shutting down and abandoning module TextureFormatAndroid (135)
[2018.11.30-16.17.40:622][221]LogModuleManager: Shutting down and abandoning module AudioFormatOpus (133)
[2018.11.30-16.17.40:622][221]LogModuleManager: Shutting down and abandoning module AudioFormatOgg (131)
[2018.11.30-16.17.40:622][221]LogModuleManager: Shutting down and abandoning module AudioFormatADPCM (129)
[2018.11.30-16.17.40:622][221]LogModuleManager: Shutting down and abandoning module LuminTargetPlatform (127)
[2018.11.30-16.17.40:622][221]LogModuleManager: Shutting down and abandoning module LinuxTargetPlatform (125)
[2018.11.30-16.17.40:622][221]LogModuleManager: Shutting down and abandoning module LinuxServerTargetPlatform (123)
[2018.11.30-16.17.40:622][221]LogModuleManager: Shutting down and abandoning module LinuxNoEditorTargetPlatform (121)
[2018.11.30-16.17.40:622][221]LogModuleManager: Shutting down and abandoning module LinuxClientTargetPlatform (119)
[2018.11.30-16.17.40:622][221]LogModuleManager: Shutting down and abandoning module TVOSTargetPlatform (117)
[2018.11.30-16.17.40:623][221]LogModuleManager: Shutting down and abandoning module Messaging (115)
[2018.11.30-16.17.40:623][221]LogModuleManager: Shutting down and abandoning module IOSTargetPlatform (113)
[2018.11.30-16.17.40:624][221]LogModuleManager: Shutting down and abandoning module HTML5TargetPlatform (111)
[2018.11.30-16.17.40:624][221]LogModuleManager: Shutting down and abandoning module AndroidTargetPlatform (109)
[2018.11.30-16.17.40:630][221]LogModuleManager: Shutting down and abandoning module WindowsTargetPlatform (107)
[2018.11.30-16.17.40:630][221]LogModuleManager: Shutting down and abandoning module WindowsServerTargetPlatform (105)
[2018.11.30-16.17.40:630][221]LogModuleManager: Shutting down and abandoning module WindowsNoEditorTargetPlatform (103)
[2018.11.30-16.17.40:630][221]LogModuleManager: Shutting down and abandoning module WindowsClientTargetPlatform (101)
[2018.11.30-16.17.40:630][221]LogModuleManager: Shutting down and abandoning module MacTargetPlatform (99)
[2018.11.30-16.17.40:630][221]LogModuleManager: Shutting down and abandoning module MacServerTargetPlatform (97)
[2018.11.30-16.17.40:630][221]LogModuleManager: Shutting down and abandoning module MacNoEditorTargetPlatform (95)
[2018.11.30-16.17.40:630][221]LogModuleManager: Shutting down and abandoning module MacClientTargetPlatform (93)
[2018.11.30-16.17.40:630][221]LogModuleManager: Shutting down and abandoning module AllDesktopTargetPlatform (91)
[2018.11.30-16.17.40:630][221]LogModuleManager: Shutting down and abandoning module InputCore (88)
[2018.11.30-16.17.40:630][221]LogModuleManager: Shutting down and abandoning module Settings (86)
[2018.11.30-16.17.40:631][221]LogModuleManager: Shutting down and abandoning module PhysXCooking (84)
[2018.11.30-16.17.40:631][221]LogModuleManager: Shutting down and abandoning module SteamVR (82)
[2018.11.30-16.17.40:631][221]LogModuleManager: Shutting down and abandoning module OculusHMD (80)
[2018.11.30-16.17.40:631][221]LogModuleManager: Shutting down and abandoning module ExampleDeviceProfileSelector (78)
[2018.11.30-16.17.40:631][221]LogModuleManager: Shutting down and abandoning module LauncherChunkInstaller (76)
[2018.11.30-16.17.40:631][221]LogModuleManager: Shutting down and abandoning module OnlineBlueprintSupport (74)
[2018.11.30-16.17.40:631][221]LogModuleManager: Shutting down and abandoning module OnlineSubsystem (70)
[2018.11.30-16.17.40:632][221]LogModuleManager: Shutting down and abandoning module XMPP (65)
[2018.11.30-16.17.40:632][221]LogModuleManager: Shutting down and abandoning module WebSockets (64)
[2018.11.30-16.17.40:649][221]LogModuleManager: Shutting down and abandoning module HTTP (61)
[2018.11.30-16.17.40:649][221]LogHttp: Display: Http module shutting down, but needs to wait on 1 outstanding Http requests:
[2018.11.30-16.17.40:649][221]LogHttp: Display: 	verb=[POST] url=[https://datarouter.ol.epicgames.com/datarouter/api/v1/public/data?SessionID=%7B571157E3-49A7-6D4D-80F1-90A4A1FE784A%7D&AppID=UEEditor.Rocket.Release&AppVersion=4.20.3-4369336%2B%2B%2BUE4%2BRelease-4.20&UserID=b2f4dd8f4879d2dbea628281b6581bc6%7C809890dac6e848749e9fdac421dffad5%7C7500437f-b097-4694-9345-09390c6cce15&AppEnvironment=datacollector-binary&UploadType=eteventstream] status=Processing
[2018.11.30-16.17.40:654][221]LogModuleManager: Shutting down and abandoning module SSL (60)
[2018.11.30-16.17.40:655][221]LogModuleManager: Shutting down and abandoning module MagicLeapEmulator (56)
[2018.11.30-16.17.40:655][221]LogModuleManager: Shutting down and abandoning module MagicLeapPrivileges (54)
[2018.11.30-16.17.40:655][221]LogModuleManager: Shutting down and abandoning module MagicLeapIdentity (52)
[2018.11.30-16.17.40:655][221]LogModuleManager: Shutting down and abandoning module MagicLeapHelperVulkan (50)
[2018.11.30-16.17.40:655][221]LogModuleManager: Shutting down and abandoning module MagicLeapHelperOpenGL (48)
[2018.11.30-16.17.40:655][221]LogModuleManager: Shutting down and abandoning module MagicLeapSecureStorage (46)
[2018.11.30-16.17.40:655][221]LogModuleManager: Shutting down and abandoning module MagicLeapGestures (44)
[2018.11.30-16.17.40:655][221]LogModuleManager: Shutting down and abandoning module MagicLeapEyeTracker (42)
[2018.11.30-16.17.40:656][221]LogModuleManager: Shutting down and abandoning module MagicLeapController (40)
[2018.11.30-16.17.40:656][221]LogSlate: Slate User Destroyed.  User Index 0, Is Virtual User: 0
[2018.11.30-16.17.40:656][221]LogModuleManager: Shutting down and abandoning module MagicLeap (38)
[2018.11.30-16.17.40:656][221]LogModuleManager: Shutting down and abandoning module AnimationModifiers (36)
[2018.11.30-16.17.40:656][221]LogModuleManager: Shutting down and abandoning module PropertyEditor (35)
[2018.11.30-16.17.40:656][221]LogModuleManager: Shutting down and abandoning module AudioEditor (32)
[2018.11.30-16.17.40:656][221]LogModuleManager: Shutting down and abandoning module TextureCompressor (30)
[2018.11.30-16.17.40:656][221]LogModuleManager: Shutting down and abandoning module ShaderCore (28)
[2018.11.30-16.17.40:656][221]LogModuleManager: Shutting down and abandoning module Landscape (26)
[2018.11.30-16.17.40:656][221]LogModuleManager: Shutting down and abandoning module SlateRHIRenderer (24)
[2018.11.30-16.17.40:656][221]LogModuleManager: Shutting down and abandoning module OpenGLDrv (22)
[2018.11.30-16.17.40:656][221]LogModuleManager: Shutting down and abandoning module D3D11RHI (20)
[2018.11.30-16.17.40:656][221]LogModuleManager: Shutting down and abandoning module AnimGraphRuntime (18)
[2018.11.30-16.17.40:656][221]LogModuleManager: Shutting down and abandoning module Renderer (16)
[2018.11.30-16.17.40:656][221]LogModuleManager: Shutting down and abandoning module Engine (14)
[2018.11.30-16.17.40:656][221]LogModuleManager: Shutting down and abandoning module CoreUObject (12)
[2018.11.30-16.17.40:656][221]LogModuleManager: Shutting down and abandoning module NetworkFile (10)
[2018.11.30-16.17.40:656][221]LogModuleManager: Shutting down and abandoning module CookedIterativeFile (8)
[2018.11.30-16.17.40:656][221]LogModuleManager: Shutting down and abandoning module StreamingFile (6)
[2018.11.30-16.17.40:656][221]LogModuleManager: Shutting down and abandoning module SandboxFile (4)
[2018.11.30-16.17.40:656][221]LogModuleManager: Shutting down and abandoning module PakFile (2)
[2018.11.30-16.17.40:663][221]LogExit: Exiting.
[2018.11.30-16.17.40:674][221]Log file closed, 11/30/18 18:17:40
